INFO - 2023-06-27 00:01:28 --> Session: Class initialized using 'CodeIgniter\Session\Handlers\FileHandler' driver.
INFO - 2023-06-27 00:02:25 --> Session: Class initialized using 'CodeIgniter\Session\Handlers\FileHandler' driver.
INFO - 2023-06-27 00:08:13 --> Session: Class initialized using 'CodeIgniter\Session\Handlers\FileHandler' driver.
INFO - 2023-06-27 00:08:23 --> Session: Class initialized using 'CodeIgniter\Session\Handlers\FileHandler' driver.
INFO - 2023-06-27 00:08:49 --> Session: Class initialized using 'CodeIgniter\Session\Handlers\FileHandler' driver.
INFO - 2023-06-27 00:09:34 --> Session: Class initialized using 'CodeIgniter\Session\Handlers\FileHandler' driver.
INFO - 2023-06-27 00:10:13 --> Session: Class initialized using 'CodeIgniter\Session\Handlers\FileHandler' driver.
INFO - 2023-06-27 00:10:30 --> Session: Class initialized using 'CodeIgniter\Session\Handlers\FileHandler' driver.
INFO - 2023-06-27 00:11:16 --> Session: Class initialized using 'CodeIgniter\Session\Handlers\FileHandler' driver.
INFO - 2023-06-27 00:12:20 --> Session: Class initialized using 'CodeIgniter\Session\Handlers\FileHandler' driver.
INFO - 2023-06-27 00:12:31 --> Session: Class initialized using 'CodeIgniter\Session\Handlers\FileHandler' driver.
INFO - 2023-06-27 00:13:47 --> Session: Class initialized using 'CodeIgniter\Session\Handlers\FileHandler' driver.
INFO - 2023-06-27 00:13:53 --> Session: Class initialized using 'CodeIgniter\Session\Handlers\FileHandler' driver.
INFO - 2023-06-27 00:13:53 --> Cart Class Initialized
INFO - 2023-06-27 00:16:00 --> Session: Class initialized using 'CodeIgniter\Session\Handlers\FileHandler' driver.
INFO - 2023-06-27 00:16:00 --> Cart Class Initialized
INFO - 2023-06-27 00:16:02 --> Session: Class initialized using 'CodeIgniter\Session\Handlers\FileHandler' driver.
INFO - 2023-06-27 00:16:02 --> Cart Class Initialized
INFO - 2023-06-27 00:16:07 --> Session: Class initialized using 'CodeIgniter\Session\Handlers\FileHandler' driver.
INFO - 2023-06-27 00:16:07 --> Cart Class Initialized
INFO - 2023-06-27 00:21:01 --> Session: Class initialized using 'CodeIgniter\Session\Handlers\FileHandler' driver.
INFO - 2023-06-27 00:21:01 --> Cart Class Initialized
INFO - 2023-06-27 00:21:34 --> Session: Class initialized using 'CodeIgniter\Session\Handlers\FileHandler' driver.
INFO - 2023-06-27 00:21:34 --> Cart Class Initialized
INFO - 2023-06-27 00:21:43 --> Session: Class initialized using 'CodeIgniter\Session\Handlers\FileHandler' driver.
CRITICAL - 2023-06-27 00:21:45 --> "authAdmin" filter must have a matching alias defined.
in SYSTEMPATH\Filters\Filters.php on line 340.
 1 SYSTEMPATH\Filters\Filters.php(340): CodeIgniter\Filters\Exceptions\FilterException::forNoAlias('authAdmin')
 2 SYSTEMPATH\CodeIgniter.php(466): CodeIgniter\Filters\Filters->enableFilter('authAdmin', 'before')
 3 SYSTEMPATH\CodeIgniter.php(368): CodeIgniter\CodeIgniter->handleRequest(null, Object(Config\Cache), false)
 4 FCPATH\index.php(67): CodeIgniter\CodeIgniter->run()
CRITICAL - 2023-06-27 00:27:31 --> "authAdmin" filter must have a matching alias defined.
in SYSTEMPATH\Filters\Filters.php on line 340.
 1 SYSTEMPATH\Filters\Filters.php(340): CodeIgniter\Filters\Exceptions\FilterException::forNoAlias('authAdmin')
 2 SYSTEMPATH\CodeIgniter.php(466): CodeIgniter\Filters\Filters->enableFilter('authAdmin', 'before')
 3 SYSTEMPATH\CodeIgniter.php(368): CodeIgniter\CodeIgniter->handleRequest(null, Object(Config\Cache), false)
 4 FCPATH\index.php(67): CodeIgniter\CodeIgniter->run()
INFO - 2023-06-27 00:27:40 --> Session: Class initialized using 'CodeIgniter\Session\Handlers\FileHandler' driver.
CRITICAL - 2023-06-27 00:27:44 --> "authAdmin" filter must have a matching alias defined.
in SYSTEMPATH\Filters\Filters.php on line 340.
 1 SYSTEMPATH\Filters\Filters.php(340): CodeIgniter\Filters\Exceptions\FilterException::forNoAlias('authAdmin')
 2 SYSTEMPATH\CodeIgniter.php(466): CodeIgniter\Filters\Filters->enableFilter('authAdmin', 'before')
 3 SYSTEMPATH\CodeIgniter.php(368): CodeIgniter\CodeIgniter->handleRequest(null, Object(Config\Cache), false)
 4 FCPATH\index.php(67): CodeIgniter\CodeIgniter->run()
CRITICAL - 2023-06-27 00:29:19 --> "authAdmin" filter must have a matching alias defined.
in SYSTEMPATH\Filters\Filters.php on line 340.
 1 SYSTEMPATH\Filters\Filters.php(340): CodeIgniter\Filters\Exceptions\FilterException::forNoAlias('authAdmin')
 2 SYSTEMPATH\CodeIgniter.php(466): CodeIgniter\Filters\Filters->enableFilter('authAdmin', 'before')
 3 SYSTEMPATH\CodeIgniter.php(368): CodeIgniter\CodeIgniter->handleRequest(null, Object(Config\Cache), false)
 4 FCPATH\index.php(67): CodeIgniter\CodeIgniter->run()
CRITICAL - 2023-06-27 00:30:19 --> "authAdmin" filter must have a matching alias defined.
in SYSTEMPATH\Filters\Filters.php on line 340.
 1 SYSTEMPATH\Filters\Filters.php(340): CodeIgniter\Filters\Exceptions\FilterException::forNoAlias('authAdmin')
 2 SYSTEMPATH\CodeIgniter.php(466): CodeIgniter\Filters\Filters->enableFilter('authAdmin', 'before')
 3 SYSTEMPATH\CodeIgniter.php(368): CodeIgniter\CodeIgniter->handleRequest(null, Object(Config\Cache), false)
 4 FCPATH\index.php(67): CodeIgniter\CodeIgniter->run()
CRITICAL - 2023-06-27 00:32:10 --> "authAdmin" filter must have a matching alias defined.
in SYSTEMPATH\Filters\Filters.php on line 340.
 1 SYSTEMPATH\Filters\Filters.php(340): CodeIgniter\Filters\Exceptions\FilterException::forNoAlias('authAdmin')
 2 SYSTEMPATH\CodeIgniter.php(466): CodeIgniter\Filters\Filters->enableFilter('authAdmin', 'before')
 3 SYSTEMPATH\CodeIgniter.php(368): CodeIgniter\CodeIgniter->handleRequest(null, Object(Config\Cache), false)
 4 FCPATH\index.php(67): CodeIgniter\CodeIgniter->run()
CRITICAL - 2023-06-27 00:32:12 --> "authAdmin" filter must have a matching alias defined.
in SYSTEMPATH\Filters\Filters.php on line 340.
 1 SYSTEMPATH\Filters\Filters.php(340): CodeIgniter\Filters\Exceptions\FilterException::forNoAlias('authAdmin')
 2 SYSTEMPATH\CodeIgniter.php(466): CodeIgniter\Filters\Filters->enableFilter('authAdmin', 'before')
 3 SYSTEMPATH\CodeIgniter.php(368): CodeIgniter\CodeIgniter->handleRequest(null, Object(Config\Cache), false)
 4 FCPATH\index.php(67): CodeIgniter\CodeIgniter->run()
CRITICAL - 2023-06-27 00:32:16 --> "authAdmin" filter must have a matching alias defined.
in SYSTEMPATH\Filters\Filters.php on line 340.
 1 SYSTEMPATH\Filters\Filters.php(340): CodeIgniter\Filters\Exceptions\FilterException::forNoAlias('authAdmin')
 2 SYSTEMPATH\CodeIgniter.php(466): CodeIgniter\Filters\Filters->enableFilter('authAdmin', 'before')
 3 SYSTEMPATH\CodeIgniter.php(368): CodeIgniter\CodeIgniter->handleRequest(null, Object(Config\Cache), false)
 4 FCPATH\index.php(67): CodeIgniter\CodeIgniter->run()
CRITICAL - 2023-06-27 00:33:43 --> "authAdmin" filter must have a matching alias defined.
in SYSTEMPATH\Filters\Filters.php on line 340.
 1 SYSTEMPATH\Filters\Filters.php(340): CodeIgniter\Filters\Exceptions\FilterException::forNoAlias('authAdmin')
 2 SYSTEMPATH\CodeIgniter.php(466): CodeIgniter\Filters\Filters->enableFilter('authAdmin', 'before')
 3 SYSTEMPATH\CodeIgniter.php(368): CodeIgniter\CodeIgniter->handleRequest(null, Object(Config\Cache), false)
 4 FCPATH\index.php(67): CodeIgniter\CodeIgniter->run()
CRITICAL - 2023-06-27 00:33:45 --> "authAdmin" filter must have a matching alias defined.
in SYSTEMPATH\Filters\Filters.php on line 340.
 1 SYSTEMPATH\Filters\Filters.php(340): CodeIgniter\Filters\Exceptions\FilterException::forNoAlias('authAdmin')
 2 SYSTEMPATH\CodeIgniter.php(466): CodeIgniter\Filters\Filters->enableFilter('authAdmin', 'before')
 3 SYSTEMPATH\CodeIgniter.php(368): CodeIgniter\CodeIgniter->handleRequest(null, Object(Config\Cache), false)
 4 FCPATH\index.php(67): CodeIgniter\CodeIgniter->run()
CRITICAL - 2023-06-27 00:33:47 --> "authAdmin" filter must have a matching alias defined.
in SYSTEMPATH\Filters\Filters.php on line 340.
 1 SYSTEMPATH\Filters\Filters.php(340): CodeIgniter\Filters\Exceptions\FilterException::forNoAlias('authAdmin')
 2 SYSTEMPATH\CodeIgniter.php(466): CodeIgniter\Filters\Filters->enableFilter('authAdmin', 'before')
 3 SYSTEMPATH\CodeIgniter.php(368): CodeIgniter\CodeIgniter->handleRequest(null, Object(Config\Cache), false)
 4 FCPATH\index.php(67): CodeIgniter\CodeIgniter->run()
CRITICAL - 2023-06-27 00:34:16 --> "authAdmin" filter must have a matching alias defined.
in SYSTEMPATH\Filters\Filters.php on line 340.
 1 SYSTEMPATH\Filters\Filters.php(340): CodeIgniter\Filters\Exceptions\FilterException::forNoAlias('authAdmin')
 2 SYSTEMPATH\CodeIgniter.php(466): CodeIgniter\Filters\Filters->enableFilter('authAdmin', 'before')
 3 SYSTEMPATH\CodeIgniter.php(368): CodeIgniter\CodeIgniter->handleRequest(null, Object(Config\Cache), false)
 4 FCPATH\index.php(67): CodeIgniter\CodeIgniter->run()
CRITICAL - 2023-06-27 00:34:18 --> "authAdmin" filter must have a matching alias defined.
in SYSTEMPATH\Filters\Filters.php on line 340.
 1 SYSTEMPATH\Filters\Filters.php(340): CodeIgniter\Filters\Exceptions\FilterException::forNoAlias('authAdmin')
 2 SYSTEMPATH\CodeIgniter.php(466): CodeIgniter\Filters\Filters->enableFilter('authAdmin', 'before')
 3 SYSTEMPATH\CodeIgniter.php(368): CodeIgniter\CodeIgniter->handleRequest(null, Object(Config\Cache), false)
 4 FCPATH\index.php(67): CodeIgniter\CodeIgniter->run()
CRITICAL - 2023-06-27 00:34:19 --> "authAdmin" filter must have a matching alias defined.
in SYSTEMPATH\Filters\Filters.php on line 340.
 1 SYSTEMPATH\Filters\Filters.php(340): CodeIgniter\Filters\Exceptions\FilterException::forNoAlias('authAdmin')
 2 SYSTEMPATH\CodeIgniter.php(466): CodeIgniter\Filters\Filters->enableFilter('authAdmin', 'before')
 3 SYSTEMPATH\CodeIgniter.php(368): CodeIgniter\CodeIgniter->handleRequest(null, Object(Config\Cache), false)
 4 FCPATH\index.php(67): CodeIgniter\CodeIgniter->run()
CRITICAL - 2023-06-27 00:35:09 --> "authAdmin" filter must have a matching alias defined.
in SYSTEMPATH\Filters\Filters.php on line 340.
 1 SYSTEMPATH\Filters\Filters.php(340): CodeIgniter\Filters\Exceptions\FilterException::forNoAlias('authAdmin')
 2 SYSTEMPATH\CodeIgniter.php(466): CodeIgniter\Filters\Filters->enableFilter('authAdmin', 'before')
 3 SYSTEMPATH\CodeIgniter.php(368): CodeIgniter\CodeIgniter->handleRequest(null, Object(Config\Cache), false)
 4 FCPATH\index.php(67): CodeIgniter\CodeIgniter->run()
CRITICAL - 2023-06-27 00:35:10 --> "authAdmin" filter must have a matching alias defined.
in SYSTEMPATH\Filters\Filters.php on line 340.
 1 SYSTEMPATH\Filters\Filters.php(340): CodeIgniter\Filters\Exceptions\FilterException::forNoAlias('authAdmin')
 2 SYSTEMPATH\CodeIgniter.php(466): CodeIgniter\Filters\Filters->enableFilter('authAdmin', 'before')
 3 SYSTEMPATH\CodeIgniter.php(368): CodeIgniter\CodeIgniter->handleRequest(null, Object(Config\Cache), false)
 4 FCPATH\index.php(67): CodeIgniter\CodeIgniter->run()
CRITICAL - 2023-06-27 00:35:12 --> "authAdmin" filter must have a matching alias defined.
in SYSTEMPATH\Filters\Filters.php on line 340.
 1 SYSTEMPATH\Filters\Filters.php(340): CodeIgniter\Filters\Exceptions\FilterException::forNoAlias('authAdmin')
 2 SYSTEMPATH\CodeIgniter.php(466): CodeIgniter\Filters\Filters->enableFilter('authAdmin', 'before')
 3 SYSTEMPATH\CodeIgniter.php(368): CodeIgniter\CodeIgniter->handleRequest(null, Object(Config\Cache), false)
 4 FCPATH\index.php(67): CodeIgniter\CodeIgniter->run()
CRITICAL - 2023-06-27 00:35:14 --> "authAdmin" filter must have a matching alias defined.
in SYSTEMPATH\Filters\Filters.php on line 340.
 1 SYSTEMPATH\Filters\Filters.php(340): CodeIgniter\Filters\Exceptions\FilterException::forNoAlias('authAdmin')
 2 SYSTEMPATH\CodeIgniter.php(466): CodeIgniter\Filters\Filters->enableFilter('authAdmin', 'before')
 3 SYSTEMPATH\CodeIgniter.php(368): CodeIgniter\CodeIgniter->handleRequest(null, Object(Config\Cache), false)
 4 FCPATH\index.php(67): CodeIgniter\CodeIgniter->run()
CRITICAL - 2023-06-27 00:36:13 --> "authAdmin" filter must have a matching alias defined.
in SYSTEMPATH\Filters\Filters.php on line 340.
 1 SYSTEMPATH\Filters\Filters.php(340): CodeIgniter\Filters\Exceptions\FilterException::forNoAlias('authAdmin')
 2 SYSTEMPATH\CodeIgniter.php(466): CodeIgniter\Filters\Filters->enableFilter('authAdmin', 'before')
 3 SYSTEMPATH\CodeIgniter.php(368): CodeIgniter\CodeIgniter->handleRequest(null, Object(Config\Cache), false)
 4 FCPATH\index.php(67): CodeIgniter\CodeIgniter->run()
INFO - 2023-06-27 00:38:50 --> Session: Class initialized using 'CodeIgniter\Session\Handlers\FileHandler' driver.
INFO - 2023-06-27 00:38:50 --> Cart Class Initialized
CRITICAL - 2023-06-27 00:38:50 --> Invalid file: "back/carrito/lista_ventas.php"
in SYSTEMPATH\Exceptions\FrameworkException.php on line 33.
 1 SYSTEMPATH\View\View.php(201): CodeIgniter\Exceptions\FrameworkException::forInvalidFile('back/carrito/lista_ventas.php')
 2 SYSTEMPATH\Common.php(1184): CodeIgniter\View\View->render('back/carrito/lista_ventas', [], true)
 3 APPPATH\Controllers\ventas_controller.php(37): view('back/carrito/lista_ventas', [...])
 4 SYSTEMPATH\CodeIgniter.php(934): App\Controllers\ventas_controller->lista_ventas()
 5 SYSTEMPATH\CodeIgniter.php(499): CodeIgniter\CodeIgniter->runController(Object(App\Controllers\ventas_controller))
 6 SYSTEMPATH\CodeIgniter.php(368): CodeIgniter\CodeIgniter->handleRequest(null, Object(Config\Cache), false)
 7 FCPATH\index.php(67): CodeIgniter\CodeIgniter->run()
INFO - 2023-06-27 00:41:10 --> Session: Class initialized using 'CodeIgniter\Session\Handlers\FileHandler' driver.
INFO - 2023-06-27 00:41:10 --> Cart Class Initialized
CRITICAL - 2023-06-27 00:41:10 --> Invalid file: "back/carrito/lista_ventas.php"
in SYSTEMPATH\Exceptions\FrameworkException.php on line 33.
 1 SYSTEMPATH\View\View.php(201): CodeIgniter\Exceptions\FrameworkException::forInvalidFile('back/carrito/lista_ventas.php')
 2 SYSTEMPATH\Common.php(1184): CodeIgniter\View\View->render('back/carrito/lista_ventas', [], true)
 3 APPPATH\Controllers\ventas_controller.php(37): view('back/carrito/lista_ventas', [...])
 4 SYSTEMPATH\CodeIgniter.php(934): App\Controllers\ventas_controller->lista_ventas()
 5 SYSTEMPATH\CodeIgniter.php(499): CodeIgniter\CodeIgniter->runController(Object(App\Controllers\ventas_controller))
 6 SYSTEMPATH\CodeIgniter.php(368): CodeIgniter\CodeIgniter->handleRequest(null, Object(Config\Cache), false)
 7 FCPATH\index.php(67): CodeIgniter\CodeIgniter->run()
INFO - 2023-06-27 00:42:29 --> Session: Class initialized using 'CodeIgniter\Session\Handlers\FileHandler' driver.
INFO - 2023-06-27 00:42:29 --> Cart Class Initialized
CRITICAL - 2023-06-27 00:42:29 --> Invalid file: "back/carrito/lista_ventas.php"
in SYSTEMPATH\Exceptions\FrameworkException.php on line 33.
 1 SYSTEMPATH\View\View.php(201): CodeIgniter\Exceptions\FrameworkException::forInvalidFile('back/carrito/lista_ventas.php')
 2 SYSTEMPATH\Common.php(1184): CodeIgniter\View\View->render('back/carrito/lista_ventas', [], true)
 3 APPPATH\Controllers\ventas_controller.php(37): view('back/carrito/lista_ventas', [...])
 4 SYSTEMPATH\CodeIgniter.php(934): App\Controllers\ventas_controller->lista_ventas()
 5 SYSTEMPATH\CodeIgniter.php(499): CodeIgniter\CodeIgniter->runController(Object(App\Controllers\ventas_controller))
 6 SYSTEMPATH\CodeIgniter.php(368): CodeIgniter\CodeIgniter->handleRequest(null, Object(Config\Cache), false)
 7 FCPATH\index.php(67): CodeIgniter\CodeIgniter->run()
INFO - 2023-06-27 00:43:49 --> Session: Class initialized using 'CodeIgniter\Session\Handlers\FileHandler' driver.
INFO - 2023-06-27 00:43:49 --> Cart Class Initialized
INFO - 2023-06-27 00:44:21 --> Session: Class initialized using 'CodeIgniter\Session\Handlers\FileHandler' driver.
INFO - 2023-06-27 00:44:21 --> Cart Class Initialized
INFO - 2023-06-27 00:49:18 --> Session: Class initialized using 'CodeIgniter\Session\Handlers\FileHandler' driver.
INFO - 2023-06-27 00:49:18 --> Cart Class Initialized
INFO - 2023-06-27 00:53:02 --> Session: Class initialized using 'CodeIgniter\Session\Handlers\FileHandler' driver.
INFO - 2023-06-27 00:53:02 --> Cart Class Initialized
INFO - 2023-06-27 00:54:41 --> Session: Class initialized using 'CodeIgniter\Session\Handlers\FileHandler' driver.
INFO - 2023-06-27 00:54:41 --> Cart Class Initialized
INFO - 2023-06-27 00:56:12 --> Session: Class initialized using 'CodeIgniter\Session\Handlers\FileHandler' driver.
INFO - 2023-06-27 00:56:12 --> Cart Class Initialized
INFO - 2023-06-27 00:56:14 --> Session: Class initialized using 'CodeIgniter\Session\Handlers\FileHandler' driver.
INFO - 2023-06-27 00:56:14 --> Cart Class Initialized
INFO - 2023-06-27 00:56:22 --> Session: Class initialized using 'CodeIgniter\Session\Handlers\FileHandler' driver.
INFO - 2023-06-27 00:56:22 --> Cart Class Initialized
INFO - 2023-06-27 00:57:14 --> Session: Class initialized using 'CodeIgniter\Session\Handlers\FileHandler' driver.
INFO - 2023-06-27 00:57:14 --> Cart Class Initialized
INFO - 2023-06-27 00:59:52 --> Session: Class initialized using 'CodeIgniter\Session\Handlers\FileHandler' driver.
INFO - 2023-06-27 00:59:52 --> Cart Class Initialized
INFO - 2023-06-27 01:07:34 --> Session: Class initialized using 'CodeIgniter\Session\Handlers\FileHandler' driver.
INFO - 2023-06-27 01:07:34 --> Cart Class Initialized
INFO - 2023-06-27 01:08:06 --> Session: Class initialized using 'CodeIgniter\Session\Handlers\FileHandler' driver.
INFO - 2023-06-27 01:08:06 --> Cart Class Initialized
INFO - 2023-06-27 01:08:15 --> Session: Class initialized using 'CodeIgniter\Session\Handlers\FileHandler' driver.
INFO - 2023-06-27 01:08:15 --> Cart Class Initialized
INFO - 2023-06-27 01:08:25 --> Session: Class initialized using 'CodeIgniter\Session\Handlers\FileHandler' driver.
INFO - 2023-06-27 01:08:25 --> Cart Class Initialized
INFO - 2023-06-27 01:09:54 --> Session: Class initialized using 'CodeIgniter\Session\Handlers\FileHandler' driver.
INFO - 2023-06-27 01:09:54 --> Cart Class Initialized
INFO - 2023-06-27 01:09:57 --> Session: Class initialized using 'CodeIgniter\Session\Handlers\FileHandler' driver.
INFO - 2023-06-27 01:09:57 --> Cart Class Initialized
ERROR - 2023-06-27 01:09:57 --> mysqli_sql_exception: Unknown column 'ventas_cabecera.usuario_id' in 'on clause' in C:\xampp\htdocs\GimenezIvana\system\Database\MySQLi\Connection.php:295
Stack trace:
#0 C:\xampp\htdocs\GimenezIvana\system\Database\MySQLi\Connection.php(295): mysqli->query('SELECT `ventas_...', 0)
#1 C:\xampp\htdocs\GimenezIvana\system\Database\BaseConnection.php(691): CodeIgniter\Database\MySQLi\Connection->execute('SELECT `ventas_...')
#2 C:\xampp\htdocs\GimenezIvana\system\Database\BaseConnection.php(605): CodeIgniter\Database\BaseConnection->simpleQuery('SELECT `ventas_...')
#3 C:\xampp\htdocs\GimenezIvana\system\Database\BaseBuilder.php(1616): CodeIgniter\Database\BaseConnection->query('SELECT `ventas_...', Array, false)
#4 C:\xampp\htdocs\GimenezIvana\app\Models\ventaDetalle_model.php(21): CodeIgniter\Database\BaseBuilder->get()
#5 C:\xampp\htdocs\GimenezIvana\app\Controllers\ventas_controller.php(97): App\Models\ventaDetalle_model->getDetalles('0')
#6 C:\xampp\htdocs\GimenezIvana\system\CodeIgniter.php(934): App\Controllers\ventas_controller->factura('0')
#7 C:\xampp\htdocs\GimenezIvana\system\CodeIgniter.php(499): CodeIgniter\CodeIgniter->runController(Object(App\Controllers\ventas_controller))
#8 C:\xampp\htdocs\GimenezIvana\system\CodeIgniter.php(368): CodeIgniter\CodeIgniter->handleRequest(NULL, Object(Config\Cache), false)
#9 C:\xampp\htdocs\GimenezIvana\index.php(67): CodeIgniter\CodeIgniter->run()
#10 {main}
CRITICAL - 2023-06-27 01:09:57 --> Unknown column 'ventas_cabecera.usuario_id' in 'on clause'
in SYSTEMPATH\Database\MySQLi\Connection.php on line 295.
 1 SYSTEMPATH\Database\MySQLi\Connection.php(295): mysqli->query('SELECT `ventas_detalle`.*, `productos`.`nombre` AS `nombre_producto`, `productos`.`imagen` AS `imagen_producto`
FROM `ventas_detalle`
JOIN `ventas_cabecera` ON `ventas_cabecera`.`id` = `ventas_detalle`.`venta_id`
JOIN `productos` ON `productos`.`id` = `ventas_detalle`.`producto_id`
JOIN `usuarios` ON `usuarios`.`id` = `ventas_cabecera`.`usuario_id`
WHERE `ventas_cabecera`.`id` = \'0\'', 0)
 2 SYSTEMPATH\Database\BaseConnection.php(691): CodeIgniter\Database\MySQLi\Connection->execute('SELECT `ventas_detalle`.*, `productos`.`nombre` AS `nombre_producto`, `productos`.`imagen` AS `imagen_producto`
FROM `ventas_detalle`
JOIN `ventas_cabecera` ON `ventas_cabecera`.`id` = `ventas_detalle`.`venta_id`
JOIN `productos` ON `productos`.`id` = `ventas_detalle`.`producto_id`
JOIN `usuarios` ON `usuarios`.`id` = `ventas_cabecera`.`usuario_id`
WHERE `ventas_cabecera`.`id` = \'0\'')
 3 SYSTEMPATH\Database\BaseConnection.php(605): CodeIgniter\Database\BaseConnection->simpleQuery('SELECT `ventas_detalle`.*, `productos`.`nombre` AS `nombre_producto`, `productos`.`imagen` AS `imagen_producto`
FROM `ventas_detalle`
JOIN `ventas_cabecera` ON `ventas_cabecera`.`id` = `ventas_detalle`.`venta_id`
JOIN `productos` ON `productos`.`id` = `ventas_detalle`.`producto_id`
JOIN `usuarios` ON `usuarios`.`id` = `ventas_cabecera`.`usuario_id`
WHERE `ventas_cabecera`.`id` = \'0\'')
 4 SYSTEMPATH\Database\BaseBuilder.php(1616): CodeIgniter\Database\BaseConnection->query('SELECT `ventas_detalle`.*, `productos`.`nombre` AS `nombre_producto`, `productos`.`imagen` AS `imagen_producto`
FROM `ventas_detalle`
JOIN `ventas_cabecera` ON `ventas_cabecera`.`id` = `ventas_detalle`.`venta_id`
JOIN `productos` ON `productos`.`id` = `ventas_detalle`.`producto_id`
JOIN `usuarios` ON `usuarios`.`id` = `ventas_cabecera`.`usuario_id`
WHERE `ventas_cabecera`.`id` = :ventas_cabecera.id:', [...], false)
 5 APPPATH\Models\ventaDetalle_model.php(21): CodeIgniter\Database\BaseBuilder->get()
 6 APPPATH\Controllers\ventas_controller.php(97): App\Models\ventaDetalle_model->getDetalles('0')
 7 SYSTEMPATH\CodeIgniter.php(934): App\Controllers\ventas_controller->factura('0')
 8 SYSTEMPATH\CodeIgniter.php(499): CodeIgniter\CodeIgniter->runController(Object(App\Controllers\ventas_controller))
 9 SYSTEMPATH\CodeIgniter.php(368): CodeIgniter\CodeIgniter->handleRequest(null, Object(Config\Cache), false)
10 FCPATH\index.php(67): CodeIgniter\CodeIgniter->run()
INFO - 2023-06-27 01:13:33 --> Session: Class initialized using 'CodeIgniter\Session\Handlers\FileHandler' driver.
INFO - 2023-06-27 01:13:33 --> Cart Class Initialized
ERROR - 2023-06-27 01:13:33 --> mysqli_sql_exception: Unknown column 'ventas_cabecera.usuario_id' in 'on clause' in C:\xampp\htdocs\GimenezIvana\system\Database\MySQLi\Connection.php:295
Stack trace:
#0 C:\xampp\htdocs\GimenezIvana\system\Database\MySQLi\Connection.php(295): mysqli->query('SELECT `ventas_...', 0)
#1 C:\xampp\htdocs\GimenezIvana\system\Database\BaseConnection.php(691): CodeIgniter\Database\MySQLi\Connection->execute('SELECT `ventas_...')
#2 C:\xampp\htdocs\GimenezIvana\system\Database\BaseConnection.php(605): CodeIgniter\Database\BaseConnection->simpleQuery('SELECT `ventas_...')
#3 C:\xampp\htdocs\GimenezIvana\system\Database\BaseBuilder.php(1616): CodeIgniter\Database\BaseConnection->query('SELECT `ventas_...', Array, false)
#4 C:\xampp\htdocs\GimenezIvana\app\Models\ventaDetalle_model.php(21): CodeIgniter\Database\BaseBuilder->get()
#5 C:\xampp\htdocs\GimenezIvana\app\Controllers\ventas_controller.php(97): App\Models\ventaDetalle_model->getDetalles('0')
#6 C:\xampp\htdocs\GimenezIvana\system\CodeIgniter.php(934): App\Controllers\ventas_controller->factura('0')
#7 C:\xampp\htdocs\GimenezIvana\system\CodeIgniter.php(499): CodeIgniter\CodeIgniter->runController(Object(App\Controllers\ventas_controller))
#8 C:\xampp\htdocs\GimenezIvana\system\CodeIgniter.php(368): CodeIgniter\CodeIgniter->handleRequest(NULL, Object(Config\Cache), false)
#9 C:\xampp\htdocs\GimenezIvana\index.php(67): CodeIgniter\CodeIgniter->run()
#10 {main}
CRITICAL - 2023-06-27 01:13:33 --> Unknown column 'ventas_cabecera.usuario_id' in 'on clause'
in SYSTEMPATH\Database\MySQLi\Connection.php on line 295.
 1 SYSTEMPATH\Database\MySQLi\Connection.php(295): mysqli->query('SELECT `ventas_detalle`.*, `productos`.`nombre` AS `nombre_producto`, `productos`.`imagen` AS `imagen_producto`
FROM `ventas_detalle`
JOIN `ventas_cabecera` ON `ventas_cabecera`.`id` = `ventas_detalle`.`venta_id`
JOIN `productos` ON `productos`.`id` = `ventas_detalle`.`producto_id`
JOIN `usuarios` ON `usuarios`.`id` = `ventas_cabecera`.`usuario_id`
WHERE `ventas_cabecera`.`id` = \'0\'', 0)
 2 SYSTEMPATH\Database\BaseConnection.php(691): CodeIgniter\Database\MySQLi\Connection->execute('SELECT `ventas_detalle`.*, `productos`.`nombre` AS `nombre_producto`, `productos`.`imagen` AS `imagen_producto`
FROM `ventas_detalle`
JOIN `ventas_cabecera` ON `ventas_cabecera`.`id` = `ventas_detalle`.`venta_id`
JOIN `productos` ON `productos`.`id` = `ventas_detalle`.`producto_id`
JOIN `usuarios` ON `usuarios`.`id` = `ventas_cabecera`.`usuario_id`
WHERE `ventas_cabecera`.`id` = \'0\'')
 3 SYSTEMPATH\Database\BaseConnection.php(605): CodeIgniter\Database\BaseConnection->simpleQuery('SELECT `ventas_detalle`.*, `productos`.`nombre` AS `nombre_producto`, `productos`.`imagen` AS `imagen_producto`
FROM `ventas_detalle`
JOIN `ventas_cabecera` ON `ventas_cabecera`.`id` = `ventas_detalle`.`venta_id`
JOIN `productos` ON `productos`.`id` = `ventas_detalle`.`producto_id`
JOIN `usuarios` ON `usuarios`.`id` = `ventas_cabecera`.`usuario_id`
WHERE `ventas_cabecera`.`id` = \'0\'')
 4 SYSTEMPATH\Database\BaseBuilder.php(1616): CodeIgniter\Database\BaseConnection->query('SELECT `ventas_detalle`.*, `productos`.`nombre` AS `nombre_producto`, `productos`.`imagen` AS `imagen_producto`
FROM `ventas_detalle`
JOIN `ventas_cabecera` ON `ventas_cabecera`.`id` = `ventas_detalle`.`venta_id`
JOIN `productos` ON `productos`.`id` = `ventas_detalle`.`producto_id`
JOIN `usuarios` ON `usuarios`.`id` = `ventas_cabecera`.`usuario_id`
WHERE `ventas_cabecera`.`id` = :ventas_cabecera.id:', [...], false)
 5 APPPATH\Models\ventaDetalle_model.php(21): CodeIgniter\Database\BaseBuilder->get()
 6 APPPATH\Controllers\ventas_controller.php(97): App\Models\ventaDetalle_model->getDetalles('0')
 7 SYSTEMPATH\CodeIgniter.php(934): App\Controllers\ventas_controller->factura('0')
 8 SYSTEMPATH\CodeIgniter.php(499): CodeIgniter\CodeIgniter->runController(Object(App\Controllers\ventas_controller))
 9 SYSTEMPATH\CodeIgniter.php(368): CodeIgniter\CodeIgniter->handleRequest(null, Object(Config\Cache), false)
10 FCPATH\index.php(67): CodeIgniter\CodeIgniter->run()
INFO - 2023-06-27 01:13:42 --> Session: Class initialized using 'CodeIgniter\Session\Handlers\FileHandler' driver.
INFO - 2023-06-27 01:13:42 --> Cart Class Initialized
ERROR - 2023-06-27 01:13:42 --> mysqli_sql_exception: Unknown column 'ventas_cabecera.usuario_id' in 'on clause' in C:\xampp\htdocs\GimenezIvana\system\Database\MySQLi\Connection.php:295
Stack trace:
#0 C:\xampp\htdocs\GimenezIvana\system\Database\MySQLi\Connection.php(295): mysqli->query('SELECT `ventas_...', 0)
#1 C:\xampp\htdocs\GimenezIvana\system\Database\BaseConnection.php(691): CodeIgniter\Database\MySQLi\Connection->execute('SELECT `ventas_...')
#2 C:\xampp\htdocs\GimenezIvana\system\Database\BaseConnection.php(605): CodeIgniter\Database\BaseConnection->simpleQuery('SELECT `ventas_...')
#3 C:\xampp\htdocs\GimenezIvana\system\Database\BaseBuilder.php(1616): CodeIgniter\Database\BaseConnection->query('SELECT `ventas_...', Array, false)
#4 C:\xampp\htdocs\GimenezIvana\app\Models\ventaDetalle_model.php(21): CodeIgniter\Database\BaseBuilder->get()
#5 C:\xampp\htdocs\GimenezIvana\app\Controllers\ventas_controller.php(97): App\Models\ventaDetalle_model->getDetalles('0')
#6 C:\xampp\htdocs\GimenezIvana\system\CodeIgniter.php(934): App\Controllers\ventas_controller->factura('0')
#7 C:\xampp\htdocs\GimenezIvana\system\CodeIgniter.php(499): CodeIgniter\CodeIgniter->runController(Object(App\Controllers\ventas_controller))
#8 C:\xampp\htdocs\GimenezIvana\system\CodeIgniter.php(368): CodeIgniter\CodeIgniter->handleRequest(NULL, Object(Config\Cache), false)
#9 C:\xampp\htdocs\GimenezIvana\index.php(67): CodeIgniter\CodeIgniter->run()
#10 {main}
CRITICAL - 2023-06-27 01:13:42 --> Unknown column 'ventas_cabecera.usuario_id' in 'on clause'
in SYSTEMPATH\Database\MySQLi\Connection.php on line 295.
 1 SYSTEMPATH\Database\MySQLi\Connection.php(295): mysqli->query('SELECT `ventas_detalle`.*, `productos`.`nombre` AS `nombre_producto`, `productos`.`imagen` AS `imagen_producto`
FROM `ventas_detalle`
JOIN `ventas_cabecera` ON `ventas_cabecera`.`id` = `ventas_detalle`.`venta_id`
JOIN `productos` ON `productos`.`id` = `ventas_detalle`.`producto_id`
JOIN `usuarios` ON `usuarios`.`id` = `ventas_cabecera`.`usuario_id`
WHERE `ventas_cabecera`.`id` = \'0\'', 0)
 2 SYSTEMPATH\Database\BaseConnection.php(691): CodeIgniter\Database\MySQLi\Connection->execute('SELECT `ventas_detalle`.*, `productos`.`nombre` AS `nombre_producto`, `productos`.`imagen` AS `imagen_producto`
FROM `ventas_detalle`
JOIN `ventas_cabecera` ON `ventas_cabecera`.`id` = `ventas_detalle`.`venta_id`
JOIN `productos` ON `productos`.`id` = `ventas_detalle`.`producto_id`
JOIN `usuarios` ON `usuarios`.`id` = `ventas_cabecera`.`usuario_id`
WHERE `ventas_cabecera`.`id` = \'0\'')
 3 SYSTEMPATH\Database\BaseConnection.php(605): CodeIgniter\Database\BaseConnection->simpleQuery('SELECT `ventas_detalle`.*, `productos`.`nombre` AS `nombre_producto`, `productos`.`imagen` AS `imagen_producto`
FROM `ventas_detalle`
JOIN `ventas_cabecera` ON `ventas_cabecera`.`id` = `ventas_detalle`.`venta_id`
JOIN `productos` ON `productos`.`id` = `ventas_detalle`.`producto_id`
JOIN `usuarios` ON `usuarios`.`id` = `ventas_cabecera`.`usuario_id`
WHERE `ventas_cabecera`.`id` = \'0\'')
 4 SYSTEMPATH\Database\BaseBuilder.php(1616): CodeIgniter\Database\BaseConnection->query('SELECT `ventas_detalle`.*, `productos`.`nombre` AS `nombre_producto`, `productos`.`imagen` AS `imagen_producto`
FROM `ventas_detalle`
JOIN `ventas_cabecera` ON `ventas_cabecera`.`id` = `ventas_detalle`.`venta_id`
JOIN `productos` ON `productos`.`id` = `ventas_detalle`.`producto_id`
JOIN `usuarios` ON `usuarios`.`id` = `ventas_cabecera`.`usuario_id`
WHERE `ventas_cabecera`.`id` = :ventas_cabecera.id:', [...], false)
 5 APPPATH\Models\ventaDetalle_model.php(21): CodeIgniter\Database\BaseBuilder->get()
 6 APPPATH\Controllers\ventas_controller.php(97): App\Models\ventaDetalle_model->getDetalles('0')
 7 SYSTEMPATH\CodeIgniter.php(934): App\Controllers\ventas_controller->factura('0')
 8 SYSTEMPATH\CodeIgniter.php(499): CodeIgniter\CodeIgniter->runController(Object(App\Controllers\ventas_controller))
 9 SYSTEMPATH\CodeIgniter.php(368): CodeIgniter\CodeIgniter->handleRequest(null, Object(Config\Cache), false)
10 FCPATH\index.php(67): CodeIgniter\CodeIgniter->run()
INFO - 2023-06-27 01:13:45 --> Session: Class initialized using 'CodeIgniter\Session\Handlers\FileHandler' driver.
INFO - 2023-06-27 01:13:45 --> Cart Class Initialized
INFO - 2023-06-27 01:13:48 --> Session: Class initialized using 'CodeIgniter\Session\Handlers\FileHandler' driver.
INFO - 2023-06-27 01:13:48 --> Cart Class Initialized
ERROR - 2023-06-27 01:13:48 --> mysqli_sql_exception: Unknown column 'ventas_cabecera.usuario_id' in 'on clause' in C:\xampp\htdocs\GimenezIvana\system\Database\MySQLi\Connection.php:295
Stack trace:
#0 C:\xampp\htdocs\GimenezIvana\system\Database\MySQLi\Connection.php(295): mysqli->query('SELECT `ventas_...', 0)
#1 C:\xampp\htdocs\GimenezIvana\system\Database\BaseConnection.php(691): CodeIgniter\Database\MySQLi\Connection->execute('SELECT `ventas_...')
#2 C:\xampp\htdocs\GimenezIvana\system\Database\BaseConnection.php(605): CodeIgniter\Database\BaseConnection->simpleQuery('SELECT `ventas_...')
#3 C:\xampp\htdocs\GimenezIvana\system\Database\BaseBuilder.php(1616): CodeIgniter\Database\BaseConnection->query('SELECT `ventas_...', Array, false)
#4 C:\xampp\htdocs\GimenezIvana\app\Models\ventaDetalle_model.php(21): CodeIgniter\Database\BaseBuilder->get()
#5 C:\xampp\htdocs\GimenezIvana\app\Controllers\ventas_controller.php(97): App\Models\ventaDetalle_model->getDetalles('0')
#6 C:\xampp\htdocs\GimenezIvana\system\CodeIgniter.php(934): App\Controllers\ventas_controller->factura('0')
#7 C:\xampp\htdocs\GimenezIvana\system\CodeIgniter.php(499): CodeIgniter\CodeIgniter->runController(Object(App\Controllers\ventas_controller))
#8 C:\xampp\htdocs\GimenezIvana\system\CodeIgniter.php(368): CodeIgniter\CodeIgniter->handleRequest(NULL, Object(Config\Cache), false)
#9 C:\xampp\htdocs\GimenezIvana\index.php(67): CodeIgniter\CodeIgniter->run()
#10 {main}
CRITICAL - 2023-06-27 01:13:48 --> Unknown column 'ventas_cabecera.usuario_id' in 'on clause'
in SYSTEMPATH\Database\MySQLi\Connection.php on line 295.
 1 SYSTEMPATH\Database\MySQLi\Connection.php(295): mysqli->query('SELECT `ventas_detalle`.*, `productos`.`nombre` AS `nombre_producto`, `productos`.`imagen` AS `imagen_producto`
FROM `ventas_detalle`
JOIN `ventas_cabecera` ON `ventas_cabecera`.`id` = `ventas_detalle`.`venta_id`
JOIN `productos` ON `productos`.`id` = `ventas_detalle`.`producto_id`
JOIN `usuarios` ON `usuarios`.`id` = `ventas_cabecera`.`usuario_id`
WHERE `ventas_cabecera`.`id` = \'0\'', 0)
 2 SYSTEMPATH\Database\BaseConnection.php(691): CodeIgniter\Database\MySQLi\Connection->execute('SELECT `ventas_detalle`.*, `productos`.`nombre` AS `nombre_producto`, `productos`.`imagen` AS `imagen_producto`
FROM `ventas_detalle`
JOIN `ventas_cabecera` ON `ventas_cabecera`.`id` = `ventas_detalle`.`venta_id`
JOIN `productos` ON `productos`.`id` = `ventas_detalle`.`producto_id`
JOIN `usuarios` ON `usuarios`.`id` = `ventas_cabecera`.`usuario_id`
WHERE `ventas_cabecera`.`id` = \'0\'')
 3 SYSTEMPATH\Database\BaseConnection.php(605): CodeIgniter\Database\BaseConnection->simpleQuery('SELECT `ventas_detalle`.*, `productos`.`nombre` AS `nombre_producto`, `productos`.`imagen` AS `imagen_producto`
FROM `ventas_detalle`
JOIN `ventas_cabecera` ON `ventas_cabecera`.`id` = `ventas_detalle`.`venta_id`
JOIN `productos` ON `productos`.`id` = `ventas_detalle`.`producto_id`
JOIN `usuarios` ON `usuarios`.`id` = `ventas_cabecera`.`usuario_id`
WHERE `ventas_cabecera`.`id` = \'0\'')
 4 SYSTEMPATH\Database\BaseBuilder.php(1616): CodeIgniter\Database\BaseConnection->query('SELECT `ventas_detalle`.*, `productos`.`nombre` AS `nombre_producto`, `productos`.`imagen` AS `imagen_producto`
FROM `ventas_detalle`
JOIN `ventas_cabecera` ON `ventas_cabecera`.`id` = `ventas_detalle`.`venta_id`
JOIN `productos` ON `productos`.`id` = `ventas_detalle`.`producto_id`
JOIN `usuarios` ON `usuarios`.`id` = `ventas_cabecera`.`usuario_id`
WHERE `ventas_cabecera`.`id` = :ventas_cabecera.id:', [...], false)
 5 APPPATH\Models\ventaDetalle_model.php(21): CodeIgniter\Database\BaseBuilder->get()
 6 APPPATH\Controllers\ventas_controller.php(97): App\Models\ventaDetalle_model->getDetalles('0')
 7 SYSTEMPATH\CodeIgniter.php(934): App\Controllers\ventas_controller->factura('0')
 8 SYSTEMPATH\CodeIgniter.php(499): CodeIgniter\CodeIgniter->runController(Object(App\Controllers\ventas_controller))
 9 SYSTEMPATH\CodeIgniter.php(368): CodeIgniter\CodeIgniter->handleRequest(null, Object(Config\Cache), false)
10 FCPATH\index.php(67): CodeIgniter\CodeIgniter->run()
INFO - 2023-06-27 01:16:07 --> Session: Class initialized using 'CodeIgniter\Session\Handlers\FileHandler' driver.
INFO - 2023-06-27 01:16:07 --> Cart Class Initialized
ERROR - 2023-06-27 01:16:07 --> mysqli_sql_exception: Unknown column 'ventas_cabecera.usuario_id' in 'on clause' in C:\xampp\htdocs\GimenezIvana\system\Database\MySQLi\Connection.php:295
Stack trace:
#0 C:\xampp\htdocs\GimenezIvana\system\Database\MySQLi\Connection.php(295): mysqli->query('SELECT `ventas_...', 0)
#1 C:\xampp\htdocs\GimenezIvana\system\Database\BaseConnection.php(691): CodeIgniter\Database\MySQLi\Connection->execute('SELECT `ventas_...')
#2 C:\xampp\htdocs\GimenezIvana\system\Database\BaseConnection.php(605): CodeIgniter\Database\BaseConnection->simpleQuery('SELECT `ventas_...')
#3 C:\xampp\htdocs\GimenezIvana\system\Database\BaseBuilder.php(1616): CodeIgniter\Database\BaseConnection->query('SELECT `ventas_...', Array, false)
#4 C:\xampp\htdocs\GimenezIvana\app\Models\ventaDetalle_model.php(21): CodeIgniter\Database\BaseBuilder->get()
#5 C:\xampp\htdocs\GimenezIvana\app\Controllers\ventas_controller.php(97): App\Models\ventaDetalle_model->getDetalles('0')
#6 C:\xampp\htdocs\GimenezIvana\system\CodeIgniter.php(934): App\Controllers\ventas_controller->factura('0')
#7 C:\xampp\htdocs\GimenezIvana\system\CodeIgniter.php(499): CodeIgniter\CodeIgniter->runController(Object(App\Controllers\ventas_controller))
#8 C:\xampp\htdocs\GimenezIvana\system\CodeIgniter.php(368): CodeIgniter\CodeIgniter->handleRequest(NULL, Object(Config\Cache), false)
#9 C:\xampp\htdocs\GimenezIvana\index.php(67): CodeIgniter\CodeIgniter->run()
#10 {main}
CRITICAL - 2023-06-27 01:16:07 --> Unknown column 'ventas_cabecera.usuario_id' in 'on clause'
in SYSTEMPATH\Database\MySQLi\Connection.php on line 295.
 1 SYSTEMPATH\Database\MySQLi\Connection.php(295): mysqli->query('SELECT `ventas_detalle`.*, `productos`.`nombre` AS `nombre_producto`, `productos`.`imagen` AS `imagen_producto`
FROM `ventas_detalle`
JOIN `ventas_cabecera` ON `ventas_cabecera`.`id` = `ventas_detalle`.`venta_id`
JOIN `productos` ON `productos`.`id` = `ventas_detalle`.`producto_id`
JOIN `usuarios` ON `usuarios`.`id` = `ventas_cabecera`.`usuario_id`
WHERE `ventas_cabecera`.`id` = \'0\'', 0)
 2 SYSTEMPATH\Database\BaseConnection.php(691): CodeIgniter\Database\MySQLi\Connection->execute('SELECT `ventas_detalle`.*, `productos`.`nombre` AS `nombre_producto`, `productos`.`imagen` AS `imagen_producto`
FROM `ventas_detalle`
JOIN `ventas_cabecera` ON `ventas_cabecera`.`id` = `ventas_detalle`.`venta_id`
JOIN `productos` ON `productos`.`id` = `ventas_detalle`.`producto_id`
JOIN `usuarios` ON `usuarios`.`id` = `ventas_cabecera`.`usuario_id`
WHERE `ventas_cabecera`.`id` = \'0\'')
 3 SYSTEMPATH\Database\BaseConnection.php(605): CodeIgniter\Database\BaseConnection->simpleQuery('SELECT `ventas_detalle`.*, `productos`.`nombre` AS `nombre_producto`, `productos`.`imagen` AS `imagen_producto`
FROM `ventas_detalle`
JOIN `ventas_cabecera` ON `ventas_cabecera`.`id` = `ventas_detalle`.`venta_id`
JOIN `productos` ON `productos`.`id` = `ventas_detalle`.`producto_id`
JOIN `usuarios` ON `usuarios`.`id` = `ventas_cabecera`.`usuario_id`
WHERE `ventas_cabecera`.`id` = \'0\'')
 4 SYSTEMPATH\Database\BaseBuilder.php(1616): CodeIgniter\Database\BaseConnection->query('SELECT `ventas_detalle`.*, `productos`.`nombre` AS `nombre_producto`, `productos`.`imagen` AS `imagen_producto`
FROM `ventas_detalle`
JOIN `ventas_cabecera` ON `ventas_cabecera`.`id` = `ventas_detalle`.`venta_id`
JOIN `productos` ON `productos`.`id` = `ventas_detalle`.`producto_id`
JOIN `usuarios` ON `usuarios`.`id` = `ventas_cabecera`.`usuario_id`
WHERE `ventas_cabecera`.`id` = :ventas_cabecera.id:', [...], false)
 5 APPPATH\Models\ventaDetalle_model.php(21): CodeIgniter\Database\BaseBuilder->get()
 6 APPPATH\Controllers\ventas_controller.php(97): App\Models\ventaDetalle_model->getDetalles('0')
 7 SYSTEMPATH\CodeIgniter.php(934): App\Controllers\ventas_controller->factura('0')
 8 SYSTEMPATH\CodeIgniter.php(499): CodeIgniter\CodeIgniter->runController(Object(App\Controllers\ventas_controller))
 9 SYSTEMPATH\CodeIgniter.php(368): CodeIgniter\CodeIgniter->handleRequest(null, Object(Config\Cache), false)
10 FCPATH\index.php(67): CodeIgniter\CodeIgniter->run()
INFO - 2023-06-27 01:17:21 --> Session: Class initialized using 'CodeIgniter\Session\Handlers\FileHandler' driver.
INFO - 2023-06-27 01:17:21 --> Cart Class Initialized
INFO - 2023-06-27 01:17:24 --> Session: Class initialized using 'CodeIgniter\Session\Handlers\FileHandler' driver.
INFO - 2023-06-27 01:17:24 --> Cart Class Initialized
INFO - 2023-06-27 01:17:26 --> Session: Class initialized using 'CodeIgniter\Session\Handlers\FileHandler' driver.
INFO - 2023-06-27 01:17:26 --> Cart Class Initialized
ERROR - 2023-06-27 01:17:26 --> mysqli_sql_exception: Unknown column 'ventas_cabecera.usuario_id' in 'on clause' in C:\xampp\htdocs\GimenezIvana\system\Database\MySQLi\Connection.php:295
Stack trace:
#0 C:\xampp\htdocs\GimenezIvana\system\Database\MySQLi\Connection.php(295): mysqli->query('SELECT `ventas_...', 0)
#1 C:\xampp\htdocs\GimenezIvana\system\Database\BaseConnection.php(691): CodeIgniter\Database\MySQLi\Connection->execute('SELECT `ventas_...')
#2 C:\xampp\htdocs\GimenezIvana\system\Database\BaseConnection.php(605): CodeIgniter\Database\BaseConnection->simpleQuery('SELECT `ventas_...')
#3 C:\xampp\htdocs\GimenezIvana\system\Database\BaseBuilder.php(1616): CodeIgniter\Database\BaseConnection->query('SELECT `ventas_...', Array, false)
#4 C:\xampp\htdocs\GimenezIvana\app\Models\ventaDetalle_model.php(21): CodeIgniter\Database\BaseBuilder->get()
#5 C:\xampp\htdocs\GimenezIvana\app\Controllers\ventas_controller.php(97): App\Models\ventaDetalle_model->getDetalles('0')
#6 C:\xampp\htdocs\GimenezIvana\system\CodeIgniter.php(934): App\Controllers\ventas_controller->factura('0')
#7 C:\xampp\htdocs\GimenezIvana\system\CodeIgniter.php(499): CodeIgniter\CodeIgniter->runController(Object(App\Controllers\ventas_controller))
#8 C:\xampp\htdocs\GimenezIvana\system\CodeIgniter.php(368): CodeIgniter\CodeIgniter->handleRequest(NULL, Object(Config\Cache), false)
#9 C:\xampp\htdocs\GimenezIvana\index.php(67): CodeIgniter\CodeIgniter->run()
#10 {main}
CRITICAL - 2023-06-27 01:17:26 --> Unknown column 'ventas_cabecera.usuario_id' in 'on clause'
in SYSTEMPATH\Database\MySQLi\Connection.php on line 295.
 1 SYSTEMPATH\Database\MySQLi\Connection.php(295): mysqli->query('SELECT `ventas_detalle`.*, `productos`.`nombre` AS `nombre_producto`, `productos`.`imagen` AS `imagen_producto`
FROM `ventas_detalle`
JOIN `ventas_cabecera` ON `ventas_cabecera`.`id` = `ventas_detalle`.`venta_id`
JOIN `productos` ON `productos`.`id` = `ventas_detalle`.`producto_id`
JOIN `usuarios` ON `usuarios`.`id` = `ventas_cabecera`.`usuario_id`
WHERE `ventas_cabecera`.`id` = \'0\'', 0)
 2 SYSTEMPATH\Database\BaseConnection.php(691): CodeIgniter\Database\MySQLi\Connection->execute('SELECT `ventas_detalle`.*, `productos`.`nombre` AS `nombre_producto`, `productos`.`imagen` AS `imagen_producto`
FROM `ventas_detalle`
JOIN `ventas_cabecera` ON `ventas_cabecera`.`id` = `ventas_detalle`.`venta_id`
JOIN `productos` ON `productos`.`id` = `ventas_detalle`.`producto_id`
JOIN `usuarios` ON `usuarios`.`id` = `ventas_cabecera`.`usuario_id`
WHERE `ventas_cabecera`.`id` = \'0\'')
 3 SYSTEMPATH\Database\BaseConnection.php(605): CodeIgniter\Database\BaseConnection->simpleQuery('SELECT `ventas_detalle`.*, `productos`.`nombre` AS `nombre_producto`, `productos`.`imagen` AS `imagen_producto`
FROM `ventas_detalle`
JOIN `ventas_cabecera` ON `ventas_cabecera`.`id` = `ventas_detalle`.`venta_id`
JOIN `productos` ON `productos`.`id` = `ventas_detalle`.`producto_id`
JOIN `usuarios` ON `usuarios`.`id` = `ventas_cabecera`.`usuario_id`
WHERE `ventas_cabecera`.`id` = \'0\'')
 4 SYSTEMPATH\Database\BaseBuilder.php(1616): CodeIgniter\Database\BaseConnection->query('SELECT `ventas_detalle`.*, `productos`.`nombre` AS `nombre_producto`, `productos`.`imagen` AS `imagen_producto`
FROM `ventas_detalle`
JOIN `ventas_cabecera` ON `ventas_cabecera`.`id` = `ventas_detalle`.`venta_id`
JOIN `productos` ON `productos`.`id` = `ventas_detalle`.`producto_id`
JOIN `usuarios` ON `usuarios`.`id` = `ventas_cabecera`.`usuario_id`
WHERE `ventas_cabecera`.`id` = :ventas_cabecera.id:', [...], false)
 5 APPPATH\Models\ventaDetalle_model.php(21): CodeIgniter\Database\BaseBuilder->get()
 6 APPPATH\Controllers\ventas_controller.php(97): App\Models\ventaDetalle_model->getDetalles('0')
 7 SYSTEMPATH\CodeIgniter.php(934): App\Controllers\ventas_controller->factura('0')
 8 SYSTEMPATH\CodeIgniter.php(499): CodeIgniter\CodeIgniter->runController(Object(App\Controllers\ventas_controller))
 9 SYSTEMPATH\CodeIgniter.php(368): CodeIgniter\CodeIgniter->handleRequest(null, Object(Config\Cache), false)
10 FCPATH\index.php(67): CodeIgniter\CodeIgniter->run()
INFO - 2023-06-27 01:22:49 --> Session: Class initialized using 'CodeIgniter\Session\Handlers\FileHandler' driver.
INFO - 2023-06-27 01:22:49 --> Cart Class Initialized
INFO - 2023-06-27 01:22:55 --> Session: Class initialized using 'CodeIgniter\Session\Handlers\FileHandler' driver.
INFO - 2023-06-27 01:22:55 --> Cart Class Initialized
INFO - 2023-06-27 01:23:07 --> Session: Class initialized using 'CodeIgniter\Session\Handlers\FileHandler' driver.
INFO - 2023-06-27 01:23:08 --> Session: Class initialized using 'CodeIgniter\Session\Handlers\FileHandler' driver.
INFO - 2023-06-27 01:23:20 --> Session: Class initialized using 'CodeIgniter\Session\Handlers\FileHandler' driver.
INFO - 2023-06-27 01:23:20 --> Session: Class initialized using 'CodeIgniter\Session\Handlers\FileHandler' driver.
INFO - 2023-06-27 01:23:34 --> Session: Class initialized using 'CodeIgniter\Session\Handlers\FileHandler' driver.
INFO - 2023-06-27 01:23:34 --> Session: Class initialized using 'CodeIgniter\Session\Handlers\FileHandler' driver.
INFO - 2023-06-27 01:23:44 --> Session: Class initialized using 'CodeIgniter\Session\Handlers\FileHandler' driver.
INFO - 2023-06-27 01:23:45 --> Session: Class initialized using 'CodeIgniter\Session\Handlers\FileHandler' driver.
INFO - 2023-06-27 01:23:50 --> Session: Class initialized using 'CodeIgniter\Session\Handlers\FileHandler' driver.
INFO - 2023-06-27 01:25:10 --> Session: Class initialized using 'CodeIgniter\Session\Handlers\FileHandler' driver.
INFO - 2023-06-27 01:25:10 --> Session: Class initialized using 'CodeIgniter\Session\Handlers\FileHandler' driver.
INFO - 2023-06-27 01:25:20 --> Session: Class initialized using 'CodeIgniter\Session\Handlers\FileHandler' driver.
INFO - 2023-06-27 01:25:32 --> Session: Class initialized using 'CodeIgniter\Session\Handlers\FileHandler' driver.
INFO - 2023-06-27 01:25:33 --> Session: Class initialized using 'CodeIgniter\Session\Handlers\FileHandler' driver.
INFO - 2023-06-27 01:25:40 --> Session: Class initialized using 'CodeIgniter\Session\Handlers\FileHandler' driver.
INFO - 2023-06-27 01:25:44 --> Session: Class initialized using 'CodeIgniter\Session\Handlers\FileHandler' driver.
INFO - 2023-06-27 01:25:44 --> Cart Class Initialized
INFO - 2023-06-27 01:25:45 --> Session: Class initialized using 'CodeIgniter\Session\Handlers\FileHandler' driver.
INFO - 2023-06-27 01:25:45 --> Cart Class Initialized
INFO - 2023-06-27 01:25:59 --> Session: Class initialized using 'CodeIgniter\Session\Handlers\FileHandler' driver.
INFO - 2023-06-27 01:26:03 --> Session: Class initialized using 'CodeIgniter\Session\Handlers\FileHandler' driver.
INFO - 2023-06-27 01:26:03 --> Cart Class Initialized
INFO - 2023-06-27 01:26:03 --> Session: Class initialized using 'CodeIgniter\Session\Handlers\FileHandler' driver.
INFO - 2023-06-27 01:26:03 --> Cart Class Initialized
INFO - 2023-06-27 01:26:05 --> Session: Class initialized using 'CodeIgniter\Session\Handlers\FileHandler' driver.
INFO - 2023-06-27 01:26:09 --> Session: Class initialized using 'CodeIgniter\Session\Handlers\FileHandler' driver.
INFO - 2023-06-27 01:26:09 --> Cart Class Initialized
INFO - 2023-06-27 01:26:09 --> Session: Class initialized using 'CodeIgniter\Session\Handlers\FileHandler' driver.
INFO - 2023-06-27 01:26:09 --> Cart Class Initialized
INFO - 2023-06-27 01:26:20 --> Session: Class initialized using 'CodeIgniter\Session\Handlers\FileHandler' driver.
INFO - 2023-06-27 01:26:20 --> Cart Class Initialized
INFO - 2023-06-27 01:26:20 --> Session: Class initialized using 'CodeIgniter\Session\Handlers\FileHandler' driver.
INFO - 2023-06-27 01:26:20 --> Cart Class Initialized
INFO - 2023-06-27 01:26:25 --> Session: Class initialized using 'CodeIgniter\Session\Handlers\FileHandler' driver.
INFO - 2023-06-27 01:26:25 --> Cart Class Initialized
INFO - 2023-06-27 01:26:25 --> Session: Class initialized using 'CodeIgniter\Session\Handlers\FileHandler' driver.
INFO - 2023-06-27 01:26:25 --> Cart Class Initialized
INFO - 2023-06-27 01:26:32 --> Session: Class initialized using 'CodeIgniter\Session\Handlers\FileHandler' driver.
INFO - 2023-06-27 01:26:32 --> Cart Class Initialized
INFO - 2023-06-27 01:26:32 --> Session: Class initialized using 'CodeIgniter\Session\Handlers\FileHandler' driver.
INFO - 2023-06-27 01:26:32 --> Cart Class Initialized
INFO - 2023-06-27 01:29:41 --> Session: Class initialized using 'CodeIgniter\Session\Handlers\FileHandler' driver.
INFO - 2023-06-27 01:29:41 --> Cart Class Initialized
INFO - 2023-06-27 01:29:46 --> Session: Class initialized using 'CodeIgniter\Session\Handlers\FileHandler' driver.
INFO - 2023-06-27 01:29:46 --> Cart Class Initialized
INFO - 2023-06-27 01:30:22 --> Session: Class initialized using 'CodeIgniter\Session\Handlers\FileHandler' driver.
INFO - 2023-06-27 01:30:22 --> Cart Class Initialized
INFO - 2023-06-27 01:30:30 --> Session: Class initialized using 'CodeIgniter\Session\Handlers\FileHandler' driver.
INFO - 2023-06-27 01:30:30 --> Cart Class Initialized
INFO - 2023-06-27 01:30:35 --> Session: Class initialized using 'CodeIgniter\Session\Handlers\FileHandler' driver.
INFO - 2023-06-27 01:30:42 --> Session: Class initialized using 'CodeIgniter\Session\Handlers\FileHandler' driver.
INFO - 2023-06-27 01:30:42 --> Cart Class Initialized
INFO - 2023-06-27 01:30:42 --> Session: Class initialized using 'CodeIgniter\Session\Handlers\FileHandler' driver.
INFO - 2023-06-27 01:30:42 --> Cart Class Initialized
INFO - 2023-06-27 01:30:48 --> Session: Class initialized using 'CodeIgniter\Session\Handlers\FileHandler' driver.
INFO - 2023-06-27 01:30:48 --> Cart Class Initialized
INFO - 2023-06-27 01:30:48 --> Session: Class initialized using 'CodeIgniter\Session\Handlers\FileHandler' driver.
INFO - 2023-06-27 01:30:48 --> Cart Class Initialized
INFO - 2023-06-27 01:34:33 --> Session: Class initialized using 'CodeIgniter\Session\Handlers\FileHandler' driver.
INFO - 2023-06-27 01:34:33 --> Cart Class Initialized
INFO - 2023-06-27 01:34:35 --> Session: Class initialized using 'CodeIgniter\Session\Handlers\FileHandler' driver.
INFO - 2023-06-27 01:34:35 --> Cart Class Initialized
INFO - 2023-06-27 01:34:38 --> Session: Class initialized using 'CodeIgniter\Session\Handlers\FileHandler' driver.
INFO - 2023-06-27 01:34:38 --> Cart Class Initialized
INFO - 2023-06-27 01:34:39 --> Session: Class initialized using 'CodeIgniter\Session\Handlers\FileHandler' driver.
INFO - 2023-06-27 01:34:39 --> Cart Class Initialized
INFO - 2023-06-27 01:35:28 --> Session: Class initialized using 'CodeIgniter\Session\Handlers\FileHandler' driver.
INFO - 2023-06-27 01:35:28 --> Cart Class Initialized
INFO - 2023-06-27 01:35:31 --> Session: Class initialized using 'CodeIgniter\Session\Handlers\FileHandler' driver.
INFO - 2023-06-27 01:35:31 --> Cart Class Initialized
INFO - 2023-06-27 01:35:33 --> Session: Class initialized using 'CodeIgniter\Session\Handlers\FileHandler' driver.
INFO - 2023-06-27 01:35:33 --> Cart Class Initialized
INFO - 2023-06-27 01:35:37 --> Session: Class initialized using 'CodeIgniter\Session\Handlers\FileHandler' driver.
INFO - 2023-06-27 01:35:37 --> Cart Class Initialized
INFO - 2023-06-27 01:37:55 --> Session: Class initialized using 'CodeIgniter\Session\Handlers\FileHandler' driver.
INFO - 2023-06-27 01:37:55 --> Cart Class Initialized
INFO - 2023-06-27 01:37:57 --> Session: Class initialized using 'CodeIgniter\Session\Handlers\FileHandler' driver.
INFO - 2023-06-27 01:37:57 --> Cart Class Initialized
INFO - 2023-06-27 01:39:11 --> Session: Class initialized using 'CodeIgniter\Session\Handlers\FileHandler' driver.
INFO - 2023-06-27 01:39:11 --> Cart Class Initialized
INFO - 2023-06-27 01:39:17 --> Session: Class initialized using 'CodeIgniter\Session\Handlers\FileHandler' driver.
INFO - 2023-06-27 01:39:24 --> Session: Class initialized using 'CodeIgniter\Session\Handlers\FileHandler' driver.
INFO - 2023-06-27 01:39:24 --> Cart Class Initialized
INFO - 2023-06-27 01:39:24 --> Session: Class initialized using 'CodeIgniter\Session\Handlers\FileHandler' driver.
INFO - 2023-06-27 01:39:24 --> Cart Class Initialized
INFO - 2023-06-27 01:39:29 --> Session: Class initialized using 'CodeIgniter\Session\Handlers\FileHandler' driver.
INFO - 2023-06-27 01:39:29 --> Cart Class Initialized
INFO - 2023-06-27 01:39:29 --> Session: Class initialized using 'CodeIgniter\Session\Handlers\FileHandler' driver.
INFO - 2023-06-27 01:39:29 --> Cart Class Initialized
INFO - 2023-06-27 01:39:33 --> Session: Class initialized using 'CodeIgniter\Session\Handlers\FileHandler' driver.
INFO - 2023-06-27 01:39:33 --> Cart Class Initialized
INFO - 2023-06-27 01:39:33 --> Session: Class initialized using 'CodeIgniter\Session\Handlers\FileHandler' driver.
INFO - 2023-06-27 01:39:33 --> Cart Class Initialized
INFO - 2023-06-27 01:40:51 --> Session: Class initialized using 'CodeIgniter\Session\Handlers\FileHandler' driver.
INFO - 2023-06-27 01:40:52 --> Session: Class initialized using 'CodeIgniter\Session\Handlers\FileHandler' driver.
INFO - 2023-06-27 01:40:56 --> Session: Class initialized using 'CodeIgniter\Session\Handlers\FileHandler' driver.
INFO - 2023-06-27 01:41:04 --> Session: Class initialized using 'CodeIgniter\Session\Handlers\FileHandler' driver.
INFO - 2023-06-27 01:41:04 --> Session: Class initialized using 'CodeIgniter\Session\Handlers\FileHandler' driver.
INFO - 2023-06-27 01:41:19 --> Session: Class initialized using 'CodeIgniter\Session\Handlers\FileHandler' driver.
INFO - 2023-06-27 01:41:19 --> Cart Class Initialized
INFO - 2023-06-27 01:47:08 --> Session: Class initialized using 'CodeIgniter\Session\Handlers\FileHandler' driver.
INFO - 2023-06-27 01:47:08 --> Cart Class Initialized
ERROR - 2023-06-27 01:47:08 --> mysqli_sql_exception: Unknown column 'ventas_cabecera.usuario_id' in 'on clause' in C:\xampp\htdocs\GimenezIvana\system\Database\MySQLi\Connection.php:295
Stack trace:
#0 C:\xampp\htdocs\GimenezIvana\system\Database\MySQLi\Connection.php(295): mysqli->query('SELECT `ventas_...', 0)
#1 C:\xampp\htdocs\GimenezIvana\system\Database\BaseConnection.php(691): CodeIgniter\Database\MySQLi\Connection->execute('SELECT `ventas_...')
#2 C:\xampp\htdocs\GimenezIvana\system\Database\BaseConnection.php(605): CodeIgniter\Database\BaseConnection->simpleQuery('SELECT `ventas_...')
#3 C:\xampp\htdocs\GimenezIvana\system\Database\BaseBuilder.php(1616): CodeIgniter\Database\BaseConnection->query('SELECT `ventas_...', Array, false)
#4 C:\xampp\htdocs\GimenezIvana\app\Models\ventaDetalle_model.php(21): CodeIgniter\Database\BaseBuilder->get()
#5 C:\xampp\htdocs\GimenezIvana\app\Controllers\ventas_controller.php(97): App\Models\ventaDetalle_model->getDetalles('0')
#6 C:\xampp\htdocs\GimenezIvana\system\CodeIgniter.php(934): App\Controllers\ventas_controller->factura('0')
#7 C:\xampp\htdocs\GimenezIvana\system\CodeIgniter.php(499): CodeIgniter\CodeIgniter->runController(Object(App\Controllers\ventas_controller))
#8 C:\xampp\htdocs\GimenezIvana\system\CodeIgniter.php(368): CodeIgniter\CodeIgniter->handleRequest(NULL, Object(Config\Cache), false)
#9 C:\xampp\htdocs\GimenezIvana\index.php(67): CodeIgniter\CodeIgniter->run()
#10 {main}
CRITICAL - 2023-06-27 01:47:08 --> Unknown column 'ventas_cabecera.usuario_id' in 'on clause'
in SYSTEMPATH\Database\MySQLi\Connection.php on line 295.
 1 SYSTEMPATH\Database\MySQLi\Connection.php(295): mysqli->query('SELECT `ventas_detalle`.*, `productos`.`nombre` AS `nombre_producto`, `productos`.`imagen` AS `imagen_producto`
FROM `ventas_detalle`
JOIN `ventas_cabecera` ON `ventas_cabecera`.`id` = `ventas_detalle`.`venta_id`
JOIN `productos` ON `productos`.`id` = `ventas_detalle`.`producto_id`
JOIN `usuarios` ON `usuarios`.`id` = `ventas_cabecera`.`usuario_id`
WHERE `ventas_cabecera`.`id` = \'0\'', 0)
 2 SYSTEMPATH\Database\BaseConnection.php(691): CodeIgniter\Database\MySQLi\Connection->execute('SELECT `ventas_detalle`.*, `productos`.`nombre` AS `nombre_producto`, `productos`.`imagen` AS `imagen_producto`
FROM `ventas_detalle`
JOIN `ventas_cabecera` ON `ventas_cabecera`.`id` = `ventas_detalle`.`venta_id`
JOIN `productos` ON `productos`.`id` = `ventas_detalle`.`producto_id`
JOIN `usuarios` ON `usuarios`.`id` = `ventas_cabecera`.`usuario_id`
WHERE `ventas_cabecera`.`id` = \'0\'')
 3 SYSTEMPATH\Database\BaseConnection.php(605): CodeIgniter\Database\BaseConnection->simpleQuery('SELECT `ventas_detalle`.*, `productos`.`nombre` AS `nombre_producto`, `productos`.`imagen` AS `imagen_producto`
FROM `ventas_detalle`
JOIN `ventas_cabecera` ON `ventas_cabecera`.`id` = `ventas_detalle`.`venta_id`
JOIN `productos` ON `productos`.`id` = `ventas_detalle`.`producto_id`
JOIN `usuarios` ON `usuarios`.`id` = `ventas_cabecera`.`usuario_id`
WHERE `ventas_cabecera`.`id` = \'0\'')
 4 SYSTEMPATH\Database\BaseBuilder.php(1616): CodeIgniter\Database\BaseConnection->query('SELECT `ventas_detalle`.*, `productos`.`nombre` AS `nombre_producto`, `productos`.`imagen` AS `imagen_producto`
FROM `ventas_detalle`
JOIN `ventas_cabecera` ON `ventas_cabecera`.`id` = `ventas_detalle`.`venta_id`
JOIN `productos` ON `productos`.`id` = `ventas_detalle`.`producto_id`
JOIN `usuarios` ON `usuarios`.`id` = `ventas_cabecera`.`usuario_id`
WHERE `ventas_cabecera`.`id` = :ventas_cabecera.id:', [...], false)
 5 APPPATH\Models\ventaDetalle_model.php(21): CodeIgniter\Database\BaseBuilder->get()
 6 APPPATH\Controllers\ventas_controller.php(97): App\Models\ventaDetalle_model->getDetalles('0')
 7 SYSTEMPATH\CodeIgniter.php(934): App\Controllers\ventas_controller->factura('0')
 8 SYSTEMPATH\CodeIgniter.php(499): CodeIgniter\CodeIgniter->runController(Object(App\Controllers\ventas_controller))
 9 SYSTEMPATH\CodeIgniter.php(368): CodeIgniter\CodeIgniter->handleRequest(null, Object(Config\Cache), false)
10 FCPATH\index.php(67): CodeIgniter\CodeIgniter->run()
INFO - 2023-06-27 01:47:12 --> Session: Class initialized using 'CodeIgniter\Session\Handlers\FileHandler' driver.
INFO - 2023-06-27 01:47:12 --> Cart Class Initialized
INFO - 2023-06-27 01:49:56 --> Session: Class initialized using 'CodeIgniter\Session\Handlers\FileHandler' driver.
INFO - 2023-06-27 01:49:56 --> Cart Class Initialized
ERROR - 2023-06-27 01:49:56 --> mysqli_sql_exception: Unknown column 'ventas_cabecera.usuario_id' in 'on clause' in C:\xampp\htdocs\GimenezIvana\system\Database\MySQLi\Connection.php:295
Stack trace:
#0 C:\xampp\htdocs\GimenezIvana\system\Database\MySQLi\Connection.php(295): mysqli->query('SELECT `ventas_...', 0)
#1 C:\xampp\htdocs\GimenezIvana\system\Database\BaseConnection.php(691): CodeIgniter\Database\MySQLi\Connection->execute('SELECT `ventas_...')
#2 C:\xampp\htdocs\GimenezIvana\system\Database\BaseConnection.php(605): CodeIgniter\Database\BaseConnection->simpleQuery('SELECT `ventas_...')
#3 C:\xampp\htdocs\GimenezIvana\system\Database\BaseBuilder.php(1616): CodeIgniter\Database\BaseConnection->query('SELECT `ventas_...', Array, false)
#4 C:\xampp\htdocs\GimenezIvana\app\Models\ventaDetalle_model.php(21): CodeIgniter\Database\BaseBuilder->get()
#5 C:\xampp\htdocs\GimenezIvana\app\Controllers\ventas_controller.php(97): App\Models\ventaDetalle_model->getDetalles('0')
#6 C:\xampp\htdocs\GimenezIvana\system\CodeIgniter.php(934): App\Controllers\ventas_controller->factura('0')
#7 C:\xampp\htdocs\GimenezIvana\system\CodeIgniter.php(499): CodeIgniter\CodeIgniter->runController(Object(App\Controllers\ventas_controller))
#8 C:\xampp\htdocs\GimenezIvana\system\CodeIgniter.php(368): CodeIgniter\CodeIgniter->handleRequest(NULL, Object(Config\Cache), false)
#9 C:\xampp\htdocs\GimenezIvana\index.php(67): CodeIgniter\CodeIgniter->run()
#10 {main}
CRITICAL - 2023-06-27 01:49:56 --> Unknown column 'ventas_cabecera.usuario_id' in 'on clause'
in SYSTEMPATH\Database\MySQLi\Connection.php on line 295.
 1 SYSTEMPATH\Database\MySQLi\Connection.php(295): mysqli->query('SELECT `ventas_detalle`.*, `productos`.`nombre` AS `nombre_producto`, `productos`.`imagen` AS `imagen_producto`
FROM `ventas_detalle`
JOIN `ventas_cabecera` ON `ventas_cabecera`.`id` = `ventas_detalle`.`venta_id`
JOIN `productos` ON `productos`.`id` = `ventas_detalle`.`producto_id`
JOIN `usuarios` ON `usuarios`.`id` = `ventas_cabecera`.`usuario_id`
WHERE `ventas_cabecera`.`id` = \'0\'', 0)
 2 SYSTEMPATH\Database\BaseConnection.php(691): CodeIgniter\Database\MySQLi\Connection->execute('SELECT `ventas_detalle`.*, `productos`.`nombre` AS `nombre_producto`, `productos`.`imagen` AS `imagen_producto`
FROM `ventas_detalle`
JOIN `ventas_cabecera` ON `ventas_cabecera`.`id` = `ventas_detalle`.`venta_id`
JOIN `productos` ON `productos`.`id` = `ventas_detalle`.`producto_id`
JOIN `usuarios` ON `usuarios`.`id` = `ventas_cabecera`.`usuario_id`
WHERE `ventas_cabecera`.`id` = \'0\'')
 3 SYSTEMPATH\Database\BaseConnection.php(605): CodeIgniter\Database\BaseConnection->simpleQuery('SELECT `ventas_detalle`.*, `productos`.`nombre` AS `nombre_producto`, `productos`.`imagen` AS `imagen_producto`
FROM `ventas_detalle`
JOIN `ventas_cabecera` ON `ventas_cabecera`.`id` = `ventas_detalle`.`venta_id`
JOIN `productos` ON `productos`.`id` = `ventas_detalle`.`producto_id`
JOIN `usuarios` ON `usuarios`.`id` = `ventas_cabecera`.`usuario_id`
WHERE `ventas_cabecera`.`id` = \'0\'')
 4 SYSTEMPATH\Database\BaseBuilder.php(1616): CodeIgniter\Database\BaseConnection->query('SELECT `ventas_detalle`.*, `productos`.`nombre` AS `nombre_producto`, `productos`.`imagen` AS `imagen_producto`
FROM `ventas_detalle`
JOIN `ventas_cabecera` ON `ventas_cabecera`.`id` = `ventas_detalle`.`venta_id`
JOIN `productos` ON `productos`.`id` = `ventas_detalle`.`producto_id`
JOIN `usuarios` ON `usuarios`.`id` = `ventas_cabecera`.`usuario_id`
WHERE `ventas_cabecera`.`id` = :ventas_cabecera.id:', [...], false)
 5 APPPATH\Models\ventaDetalle_model.php(21): CodeIgniter\Database\BaseBuilder->get()
 6 APPPATH\Controllers\ventas_controller.php(97): App\Models\ventaDetalle_model->getDetalles('0')
 7 SYSTEMPATH\CodeIgniter.php(934): App\Controllers\ventas_controller->factura('0')
 8 SYSTEMPATH\CodeIgniter.php(499): CodeIgniter\CodeIgniter->runController(Object(App\Controllers\ventas_controller))
 9 SYSTEMPATH\CodeIgniter.php(368): CodeIgniter\CodeIgniter->handleRequest(null, Object(Config\Cache), false)
10 FCPATH\index.php(67): CodeIgniter\CodeIgniter->run()
INFO - 2023-06-27 23:50:10 --> Session: Class initialized using 'CodeIgniter\Session\Handlers\FileHandler' driver.
INFO - 2023-06-27 23:50:19 --> Session: Class initialized using 'CodeIgniter\Session\Handlers\FileHandler' driver.
INFO - 2023-06-27 23:50:28 --> Session: Class initialized using 'CodeIgniter\Session\Handlers\FileHandler' driver.
INFO - 2023-06-27 23:50:29 --> Session: Class initialized using 'CodeIgniter\Session\Handlers\FileHandler' driver.
INFO - 2023-06-27 23:50:33 --> Session: Class initialized using 'CodeIgniter\Session\Handlers\FileHandler' driver.
INFO - 2023-06-27 23:50:49 --> Session: Class initialized using 'CodeIgniter\Session\Handlers\FileHandler' driver.
INFO - 2023-06-27 23:50:54 --> Session: Class initialized using 'CodeIgniter\Session\Handlers\FileHandler' driver.
INFO - 2023-06-27 23:51:12 --> Session: Class initialized using 'CodeIgniter\Session\Handlers\FileHandler' driver.
INFO - 2023-06-27 23:51:12 --> Session: Class initialized using 'CodeIgniter\Session\Handlers\FileHandler' driver.
INFO - 2023-06-27 23:51:30 --> Session: Class initialized using 'CodeIgniter\Session\Handlers\FileHandler' driver.
INFO - 2023-06-27 23:51:30 --> Session: Class initialized using 'CodeIgniter\Session\Handlers\FileHandler' driver.
INFO - 2023-06-27 23:51:43 --> Session: Class initialized using 'CodeIgniter\Session\Handlers\FileHandler' driver.
INFO - 2023-06-27 23:51:43 --> Cart Class Initialized
INFO - 2023-06-27 23:51:49 --> Session: Class initialized using 'CodeIgniter\Session\Handlers\FileHandler' driver.
INFO - 2023-06-27 23:52:04 --> Session: Class initialized using 'CodeIgniter\Session\Handlers\FileHandler' driver.
INFO - 2023-06-27 23:53:28 --> Session: Class initialized using 'CodeIgniter\Session\Handlers\FileHandler' driver.
INFO - 2023-06-27 23:53:38 --> Session: Class initialized using 'CodeIgniter\Session\Handlers\FileHandler' driver.
INFO - 2023-06-27 23:53:43 --> Session: Class initialized using 'CodeIgniter\Session\Handlers\FileHandler' driver.
INFO - 2023-06-27 23:54:57 --> Session: Class initialized using 'CodeIgniter\Session\Handlers\FileHandler' driver.
INFO - 2023-06-27 23:56:08 --> Session: Class initialized using 'CodeIgniter\Session\Handlers\FileHandler' driver.
INFO - 2023-06-27 23:57:26 --> Session: Class initialized using 'CodeIgniter\Session\Handlers\FileHandler' driver.
