INFO - 2023-06-16 18:37:47 --> Session: Class initialized using 'CodeIgniter\Session\Handlers\FileHandler' driver.
INFO - 2023-06-16 18:39:13 --> Session: Class initialized using 'CodeIgniter\Session\Handlers\FileHandler' driver.
INFO - 2023-06-16 18:39:27 --> Session: Class initialized using 'CodeIgniter\Session\Handlers\FileHandler' driver.
INFO - 2023-06-16 18:39:27 --> Session: Class initialized using 'CodeIgniter\Session\Handlers\FileHandler' driver.
INFO - 2023-06-16 18:39:45 --> Session: Class initialized using 'CodeIgniter\Session\Handlers\FileHandler' driver.
CRITICAL - 2023-06-16 18:39:45 --> Undefined property: CodeIgniter\View\View::$session
in APPPATH\views\back\carrito\ListaProductos_view.php on line 1.
 1 APPPATH\views\back\carrito\ListaProductos_view.php(1): CodeIgniter\Debug\Exceptions->errorHandler(8, 'Undefined property: CodeIgniter\\View\\View::$session', 'C:\\xampp\\htdocs\\GimenezIvana\\app\\views\\back\\carrito\\ListaProductos_view.php', 1, [...])
 2 SYSTEMPATH\View\View.php(213): include('C:\\xampp\\htdocs\\GimenezIvana\\app\\views\\back\\carrito\\ListaProductos_view.php')
 3 SYSTEMPATH\View\View.php(216): CodeIgniter\View\View->CodeIgniter\View\{closure}()
 4 SYSTEMPATH\Common.php(1184): CodeIgniter\View\View->render('back/carrito/ListaProductos_view', [], true)
 5 APPPATH\Controllers\Producto_controller.php(87): view('back/carrito/ListaProductos_view', [...])
 6 SYSTEMPATH\CodeIgniter.php(934): App\Controllers\Producto_controller->ProductosDisp()
 7 SYSTEMPATH\CodeIgniter.php(499): CodeIgniter\CodeIgniter->runController(Object(App\Controllers\Producto_controller))
 8 SYSTEMPATH\CodeIgniter.php(368): CodeIgniter\CodeIgniter->handleRequest(null, Object(Config\Cache), false)
 9 FCPATH\index.php(67): CodeIgniter\CodeIgniter->run()
INFO - 2023-06-16 18:44:34 --> Session: Class initialized using 'CodeIgniter\Session\Handlers\FileHandler' driver.
CRITICAL - 2023-06-16 18:44:35 --> syntax error, unexpected '$data' (T_VARIABLE), expecting function (T_FUNCTION) or const (T_CONST)
in APPPATH\Controllers\BaseController.php on line 58.
 1 SYSTEMPATH\Autoloader\Autoloader.php(289): CodeIgniter\Autoloader\Autoloader->includeFile('C:\\xampp\\htdocs\\GimenezIvana\\app\\Controllers\\BaseController.php')
 2 SYSTEMPATH\Autoloader\Autoloader.php(267): CodeIgniter\Autoloader\Autoloader->loadInNamespace('App\\Controllers\\BaseController')
 3 [internal function]: CodeIgniter\Autoloader\Autoloader->loadClass('App\\Controllers\\BaseController')
 4 APPPATH\Controllers\Home.php(5): spl_autoload_call('App\\Controllers\\BaseController')
 5 SYSTEMPATH\Autoloader\Autoloader.php(312): include_once('C:\\xampp\\htdocs\\GimenezIvana\\app\\Controllers\\Home.php')
 6 SYSTEMPATH\Autoloader\Autoloader.php(289): CodeIgniter\Autoloader\Autoloader->includeFile('C:\\xampp\\htdocs\\GimenezIvana\\app\\Controllers\\Home.php')
 7 SYSTEMPATH\Autoloader\Autoloader.php(267): CodeIgniter\Autoloader\Autoloader->loadInNamespace('App\\Controllers\\Home')
 8 [internal function]: CodeIgniter\Autoloader\Autoloader->loadClass('App\\Controllers\\Home')
 9 [internal function]: spl_autoload_call('App\\Controllers\\Home')
10 SYSTEMPATH\CodeIgniter.php(892): class_exists('\\App\\Controllers\\Home', true)
11 SYSTEMPATH\CodeIgniter.php(486): CodeIgniter\CodeIgniter->startController()
12 SYSTEMPATH\CodeIgniter.php(368): CodeIgniter\CodeIgniter->handleRequest(null, Object(Config\Cache), false)
13 FCPATH\index.php(67): CodeIgniter\CodeIgniter->run()
INFO - 2023-06-16 18:45:32 --> Session: Class initialized using 'CodeIgniter\Session\Handlers\FileHandler' driver.
CRITICAL - 2023-06-16 18:45:32 --> Invalid file: "BlogView.php"
in SYSTEMPATH\Exceptions\FrameworkException.php on line 33.
 1 SYSTEMPATH\View\View.php(201): CodeIgniter\Exceptions\FrameworkException::forInvalidFile('BlogView.php')
 2 SYSTEMPATH\Common.php(1184): CodeIgniter\View\View->render('BlogView', [], true)
 3 APPPATH\Controllers\BaseController.php(61): view('BlogView', [...])
 4 SYSTEMPATH\CodeIgniter.php(907): App\Controllers\BaseController->initController(Object(CodeIgniter\HTTP\IncomingRequest), Object(CodeIgniter\HTTP\Response), Object(CodeIgniter\Log\Logger))
 5 SYSTEMPATH\CodeIgniter.php(490): CodeIgniter\CodeIgniter->createController()
 6 SYSTEMPATH\CodeIgniter.php(368): CodeIgniter\CodeIgniter->handleRequest(null, Object(Config\Cache), false)
 7 FCPATH\index.php(67): CodeIgniter\CodeIgniter->run()
INFO - 2023-06-16 18:45:50 --> Session: Class initialized using 'CodeIgniter\Session\Handlers\FileHandler' driver.
CRITICAL - 2023-06-16 18:45:50 --> Invalid file: "principal.php"
in SYSTEMPATH\Exceptions\FrameworkException.php on line 33.
 1 SYSTEMPATH\View\View.php(201): CodeIgniter\Exceptions\FrameworkException::forInvalidFile('principal.php')
 2 SYSTEMPATH\Common.php(1184): CodeIgniter\View\View->render('principal', [], true)
 3 APPPATH\Controllers\BaseController.php(61): view('principal', [...])
 4 SYSTEMPATH\CodeIgniter.php(907): App\Controllers\BaseController->initController(Object(CodeIgniter\HTTP\IncomingRequest), Object(CodeIgniter\HTTP\Response), Object(CodeIgniter\Log\Logger))
 5 SYSTEMPATH\CodeIgniter.php(490): CodeIgniter\CodeIgniter->createController()
 6 SYSTEMPATH\CodeIgniter.php(368): CodeIgniter\CodeIgniter->handleRequest(null, Object(Config\Cache), false)
 7 FCPATH\index.php(67): CodeIgniter\CodeIgniter->run()
INFO - 2023-06-16 18:46:06 --> Session: Class initialized using 'CodeIgniter\Session\Handlers\FileHandler' driver.
CRITICAL - 2023-06-16 18:46:06 --> Invalid file: "principal_view.php"
in SYSTEMPATH\Exceptions\FrameworkException.php on line 33.
 1 SYSTEMPATH\View\View.php(201): CodeIgniter\Exceptions\FrameworkException::forInvalidFile('principal_view.php')
 2 SYSTEMPATH\Common.php(1184): CodeIgniter\View\View->render('principal_view', [], true)
 3 APPPATH\Controllers\BaseController.php(61): view('principal_view', [...])
 4 SYSTEMPATH\CodeIgniter.php(907): App\Controllers\BaseController->initController(Object(CodeIgniter\HTTP\IncomingRequest), Object(CodeIgniter\HTTP\Response), Object(CodeIgniter\Log\Logger))
 5 SYSTEMPATH\CodeIgniter.php(490): CodeIgniter\CodeIgniter->createController()
 6 SYSTEMPATH\CodeIgniter.php(368): CodeIgniter\CodeIgniter->handleRequest(null, Object(Config\Cache), false)
 7 FCPATH\index.php(67): CodeIgniter\CodeIgniter->run()
INFO - 2023-06-16 18:46:22 --> Session: Class initialized using 'CodeIgniter\Session\Handlers\FileHandler' driver.
CRITICAL - 2023-06-16 18:46:22 --> Invalid file: "principal_view.php"
in SYSTEMPATH\Exceptions\FrameworkException.php on line 33.
 1 SYSTEMPATH\View\View.php(201): CodeIgniter\Exceptions\FrameworkException::forInvalidFile('principal_view.php')
 2 SYSTEMPATH\Common.php(1184): CodeIgniter\View\View->render('principal_view', [], true)
 3 APPPATH\Controllers\BaseController.php(61): view('principal_view', [...])
 4 SYSTEMPATH\CodeIgniter.php(907): App\Controllers\BaseController->initController(Object(CodeIgniter\HTTP\IncomingRequest), Object(CodeIgniter\HTTP\Response), Object(CodeIgniter\Log\Logger))
 5 SYSTEMPATH\CodeIgniter.php(490): CodeIgniter\CodeIgniter->createController()
 6 SYSTEMPATH\CodeIgniter.php(368): CodeIgniter\CodeIgniter->handleRequest(null, Object(Config\Cache), false)
 7 FCPATH\index.php(67): CodeIgniter\CodeIgniter->run()
CRITICAL - 2023-06-16 18:46:38 --> syntax error, unexpected end of file, expecting function (T_FUNCTION) or const (T_CONST)
in APPPATH\Controllers\BaseController.php on line 59.
 1 SYSTEMPATH\Autoloader\Autoloader.php(289): CodeIgniter\Autoloader\Autoloader->includeFile('C:\\xampp\\htdocs\\GimenezIvana\\app\\Controllers\\BaseController.php')
 2 SYSTEMPATH\Autoloader\Autoloader.php(267): CodeIgniter\Autoloader\Autoloader->loadInNamespace('App\\Controllers\\BaseController')
 3 [internal function]: CodeIgniter\Autoloader\Autoloader->loadClass('App\\Controllers\\BaseController')
 4 APPPATH\Controllers\Home.php(5): spl_autoload_call('App\\Controllers\\BaseController')
 5 SYSTEMPATH\Autoloader\Autoloader.php(312): include_once('C:\\xampp\\htdocs\\GimenezIvana\\app\\Controllers\\Home.php')
 6 SYSTEMPATH\Autoloader\Autoloader.php(289): CodeIgniter\Autoloader\Autoloader->includeFile('C:\\xampp\\htdocs\\GimenezIvana\\app\\Controllers\\Home.php')
 7 SYSTEMPATH\Autoloader\Autoloader.php(267): CodeIgniter\Autoloader\Autoloader->loadInNamespace('App\\Controllers\\Home')
 8 [internal function]: CodeIgniter\Autoloader\Autoloader->loadClass('App\\Controllers\\Home')
 9 [internal function]: spl_autoload_call('App\\Controllers\\Home')
10 SYSTEMPATH\CodeIgniter.php(892): class_exists('\\App\\Controllers\\Home', true)
11 SYSTEMPATH\CodeIgniter.php(486): CodeIgniter\CodeIgniter->startController()
12 SYSTEMPATH\CodeIgniter.php(368): CodeIgniter\CodeIgniter->handleRequest(null, Object(Config\Cache), false)
13 FCPATH\index.php(67): CodeIgniter\CodeIgniter->run()
CRITICAL - 2023-06-16 18:52:53 --> Declaration of App\Controllers\BaseController::initController() should be compatible with CodeIgniter\Controller::initController(CodeIgniter\HTTP\RequestInterface $request, CodeIgniter\HTTP\ResponseInterface $response, Psr\Log\LoggerInterface $logger)
in APPPATH\Controllers\BaseController.php on line 55.
 1 APPPATH\Controllers\BaseController.php(22): CodeIgniter\Debug\Exceptions->errorHandler(2, 'Declaration of App\\Controllers\\BaseController::initController() should be compatible with CodeIgniter\\Controller::initController(CodeIgniter\\HTTP\\RequestInterface $request, CodeIgniter\\HTTP\\ResponseInterface $response, Psr\\Log\\LoggerInterface $logger)', 'C:\\xampp\\htdocs\\GimenezIvana\\app\\Controllers\\BaseController.php', 55, [...])
 2 SYSTEMPATH\Autoloader\Autoloader.php(312): include_once('C:\\xampp\\htdocs\\GimenezIvana\\app\\Controllers\\BaseController.php')
 3 SYSTEMPATH\Autoloader\Autoloader.php(289): CodeIgniter\Autoloader\Autoloader->includeFile('C:\\xampp\\htdocs\\GimenezIvana\\app\\Controllers\\BaseController.php')
 4 SYSTEMPATH\Autoloader\Autoloader.php(267): CodeIgniter\Autoloader\Autoloader->loadInNamespace('App\\Controllers\\BaseController')
 5 [internal function]: CodeIgniter\Autoloader\Autoloader->loadClass('App\\Controllers\\BaseController')
 6 APPPATH\Controllers\Home.php(5): spl_autoload_call('App\\Controllers\\BaseController')
 7 SYSTEMPATH\Autoloader\Autoloader.php(312): include_once('C:\\xampp\\htdocs\\GimenezIvana\\app\\Controllers\\Home.php')
 8 SYSTEMPATH\Autoloader\Autoloader.php(289): CodeIgniter\Autoloader\Autoloader->includeFile('C:\\xampp\\htdocs\\GimenezIvana\\app\\Controllers\\Home.php')
 9 SYSTEMPATH\Autoloader\Autoloader.php(267): CodeIgniter\Autoloader\Autoloader->loadInNamespace('App\\Controllers\\Home')
10 [internal function]: CodeIgniter\Autoloader\Autoloader->loadClass('App\\Controllers\\Home')
11 [internal function]: spl_autoload_call('App\\Controllers\\Home')
12 SYSTEMPATH\CodeIgniter.php(892): class_exists('\\App\\Controllers\\Home', true)
13 SYSTEMPATH\CodeIgniter.php(486): CodeIgniter\CodeIgniter->startController()
14 SYSTEMPATH\CodeIgniter.php(368): CodeIgniter\CodeIgniter->handleRequest(null, Object(Config\Cache), false)
15 FCPATH\index.php(67): CodeIgniter\CodeIgniter->run()
CRITICAL - 2023-06-16 18:52:56 --> Declaration of App\Controllers\BaseController::initController() should be compatible with CodeIgniter\Controller::initController(CodeIgniter\HTTP\RequestInterface $request, CodeIgniter\HTTP\ResponseInterface $response, Psr\Log\LoggerInterface $logger)
in APPPATH\Controllers\BaseController.php on line 55.
 1 APPPATH\Controllers\BaseController.php(22): CodeIgniter\Debug\Exceptions->errorHandler(2, 'Declaration of App\\Controllers\\BaseController::initController() should be compatible with CodeIgniter\\Controller::initController(CodeIgniter\\HTTP\\RequestInterface $request, CodeIgniter\\HTTP\\ResponseInterface $response, Psr\\Log\\LoggerInterface $logger)', 'C:\\xampp\\htdocs\\GimenezIvana\\app\\Controllers\\BaseController.php', 55, [...])
 2 SYSTEMPATH\Autoloader\Autoloader.php(312): include_once('C:\\xampp\\htdocs\\GimenezIvana\\app\\Controllers\\BaseController.php')
 3 SYSTEMPATH\Autoloader\Autoloader.php(289): CodeIgniter\Autoloader\Autoloader->includeFile('C:\\xampp\\htdocs\\GimenezIvana\\app\\Controllers\\BaseController.php')
 4 SYSTEMPATH\Autoloader\Autoloader.php(267): CodeIgniter\Autoloader\Autoloader->loadInNamespace('App\\Controllers\\BaseController')
 5 [internal function]: CodeIgniter\Autoloader\Autoloader->loadClass('App\\Controllers\\BaseController')
 6 APPPATH\Controllers\Home.php(5): spl_autoload_call('App\\Controllers\\BaseController')
 7 SYSTEMPATH\Autoloader\Autoloader.php(312): include_once('C:\\xampp\\htdocs\\GimenezIvana\\app\\Controllers\\Home.php')
 8 SYSTEMPATH\Autoloader\Autoloader.php(289): CodeIgniter\Autoloader\Autoloader->includeFile('C:\\xampp\\htdocs\\GimenezIvana\\app\\Controllers\\Home.php')
 9 SYSTEMPATH\Autoloader\Autoloader.php(267): CodeIgniter\Autoloader\Autoloader->loadInNamespace('App\\Controllers\\Home')
10 [internal function]: CodeIgniter\Autoloader\Autoloader->loadClass('App\\Controllers\\Home')
11 [internal function]: spl_autoload_call('App\\Controllers\\Home')
12 SYSTEMPATH\CodeIgniter.php(892): class_exists('\\App\\Controllers\\Home', true)
13 SYSTEMPATH\CodeIgniter.php(486): CodeIgniter\CodeIgniter->startController()
14 SYSTEMPATH\CodeIgniter.php(368): CodeIgniter\CodeIgniter->handleRequest(null, Object(Config\Cache), false)
15 FCPATH\index.php(67): CodeIgniter\CodeIgniter->run()
CRITICAL - 2023-06-16 18:53:17 --> Declaration of App\Controllers\BaseController::initController() should be compatible with CodeIgniter\Controller::initController(CodeIgniter\HTTP\RequestInterface $request, CodeIgniter\HTTP\ResponseInterface $response, Psr\Log\LoggerInterface $logger)
in APPPATH\Controllers\BaseController.php on line 52.
 1 APPPATH\Controllers\BaseController.php(22): CodeIgniter\Debug\Exceptions->errorHandler(2, 'Declaration of App\\Controllers\\BaseController::initController() should be compatible with CodeIgniter\\Controller::initController(CodeIgniter\\HTTP\\RequestInterface $request, CodeIgniter\\HTTP\\ResponseInterface $response, Psr\\Log\\LoggerInterface $logger)', 'C:\\xampp\\htdocs\\GimenezIvana\\app\\Controllers\\BaseController.php', 52, [...])
 2 SYSTEMPATH\Autoloader\Autoloader.php(312): include_once('C:\\xampp\\htdocs\\GimenezIvana\\app\\Controllers\\BaseController.php')
 3 SYSTEMPATH\Autoloader\Autoloader.php(289): CodeIgniter\Autoloader\Autoloader->includeFile('C:\\xampp\\htdocs\\GimenezIvana\\app\\Controllers\\BaseController.php')
 4 SYSTEMPATH\Autoloader\Autoloader.php(267): CodeIgniter\Autoloader\Autoloader->loadInNamespace('App\\Controllers\\BaseController')
 5 [internal function]: CodeIgniter\Autoloader\Autoloader->loadClass('App\\Controllers\\BaseController')
 6 APPPATH\Controllers\Home.php(5): spl_autoload_call('App\\Controllers\\BaseController')
 7 SYSTEMPATH\Autoloader\Autoloader.php(312): include_once('C:\\xampp\\htdocs\\GimenezIvana\\app\\Controllers\\Home.php')
 8 SYSTEMPATH\Autoloader\Autoloader.php(289): CodeIgniter\Autoloader\Autoloader->includeFile('C:\\xampp\\htdocs\\GimenezIvana\\app\\Controllers\\Home.php')
 9 SYSTEMPATH\Autoloader\Autoloader.php(267): CodeIgniter\Autoloader\Autoloader->loadInNamespace('App\\Controllers\\Home')
10 [internal function]: CodeIgniter\Autoloader\Autoloader->loadClass('App\\Controllers\\Home')
11 [internal function]: spl_autoload_call('App\\Controllers\\Home')
12 SYSTEMPATH\CodeIgniter.php(892): class_exists('\\App\\Controllers\\Home', true)
13 SYSTEMPATH\CodeIgniter.php(486): CodeIgniter\CodeIgniter->startController()
14 SYSTEMPATH\CodeIgniter.php(368): CodeIgniter\CodeIgniter->handleRequest(null, Object(Config\Cache), false)
15 FCPATH\index.php(67): CodeIgniter\CodeIgniter->run()
CRITICAL - 2023-06-16 18:57:17 --> syntax error, unexpected end of file, expecting function (T_FUNCTION) or const (T_CONST)
in APPPATH\Controllers\BaseController.php on line 59.
 1 SYSTEMPATH\Autoloader\Autoloader.php(289): CodeIgniter\Autoloader\Autoloader->includeFile('C:\\xampp\\htdocs\\GimenezIvana\\app\\Controllers\\BaseController.php')
 2 SYSTEMPATH\Autoloader\Autoloader.php(267): CodeIgniter\Autoloader\Autoloader->loadInNamespace('App\\Controllers\\BaseController')
 3 [internal function]: CodeIgniter\Autoloader\Autoloader->loadClass('App\\Controllers\\BaseController')
 4 APPPATH\Controllers\Home.php(5): spl_autoload_call('App\\Controllers\\BaseController')
 5 SYSTEMPATH\Autoloader\Autoloader.php(312): include_once('C:\\xampp\\htdocs\\GimenezIvana\\app\\Controllers\\Home.php')
 6 SYSTEMPATH\Autoloader\Autoloader.php(289): CodeIgniter\Autoloader\Autoloader->includeFile('C:\\xampp\\htdocs\\GimenezIvana\\app\\Controllers\\Home.php')
 7 SYSTEMPATH\Autoloader\Autoloader.php(267): CodeIgniter\Autoloader\Autoloader->loadInNamespace('App\\Controllers\\Home')
 8 [internal function]: CodeIgniter\Autoloader\Autoloader->loadClass('App\\Controllers\\Home')
 9 [internal function]: spl_autoload_call('App\\Controllers\\Home')
10 SYSTEMPATH\CodeIgniter.php(892): class_exists('\\App\\Controllers\\Home', true)
11 SYSTEMPATH\CodeIgniter.php(486): CodeIgniter\CodeIgniter->startController()
12 SYSTEMPATH\CodeIgniter.php(368): CodeIgniter\CodeIgniter->handleRequest(null, Object(Config\Cache), false)
13 FCPATH\index.php(67): CodeIgniter\CodeIgniter->run()
INFO - 2023-06-16 18:59:01 --> Session: Class initialized using 'CodeIgniter\Session\Handlers\FileHandler' driver.
INFO - 2023-06-16 18:59:10 --> Session: Class initialized using 'CodeIgniter\Session\Handlers\FileHandler' driver.
CRITICAL - 2023-06-16 18:59:10 --> Undefined property: CodeIgniter\View\View::$session
in APPPATH\views\back\carrito\ListaProductos_view.php on line 1.
 1 APPPATH\views\back\carrito\ListaProductos_view.php(1): CodeIgniter\Debug\Exceptions->errorHandler(8, 'Undefined property: CodeIgniter\\View\\View::$session', 'C:\\xampp\\htdocs\\GimenezIvana\\app\\views\\back\\carrito\\ListaProductos_view.php', 1, [...])
 2 SYSTEMPATH\View\View.php(213): include('C:\\xampp\\htdocs\\GimenezIvana\\app\\views\\back\\carrito\\ListaProductos_view.php')
 3 SYSTEMPATH\View\View.php(216): CodeIgniter\View\View->CodeIgniter\View\{closure}()
 4 SYSTEMPATH\Common.php(1184): CodeIgniter\View\View->render('back/carrito/ListaProductos_view', [], true)
 5 APPPATH\Controllers\Producto_controller.php(87): view('back/carrito/ListaProductos_view', [...])
 6 SYSTEMPATH\CodeIgniter.php(934): App\Controllers\Producto_controller->ProductosDisp()
 7 SYSTEMPATH\CodeIgniter.php(499): CodeIgniter\CodeIgniter->runController(Object(App\Controllers\Producto_controller))
 8 SYSTEMPATH\CodeIgniter.php(368): CodeIgniter\CodeIgniter->handleRequest(null, Object(Config\Cache), false)
 9 FCPATH\index.php(67): CodeIgniter\CodeIgniter->run()
INFO - 2023-06-16 20:46:38 --> Session: Class initialized using 'CodeIgniter\Session\Handlers\FileHandler' driver.
CRITICAL - 2023-06-16 20:46:38 --> syntax error, unexpected '<', expecting end of file
in APPPATH\views\back\carrito\ListaProductos_view.php on line 2.
 1 SYSTEMPATH\View\View.php(216): CodeIgniter\View\View->CodeIgniter\View\{closure}()
 2 SYSTEMPATH\Common.php(1184): CodeIgniter\View\View->render('back/carrito/ListaProductos_view', [], true)
 3 APPPATH\Controllers\Producto_controller.php(87): view('back/carrito/ListaProductos_view', [...])
 4 SYSTEMPATH\CodeIgniter.php(934): App\Controllers\Producto_controller->ProductosDisp()
 5 SYSTEMPATH\CodeIgniter.php(499): CodeIgniter\CodeIgniter->runController(Object(App\Controllers\Producto_controller))
 6 SYSTEMPATH\CodeIgniter.php(368): CodeIgniter\CodeIgniter->handleRequest(null, Object(Config\Cache), false)
 7 FCPATH\index.php(67): CodeIgniter\CodeIgniter->run()
INFO - 2023-06-16 20:48:06 --> Session: Class initialized using 'CodeIgniter\Session\Handlers\FileHandler' driver.
CRITICAL - 2023-06-16 20:48:06 --> Undefined property: CodeIgniter\View\View::$session
in APPPATH\views\back\carrito\ListaProductos_view.php on line 3.
 1 APPPATH\views\back\carrito\ListaProductos_view.php(3): CodeIgniter\Debug\Exceptions->errorHandler(8, 'Undefined property: CodeIgniter\\View\\View::$session', 'C:\\xampp\\htdocs\\GimenezIvana\\app\\views\\back\\carrito\\ListaProductos_view.php', 3, [...])
 2 SYSTEMPATH\View\View.php(213): include('C:\\xampp\\htdocs\\GimenezIvana\\app\\views\\back\\carrito\\ListaProductos_view.php')
 3 SYSTEMPATH\View\View.php(216): CodeIgniter\View\View->CodeIgniter\View\{closure}()
 4 SYSTEMPATH\Common.php(1184): CodeIgniter\View\View->render('back/carrito/ListaProductos_view', [], true)
 5 APPPATH\Controllers\Producto_controller.php(87): view('back/carrito/ListaProductos_view', [...])
 6 SYSTEMPATH\CodeIgniter.php(934): App\Controllers\Producto_controller->ProductosDisp()
 7 SYSTEMPATH\CodeIgniter.php(499): CodeIgniter\CodeIgniter->runController(Object(App\Controllers\Producto_controller))
 8 SYSTEMPATH\CodeIgniter.php(368): CodeIgniter\CodeIgniter->handleRequest(null, Object(Config\Cache), false)
 9 FCPATH\index.php(67): CodeIgniter\CodeIgniter->run()
INFO - 2023-06-16 20:49:43 --> Session: Class initialized using 'CodeIgniter\Session\Handlers\FileHandler' driver.
CRITICAL - 2023-06-16 20:49:43 --> Undefined property: CodeIgniter\View\View::$session
in APPPATH\views\back\carrito\ListaProductos_view.php on line 3.
 1 APPPATH\views\back\carrito\ListaProductos_view.php(3): CodeIgniter\Debug\Exceptions->errorHandler(8, 'Undefined property: CodeIgniter\\View\\View::$session', 'C:\\xampp\\htdocs\\GimenezIvana\\app\\views\\back\\carrito\\ListaProductos_view.php', 3, [...])
 2 SYSTEMPATH\View\View.php(213): include('C:\\xampp\\htdocs\\GimenezIvana\\app\\views\\back\\carrito\\ListaProductos_view.php')
 3 SYSTEMPATH\View\View.php(216): CodeIgniter\View\View->CodeIgniter\View\{closure}()
 4 SYSTEMPATH\Common.php(1184): CodeIgniter\View\View->render('back/carrito/ListaProductos_view', [], true)
 5 APPPATH\Controllers\Producto_controller.php(87): view('back/carrito/ListaProductos_view', [...])
 6 SYSTEMPATH\CodeIgniter.php(934): App\Controllers\Producto_controller->ProductosDisp()
 7 SYSTEMPATH\CodeIgniter.php(499): CodeIgniter\CodeIgniter->runController(Object(App\Controllers\Producto_controller))
 8 SYSTEMPATH\CodeIgniter.php(368): CodeIgniter\CodeIgniter->handleRequest(null, Object(Config\Cache), false)
 9 FCPATH\index.php(67): CodeIgniter\CodeIgniter->run()
INFO - 2023-06-16 20:50:26 --> Session: Class initialized using 'CodeIgniter\Session\Handlers\FileHandler' driver.
CRITICAL - 2023-06-16 20:50:26 --> Function name must be a string
in APPPATH\views\back\carrito\ListaProductos_view.php on line 3.
 1 SYSTEMPATH\View\View.php(213): include()
 2 SYSTEMPATH\View\View.php(216): CodeIgniter\View\View->CodeIgniter\View\{closure}()
 3 SYSTEMPATH\Common.php(1184): CodeIgniter\View\View->render('back/carrito/ListaProductos_view', [], true)
 4 APPPATH\Controllers\Producto_controller.php(87): view('back/carrito/ListaProductos_view', [...])
 5 SYSTEMPATH\CodeIgniter.php(934): App\Controllers\Producto_controller->ProductosDisp()
 6 SYSTEMPATH\CodeIgniter.php(499): CodeIgniter\CodeIgniter->runController(Object(App\Controllers\Producto_controller))
 7 SYSTEMPATH\CodeIgniter.php(368): CodeIgniter\CodeIgniter->handleRequest(null, Object(Config\Cache), false)
 8 FCPATH\index.php(67): CodeIgniter\CodeIgniter->run()
INFO - 2023-06-16 20:52:15 --> Session: Class initialized using 'CodeIgniter\Session\Handlers\FileHandler' driver.
CRITICAL - 2023-06-16 20:52:15 --> syntax error, unexpected '<', expecting end of file
in APPPATH\views\back\carrito\ListaProductos_view.php on line 2.
 1 SYSTEMPATH\View\View.php(216): CodeIgniter\View\View->CodeIgniter\View\{closure}()
 2 SYSTEMPATH\Common.php(1184): CodeIgniter\View\View->render('back/carrito/ListaProductos_view', [], true)
 3 APPPATH\Controllers\Producto_controller.php(87): view('back/carrito/ListaProductos_view', [...])
 4 SYSTEMPATH\CodeIgniter.php(934): App\Controllers\Producto_controller->ProductosDisp()
 5 SYSTEMPATH\CodeIgniter.php(499): CodeIgniter\CodeIgniter->runController(Object(App\Controllers\Producto_controller))
 6 SYSTEMPATH\CodeIgniter.php(368): CodeIgniter\CodeIgniter->handleRequest(null, Object(Config\Cache), false)
 7 FCPATH\index.php(67): CodeIgniter\CodeIgniter->run()
INFO - 2023-06-16 20:52:32 --> Session: Class initialized using 'CodeIgniter\Session\Handlers\FileHandler' driver.
