INFO - 2023-05-27 02:29:55 --> Session: Class initialized using 'CodeIgniter\Session\Handlers\FileHandler' driver.
INFO - 2023-05-27 02:31:05 --> Session: Class initialized using 'CodeIgniter\Session\Handlers\FileHandler' driver.
INFO - 2023-05-27 02:37:12 --> Session: Class initialized using 'CodeIgniter\Session\Handlers\FileHandler' driver.
INFO - 2023-05-27 02:37:19 --> Session: Class initialized using 'CodeIgniter\Session\Handlers\FileHandler' driver.
INFO - 2023-05-27 02:37:35 --> Session: Class initialized using 'CodeIgniter\Session\Handlers\FileHandler' driver.
INFO - 2023-05-27 02:37:35 --> Session: Class initialized using 'CodeIgniter\Session\Handlers\FileHandler' driver.
INFO - 2023-05-27 02:48:38 --> Session: Class initialized using 'CodeIgniter\Session\Handlers\FileHandler' driver.
INFO - 2023-05-27 02:48:49 --> Session: Class initialized using 'CodeIgniter\Session\Handlers\FileHandler' driver.
INFO - 2023-05-27 02:48:52 --> Session: Class initialized using 'CodeIgniter\Session\Handlers\FileHandler' driver.
INFO - 2023-05-27 02:48:52 --> Session: Class initialized using 'CodeIgniter\Session\Handlers\FileHandler' driver.
INFO - 2023-05-27 02:48:52 --> Session: Class initialized using 'CodeIgniter\Session\Handlers\FileHandler' driver.
INFO - 2023-05-27 02:48:58 --> Session: Class initialized using 'CodeIgniter\Session\Handlers\FileHandler' driver.
INFO - 2023-05-27 02:49:11 --> Session: Class initialized using 'CodeIgniter\Session\Handlers\FileHandler' driver.
INFO - 2023-05-27 02:49:11 --> Session: Class initialized using 'CodeIgniter\Session\Handlers\FileHandler' driver.
INFO - 2023-05-27 02:49:18 --> Session: Class initialized using 'CodeIgniter\Session\Handlers\FileHandler' driver.
INFO - 2023-05-27 02:49:54 --> Session: Class initialized using 'CodeIgniter\Session\Handlers\FileHandler' driver.
INFO - 2023-05-27 02:49:56 --> Session: Class initialized using 'CodeIgniter\Session\Handlers\FileHandler' driver.
INFO - 2023-05-27 02:50:11 --> Session: Class initialized using 'CodeIgniter\Session\Handlers\FileHandler' driver.
INFO - 2023-05-27 02:53:05 --> Session: Class initialized using 'CodeIgniter\Session\Handlers\FileHandler' driver.
INFO - 2023-05-27 02:53:08 --> Session: Class initialized using 'CodeIgniter\Session\Handlers\FileHandler' driver.
INFO - 2023-05-27 02:53:14 --> Session: Class initialized using 'CodeIgniter\Session\Handlers\FileHandler' driver.
INFO - 2023-05-27 02:53:18 --> Session: Class initialized using 'CodeIgniter\Session\Handlers\FileHandler' driver.
INFO - 2023-05-27 02:53:20 --> Session: Class initialized using 'CodeIgniter\Session\Handlers\FileHandler' driver.
INFO - 2023-05-27 02:53:30 --> Session: Class initialized using 'CodeIgniter\Session\Handlers\FileHandler' driver.
INFO - 2023-05-27 02:53:30 --> Session: Class initialized using 'CodeIgniter\Session\Handlers\FileHandler' driver.
INFO - 2023-05-27 02:53:55 --> Session: Class initialized using 'CodeIgniter\Session\Handlers\FileHandler' driver.
INFO - 2023-05-27 02:54:00 --> Session: Class initialized using 'CodeIgniter\Session\Handlers\FileHandler' driver.
INFO - 2023-05-27 02:55:33 --> Session: Class initialized using 'CodeIgniter\Session\Handlers\FileHandler' driver.
INFO - 2023-05-27 02:55:40 --> Session: Class initialized using 'CodeIgniter\Session\Handlers\FileHandler' driver.
INFO - 2023-05-27 02:55:44 --> Session: Class initialized using 'CodeIgniter\Session\Handlers\FileHandler' driver.
INFO - 2023-05-27 02:55:47 --> Session: Class initialized using 'CodeIgniter\Session\Handlers\FileHandler' driver.
INFO - 2023-05-27 02:55:52 --> Session: Class initialized using 'CodeIgniter\Session\Handlers\FileHandler' driver.
INFO - 2023-05-27 02:56:15 --> Session: Class initialized using 'CodeIgniter\Session\Handlers\FileHandler' driver.
INFO - 2023-05-27 02:57:04 --> Session: Class initialized using 'CodeIgniter\Session\Handlers\FileHandler' driver.
INFO - 2023-05-27 11:20:09 --> Session: Class initialized using 'CodeIgniter\Session\Handlers\FileHandler' driver.
INFO - 2023-05-27 11:21:49 --> Session: Class initialized using 'CodeIgniter\Session\Handlers\FileHandler' driver.
INFO - 2023-05-27 11:29:34 --> Session: Class initialized using 'CodeIgniter\Session\Handlers\FileHandler' driver.
INFO - 2023-05-27 11:29:43 --> Session: Class initialized using 'CodeIgniter\Session\Handlers\FileHandler' driver.
INFO - 2023-05-27 11:29:47 --> Session: Class initialized using 'CodeIgniter\Session\Handlers\FileHandler' driver.
INFO - 2023-05-27 11:30:39 --> Session: Class initialized using 'CodeIgniter\Session\Handlers\FileHandler' driver.
INFO - 2023-05-27 11:30:39 --> Session: Class initialized using 'CodeIgniter\Session\Handlers\FileHandler' driver.
INFO - 2023-05-27 12:00:03 --> Session: Class initialized using 'CodeIgniter\Session\Handlers\FileHandler' driver.
INFO - 2023-05-27 12:00:24 --> Session: Class initialized using 'CodeIgniter\Session\Handlers\FileHandler' driver.
INFO - 2023-05-27 12:00:24 --> Session: Class initialized using 'CodeIgniter\Session\Handlers\FileHandler' driver.
INFO - 2023-05-27 12:09:09 --> Session: Class initialized using 'CodeIgniter\Session\Handlers\FileHandler' driver.
INFO - 2023-05-27 12:09:16 --> Session: Class initialized using 'CodeIgniter\Session\Handlers\FileHandler' driver.
INFO - 2023-05-27 12:09:16 --> Session: Class initialized using 'CodeIgniter\Session\Handlers\FileHandler' driver.
INFO - 2023-05-27 12:10:40 --> Session: Class initialized using 'CodeIgniter\Session\Handlers\FileHandler' driver.
INFO - 2023-05-27 12:10:59 --> Session: Class initialized using 'CodeIgniter\Session\Handlers\FileHandler' driver.
INFO - 2023-05-27 12:11:00 --> Session: Class initialized using 'CodeIgniter\Session\Handlers\FileHandler' driver.
INFO - 2023-05-27 12:11:06 --> Session: Class initialized using 'CodeIgniter\Session\Handlers\FileHandler' driver.
INFO - 2023-05-27 12:11:44 --> Session: Class initialized using 'CodeIgniter\Session\Handlers\FileHandler' driver.
INFO - 2023-05-27 12:20:44 --> Session: Class initialized using 'CodeIgniter\Session\Handlers\FileHandler' driver.
INFO - 2023-05-27 12:30:09 --> Session: Class initialized using 'CodeIgniter\Session\Handlers\FileHandler' driver.
CRITICAL - 2023-05-27 12:30:12 --> Call to undefined method App\Models\Usuarios_model::getUsuario
in SYSTEMPATH\Model.php on line 842.
 1 APPPATH\Controllers\Datatable_controller.php(25): CodeIgniter\Model->__call('getUsuario', [...])
 2 SYSTEMPATH\CodeIgniter.php(934): App\Controllers\DataTable_controller->editar('19')
 3 SYSTEMPATH\CodeIgniter.php(499): CodeIgniter\CodeIgniter->runController(Object(App\Controllers\DataTable_controller))
 4 SYSTEMPATH\CodeIgniter.php(368): CodeIgniter\CodeIgniter->handleRequest(null, Object(Config\Cache), false)
 5 FCPATH\index.php(67): CodeIgniter\CodeIgniter->run()
INFO - 2023-05-27 12:32:11 --> Session: Class initialized using 'CodeIgniter\Session\Handlers\FileHandler' driver.
CRITICAL - 2023-05-27 12:32:11 --> Invalid file: "Admin/editarUsuarios_view.php"
in SYSTEMPATH\Exceptions\FrameworkException.php on line 33.
 1 SYSTEMPATH\View\View.php(201): CodeIgniter\Exceptions\FrameworkException::forInvalidFile('Admin/editarUsuarios_view.php')
 2 SYSTEMPATH\Common.php(1184): CodeIgniter\View\View->render('Admin/editarUsuarios_view', [], true)
 3 APPPATH\Controllers\Datatable_controller.php(29): view('Admin/editarUsuarios_view', [...])
 4 SYSTEMPATH\CodeIgniter.php(934): App\Controllers\DataTable_controller->editar('19')
 5 SYSTEMPATH\CodeIgniter.php(499): CodeIgniter\CodeIgniter->runController(Object(App\Controllers\DataTable_controller))
 6 SYSTEMPATH\CodeIgniter.php(368): CodeIgniter\CodeIgniter->handleRequest(null, Object(Config\Cache), false)
 7 FCPATH\index.php(67): CodeIgniter\CodeIgniter->run()
INFO - 2023-05-27 12:32:12 --> Session: Class initialized using 'CodeIgniter\Session\Handlers\FileHandler' driver.
CRITICAL - 2023-05-27 12:32:12 --> Invalid file: "Admin/editarUsuarios_view.php"
in SYSTEMPATH\Exceptions\FrameworkException.php on line 33.
 1 SYSTEMPATH\View\View.php(201): CodeIgniter\Exceptions\FrameworkException::forInvalidFile('Admin/editarUsuarios_view.php')
 2 SYSTEMPATH\Common.php(1184): CodeIgniter\View\View->render('Admin/editarUsuarios_view', [], true)
 3 APPPATH\Controllers\Datatable_controller.php(29): view('Admin/editarUsuarios_view', [...])
 4 SYSTEMPATH\CodeIgniter.php(934): App\Controllers\DataTable_controller->editar('img', 'alexcgdesign.png')
 5 SYSTEMPATH\CodeIgniter.php(499): CodeIgniter\CodeIgniter->runController(Object(App\Controllers\DataTable_controller))
 6 SYSTEMPATH\CodeIgniter.php(368): CodeIgniter\CodeIgniter->handleRequest(null, Object(Config\Cache), false)
 7 FCPATH\index.php(67): CodeIgniter\CodeIgniter->run()
INFO - 2023-05-27 12:32:19 --> Session: Class initialized using 'CodeIgniter\Session\Handlers\FileHandler' driver.
INFO - 2023-05-27 12:32:23 --> Session: Class initialized using 'CodeIgniter\Session\Handlers\FileHandler' driver.
CRITICAL - 2023-05-27 12:32:23 --> Invalid file: "Admin/editarUsuarios_view.php"
in SYSTEMPATH\Exceptions\FrameworkException.php on line 33.
 1 SYSTEMPATH\View\View.php(201): CodeIgniter\Exceptions\FrameworkException::forInvalidFile('Admin/editarUsuarios_view.php')
 2 SYSTEMPATH\Common.php(1184): CodeIgniter\View\View->render('Admin/editarUsuarios_view', [], true)
 3 APPPATH\Controllers\Datatable_controller.php(29): view('Admin/editarUsuarios_view', [...])
 4 SYSTEMPATH\CodeIgniter.php(934): App\Controllers\DataTable_controller->editar('19')
 5 SYSTEMPATH\CodeIgniter.php(499): CodeIgniter\CodeIgniter->runController(Object(App\Controllers\DataTable_controller))
 6 SYSTEMPATH\CodeIgniter.php(368): CodeIgniter\CodeIgniter->handleRequest(null, Object(Config\Cache), false)
 7 FCPATH\index.php(67): CodeIgniter\CodeIgniter->run()
INFO - 2023-05-27 12:32:24 --> Session: Class initialized using 'CodeIgniter\Session\Handlers\FileHandler' driver.
CRITICAL - 2023-05-27 12:32:24 --> Invalid file: "Admin/editarUsuarios_view.php"
in SYSTEMPATH\Exceptions\FrameworkException.php on line 33.
 1 SYSTEMPATH\View\View.php(201): CodeIgniter\Exceptions\FrameworkException::forInvalidFile('Admin/editarUsuarios_view.php')
 2 SYSTEMPATH\Common.php(1184): CodeIgniter\View\View->render('Admin/editarUsuarios_view', [], true)
 3 APPPATH\Controllers\Datatable_controller.php(29): view('Admin/editarUsuarios_view', [...])
 4 SYSTEMPATH\CodeIgniter.php(934): App\Controllers\DataTable_controller->editar('img', 'alexcgdesign.png')
 5 SYSTEMPATH\CodeIgniter.php(499): CodeIgniter\CodeIgniter->runController(Object(App\Controllers\DataTable_controller))
 6 SYSTEMPATH\CodeIgniter.php(368): CodeIgniter\CodeIgniter->handleRequest(null, Object(Config\Cache), false)
 7 FCPATH\index.php(67): CodeIgniter\CodeIgniter->run()
INFO - 2023-05-27 12:37:33 --> Session: Class initialized using 'CodeIgniter\Session\Handlers\FileHandler' driver.
CRITICAL - 2023-05-27 12:37:33 --> Invalid file: "Admin/editarUsuarios_view.php"
in SYSTEMPATH\Exceptions\FrameworkException.php on line 33.
 1 SYSTEMPATH\View\View.php(201): CodeIgniter\Exceptions\FrameworkException::forInvalidFile('Admin/editarUsuarios_view.php')
 2 SYSTEMPATH\Common.php(1184): CodeIgniter\View\View->render('Admin/editarUsuarios_view', [], true)
 3 APPPATH\Controllers\Datatable_controller.php(29): view('Admin/editarUsuarios_view', [...])
 4 SYSTEMPATH\CodeIgniter.php(934): App\Controllers\DataTable_controller->editar('19')
 5 SYSTEMPATH\CodeIgniter.php(499): CodeIgniter\CodeIgniter->runController(Object(App\Controllers\DataTable_controller))
 6 SYSTEMPATH\CodeIgniter.php(368): CodeIgniter\CodeIgniter->handleRequest(null, Object(Config\Cache), false)
 7 FCPATH\index.php(67): CodeIgniter\CodeIgniter->run()
INFO - 2023-05-27 12:37:34 --> Session: Class initialized using 'CodeIgniter\Session\Handlers\FileHandler' driver.
CRITICAL - 2023-05-27 12:37:34 --> Invalid file: "Admin/editarUsuarios_view.php"
in SYSTEMPATH\Exceptions\FrameworkException.php on line 33.
 1 SYSTEMPATH\View\View.php(201): CodeIgniter\Exceptions\FrameworkException::forInvalidFile('Admin/editarUsuarios_view.php')
 2 SYSTEMPATH\Common.php(1184): CodeIgniter\View\View->render('Admin/editarUsuarios_view', [], true)
 3 APPPATH\Controllers\Datatable_controller.php(29): view('Admin/editarUsuarios_view', [...])
 4 SYSTEMPATH\CodeIgniter.php(934): App\Controllers\DataTable_controller->editar('img', 'alexcgdesign.png')
 5 SYSTEMPATH\CodeIgniter.php(499): CodeIgniter\CodeIgniter->runController(Object(App\Controllers\DataTable_controller))
 6 SYSTEMPATH\CodeIgniter.php(368): CodeIgniter\CodeIgniter->handleRequest(null, Object(Config\Cache), false)
 7 FCPATH\index.php(67): CodeIgniter\CodeIgniter->run()
INFO - 2023-05-27 12:37:38 --> Session: Class initialized using 'CodeIgniter\Session\Handlers\FileHandler' driver.
INFO - 2023-05-27 12:37:41 --> Session: Class initialized using 'CodeIgniter\Session\Handlers\FileHandler' driver.
INFO - 2023-05-27 12:37:44 --> Session: Class initialized using 'CodeIgniter\Session\Handlers\FileHandler' driver.
CRITICAL - 2023-05-27 12:37:44 --> Invalid file: "Admin/editarUsuarios_view.php"
in SYSTEMPATH\Exceptions\FrameworkException.php on line 33.
 1 SYSTEMPATH\View\View.php(201): CodeIgniter\Exceptions\FrameworkException::forInvalidFile('Admin/editarUsuarios_view.php')
 2 SYSTEMPATH\Common.php(1184): CodeIgniter\View\View->render('Admin/editarUsuarios_view', [], true)
 3 APPPATH\Controllers\Datatable_controller.php(29): view('Admin/editarUsuarios_view', [...])
 4 SYSTEMPATH\CodeIgniter.php(934): App\Controllers\DataTable_controller->editar('19')
 5 SYSTEMPATH\CodeIgniter.php(499): CodeIgniter\CodeIgniter->runController(Object(App\Controllers\DataTable_controller))
 6 SYSTEMPATH\CodeIgniter.php(368): CodeIgniter\CodeIgniter->handleRequest(null, Object(Config\Cache), false)
 7 FCPATH\index.php(67): CodeIgniter\CodeIgniter->run()
INFO - 2023-05-27 12:37:45 --> Session: Class initialized using 'CodeIgniter\Session\Handlers\FileHandler' driver.
CRITICAL - 2023-05-27 12:37:45 --> Invalid file: "Admin/editarUsuarios_view.php"
in SYSTEMPATH\Exceptions\FrameworkException.php on line 33.
 1 SYSTEMPATH\View\View.php(201): CodeIgniter\Exceptions\FrameworkException::forInvalidFile('Admin/editarUsuarios_view.php')
 2 SYSTEMPATH\Common.php(1184): CodeIgniter\View\View->render('Admin/editarUsuarios_view', [], true)
 3 APPPATH\Controllers\Datatable_controller.php(29): view('Admin/editarUsuarios_view', [...])
 4 SYSTEMPATH\CodeIgniter.php(934): App\Controllers\DataTable_controller->editar('img', 'alexcgdesign.png')
 5 SYSTEMPATH\CodeIgniter.php(499): CodeIgniter\CodeIgniter->runController(Object(App\Controllers\DataTable_controller))
 6 SYSTEMPATH\CodeIgniter.php(368): CodeIgniter\CodeIgniter->handleRequest(null, Object(Config\Cache), false)
 7 FCPATH\index.php(67): CodeIgniter\CodeIgniter->run()
INFO - 2023-05-27 12:47:22 --> Session: Class initialized using 'CodeIgniter\Session\Handlers\FileHandler' driver.
CRITICAL - 2023-05-27 12:47:22 --> Invalid file: "Admin/editarUsuarios_view.php"
in SYSTEMPATH\Exceptions\FrameworkException.php on line 33.
 1 SYSTEMPATH\View\View.php(201): CodeIgniter\Exceptions\FrameworkException::forInvalidFile('Admin/editarUsuarios_view.php')
 2 SYSTEMPATH\Common.php(1184): CodeIgniter\View\View->render('Admin/editarUsuarios_view', [], true)
 3 APPPATH\Controllers\Datatable_controller.php(29): view('Admin/editarUsuarios_view', [...])
 4 SYSTEMPATH\CodeIgniter.php(934): App\Controllers\DataTable_controller->editar('19')
 5 SYSTEMPATH\CodeIgniter.php(499): CodeIgniter\CodeIgniter->runController(Object(App\Controllers\DataTable_controller))
 6 SYSTEMPATH\CodeIgniter.php(368): CodeIgniter\CodeIgniter->handleRequest(null, Object(Config\Cache), false)
 7 FCPATH\index.php(67): CodeIgniter\CodeIgniter->run()
INFO - 2023-05-27 12:47:23 --> Session: Class initialized using 'CodeIgniter\Session\Handlers\FileHandler' driver.
CRITICAL - 2023-05-27 12:47:23 --> Invalid file: "Admin/editarUsuarios_view.php"
in SYSTEMPATH\Exceptions\FrameworkException.php on line 33.
 1 SYSTEMPATH\View\View.php(201): CodeIgniter\Exceptions\FrameworkException::forInvalidFile('Admin/editarUsuarios_view.php')
 2 SYSTEMPATH\Common.php(1184): CodeIgniter\View\View->render('Admin/editarUsuarios_view', [], true)
 3 APPPATH\Controllers\Datatable_controller.php(29): view('Admin/editarUsuarios_view', [...])
 4 SYSTEMPATH\CodeIgniter.php(934): App\Controllers\DataTable_controller->editar('img', 'alexcgdesign.png')
 5 SYSTEMPATH\CodeIgniter.php(499): CodeIgniter\CodeIgniter->runController(Object(App\Controllers\DataTable_controller))
 6 SYSTEMPATH\CodeIgniter.php(368): CodeIgniter\CodeIgniter->handleRequest(null, Object(Config\Cache), false)
 7 FCPATH\index.php(67): CodeIgniter\CodeIgniter->run()
INFO - 2023-05-27 12:47:28 --> Session: Class initialized using 'CodeIgniter\Session\Handlers\FileHandler' driver.
INFO - 2023-05-27 12:47:38 --> Session: Class initialized using 'CodeIgniter\Session\Handlers\FileHandler' driver.
INFO - 2023-05-27 12:47:39 --> Session: Class initialized using 'CodeIgniter\Session\Handlers\FileHandler' driver.
CRITICAL - 2023-05-27 12:47:39 --> Invalid file: "Admin/editarUsuarios_view.php"
in SYSTEMPATH\Exceptions\FrameworkException.php on line 33.
 1 SYSTEMPATH\View\View.php(201): CodeIgniter\Exceptions\FrameworkException::forInvalidFile('Admin/editarUsuarios_view.php')
 2 SYSTEMPATH\Common.php(1184): CodeIgniter\View\View->render('Admin/editarUsuarios_view', [], true)
 3 APPPATH\Controllers\Datatable_controller.php(29): view('Admin/editarUsuarios_view', [...])
 4 SYSTEMPATH\CodeIgniter.php(934): App\Controllers\DataTable_controller->editar('19')
 5 SYSTEMPATH\CodeIgniter.php(499): CodeIgniter\CodeIgniter->runController(Object(App\Controllers\DataTable_controller))
 6 SYSTEMPATH\CodeIgniter.php(368): CodeIgniter\CodeIgniter->handleRequest(null, Object(Config\Cache), false)
 7 FCPATH\index.php(67): CodeIgniter\CodeIgniter->run()
INFO - 2023-05-27 12:47:40 --> Session: Class initialized using 'CodeIgniter\Session\Handlers\FileHandler' driver.
CRITICAL - 2023-05-27 12:47:40 --> Invalid file: "Admin/editarUsuarios_view.php"
in SYSTEMPATH\Exceptions\FrameworkException.php on line 33.
 1 SYSTEMPATH\View\View.php(201): CodeIgniter\Exceptions\FrameworkException::forInvalidFile('Admin/editarUsuarios_view.php')
 2 SYSTEMPATH\Common.php(1184): CodeIgniter\View\View->render('Admin/editarUsuarios_view', [], true)
 3 APPPATH\Controllers\Datatable_controller.php(29): view('Admin/editarUsuarios_view', [...])
 4 SYSTEMPATH\CodeIgniter.php(934): App\Controllers\DataTable_controller->editar('img', 'alexcgdesign.png')
 5 SYSTEMPATH\CodeIgniter.php(499): CodeIgniter\CodeIgniter->runController(Object(App\Controllers\DataTable_controller))
 6 SYSTEMPATH\CodeIgniter.php(368): CodeIgniter\CodeIgniter->handleRequest(null, Object(Config\Cache), false)
 7 FCPATH\index.php(67): CodeIgniter\CodeIgniter->run()
INFO - 2023-05-27 12:47:44 --> Session: Class initialized using 'CodeIgniter\Session\Handlers\FileHandler' driver.
INFO - 2023-05-27 12:51:24 --> Session: Class initialized using 'CodeIgniter\Session\Handlers\FileHandler' driver.
INFO - 2023-05-27 12:51:38 --> Session: Class initialized using 'CodeIgniter\Session\Handlers\FileHandler' driver.
INFO - 2023-05-27 12:51:40 --> Session: Class initialized using 'CodeIgniter\Session\Handlers\FileHandler' driver.
CRITICAL - 2023-05-27 12:51:40 --> Invalid file: "Admin/editarUsuarios_view.php"
in SYSTEMPATH\Exceptions\FrameworkException.php on line 33.
 1 SYSTEMPATH\View\View.php(201): CodeIgniter\Exceptions\FrameworkException::forInvalidFile('Admin/editarUsuarios_view.php')
 2 SYSTEMPATH\Common.php(1184): CodeIgniter\View\View->render('Admin/editarUsuarios_view', [], true)
 3 APPPATH\Controllers\Datatable_controller.php(29): view('Admin/editarUsuarios_view', [...])
 4 SYSTEMPATH\CodeIgniter.php(934): App\Controllers\DataTable_controller->editar('19')
 5 SYSTEMPATH\CodeIgniter.php(499): CodeIgniter\CodeIgniter->runController(Object(App\Controllers\DataTable_controller))
 6 SYSTEMPATH\CodeIgniter.php(368): CodeIgniter\CodeIgniter->handleRequest(null, Object(Config\Cache), false)
 7 FCPATH\index.php(67): CodeIgniter\CodeIgniter->run()
INFO - 2023-05-27 12:51:41 --> Session: Class initialized using 'CodeIgniter\Session\Handlers\FileHandler' driver.
CRITICAL - 2023-05-27 12:51:41 --> Invalid file: "Admin/editarUsuarios_view.php"
in SYSTEMPATH\Exceptions\FrameworkException.php on line 33.
 1 SYSTEMPATH\View\View.php(201): CodeIgniter\Exceptions\FrameworkException::forInvalidFile('Admin/editarUsuarios_view.php')
 2 SYSTEMPATH\Common.php(1184): CodeIgniter\View\View->render('Admin/editarUsuarios_view', [], true)
 3 APPPATH\Controllers\Datatable_controller.php(29): view('Admin/editarUsuarios_view', [...])
 4 SYSTEMPATH\CodeIgniter.php(934): App\Controllers\DataTable_controller->editar('img', 'alexcgdesign.png')
 5 SYSTEMPATH\CodeIgniter.php(499): CodeIgniter\CodeIgniter->runController(Object(App\Controllers\DataTable_controller))
 6 SYSTEMPATH\CodeIgniter.php(368): CodeIgniter\CodeIgniter->handleRequest(null, Object(Config\Cache), false)
 7 FCPATH\index.php(67): CodeIgniter\CodeIgniter->run()
INFO - 2023-05-27 13:00:27 --> Session: Class initialized using 'CodeIgniter\Session\Handlers\FileHandler' driver.
CRITICAL - 2023-05-27 13:00:27 --> Invalid file: "Admin/editarUsuarios_view.php"
in SYSTEMPATH\Exceptions\FrameworkException.php on line 33.
 1 SYSTEMPATH\View\View.php(201): CodeIgniter\Exceptions\FrameworkException::forInvalidFile('Admin/editarUsuarios_view.php')
 2 SYSTEMPATH\Common.php(1184): CodeIgniter\View\View->render('Admin/editarUsuarios_view', [], true)
 3 APPPATH\Controllers\Datatable_controller.php(29): view('Admin/editarUsuarios_view', [...])
 4 SYSTEMPATH\CodeIgniter.php(934): App\Controllers\DataTable_controller->editar('19')
 5 SYSTEMPATH\CodeIgniter.php(499): CodeIgniter\CodeIgniter->runController(Object(App\Controllers\DataTable_controller))
 6 SYSTEMPATH\CodeIgniter.php(368): CodeIgniter\CodeIgniter->handleRequest(null, Object(Config\Cache), false)
 7 FCPATH\index.php(67): CodeIgniter\CodeIgniter->run()
INFO - 2023-05-27 13:00:28 --> Session: Class initialized using 'CodeIgniter\Session\Handlers\FileHandler' driver.
CRITICAL - 2023-05-27 13:00:28 --> Invalid file: "Admin/editarUsuarios_view.php"
in SYSTEMPATH\Exceptions\FrameworkException.php on line 33.
 1 SYSTEMPATH\View\View.php(201): CodeIgniter\Exceptions\FrameworkException::forInvalidFile('Admin/editarUsuarios_view.php')
 2 SYSTEMPATH\Common.php(1184): CodeIgniter\View\View->render('Admin/editarUsuarios_view', [], true)
 3 APPPATH\Controllers\Datatable_controller.php(29): view('Admin/editarUsuarios_view', [...])
 4 SYSTEMPATH\CodeIgniter.php(934): App\Controllers\DataTable_controller->editar('img', 'alexcgdesign.png')
 5 SYSTEMPATH\CodeIgniter.php(499): CodeIgniter\CodeIgniter->runController(Object(App\Controllers\DataTable_controller))
 6 SYSTEMPATH\CodeIgniter.php(368): CodeIgniter\CodeIgniter->handleRequest(null, Object(Config\Cache), false)
 7 FCPATH\index.php(67): CodeIgniter\CodeIgniter->run()
INFO - 2023-05-27 13:00:30 --> Session: Class initialized using 'CodeIgniter\Session\Handlers\FileHandler' driver.
INFO - 2023-05-27 13:00:33 --> Session: Class initialized using 'CodeIgniter\Session\Handlers\FileHandler' driver.
CRITICAL - 2023-05-27 13:00:33 --> Invalid file: "Admin/editarUsuarios_view.php"
in SYSTEMPATH\Exceptions\FrameworkException.php on line 33.
 1 SYSTEMPATH\View\View.php(201): CodeIgniter\Exceptions\FrameworkException::forInvalidFile('Admin/editarUsuarios_view.php')
 2 SYSTEMPATH\Common.php(1184): CodeIgniter\View\View->render('Admin/editarUsuarios_view', [], true)
 3 APPPATH\Controllers\Datatable_controller.php(29): view('Admin/editarUsuarios_view', [...])
 4 SYSTEMPATH\CodeIgniter.php(934): App\Controllers\DataTable_controller->editar('19')
 5 SYSTEMPATH\CodeIgniter.php(499): CodeIgniter\CodeIgniter->runController(Object(App\Controllers\DataTable_controller))
 6 SYSTEMPATH\CodeIgniter.php(368): CodeIgniter\CodeIgniter->handleRequest(null, Object(Config\Cache), false)
 7 FCPATH\index.php(67): CodeIgniter\CodeIgniter->run()
INFO - 2023-05-27 13:00:34 --> Session: Class initialized using 'CodeIgniter\Session\Handlers\FileHandler' driver.
CRITICAL - 2023-05-27 13:00:34 --> Invalid file: "Admin/editarUsuarios_view.php"
in SYSTEMPATH\Exceptions\FrameworkException.php on line 33.
 1 SYSTEMPATH\View\View.php(201): CodeIgniter\Exceptions\FrameworkException::forInvalidFile('Admin/editarUsuarios_view.php')
 2 SYSTEMPATH\Common.php(1184): CodeIgniter\View\View->render('Admin/editarUsuarios_view', [], true)
 3 APPPATH\Controllers\Datatable_controller.php(29): view('Admin/editarUsuarios_view', [...])
 4 SYSTEMPATH\CodeIgniter.php(934): App\Controllers\DataTable_controller->editar('img', 'alexcgdesign.png')
 5 SYSTEMPATH\CodeIgniter.php(499): CodeIgniter\CodeIgniter->runController(Object(App\Controllers\DataTable_controller))
 6 SYSTEMPATH\CodeIgniter.php(368): CodeIgniter\CodeIgniter->handleRequest(null, Object(Config\Cache), false)
 7 FCPATH\index.php(67): CodeIgniter\CodeIgniter->run()
INFO - 2023-05-27 13:00:37 --> Session: Class initialized using 'CodeIgniter\Session\Handlers\FileHandler' driver.
INFO - 2023-05-27 13:00:43 --> Session: Class initialized using 'CodeIgniter\Session\Handlers\FileHandler' driver.
INFO - 2023-05-27 13:04:56 --> Session: Class initialized using 'CodeIgniter\Session\Handlers\FileHandler' driver.
INFO - 2023-05-27 13:05:04 --> Session: Class initialized using 'CodeIgniter\Session\Handlers\FileHandler' driver.
INFO - 2023-05-27 13:05:07 --> Session: Class initialized using 'CodeIgniter\Session\Handlers\FileHandler' driver.
INFO - 2023-05-27 13:05:12 --> Session: Class initialized using 'CodeIgniter\Session\Handlers\FileHandler' driver.
CRITICAL - 2023-05-27 13:05:12 --> Invalid file: "Admin/editarUsuarios_view.php"
in SYSTEMPATH\Exceptions\FrameworkException.php on line 33.
 1 SYSTEMPATH\View\View.php(201): CodeIgniter\Exceptions\FrameworkException::forInvalidFile('Admin/editarUsuarios_view.php')
 2 SYSTEMPATH\Common.php(1184): CodeIgniter\View\View->render('Admin/editarUsuarios_view', [], true)
 3 APPPATH\Controllers\Datatable_controller.php(29): view('Admin/editarUsuarios_view', [...])
 4 SYSTEMPATH\CodeIgniter.php(934): App\Controllers\DataTable_controller->editar('19')
 5 SYSTEMPATH\CodeIgniter.php(499): CodeIgniter\CodeIgniter->runController(Object(App\Controllers\DataTable_controller))
 6 SYSTEMPATH\CodeIgniter.php(368): CodeIgniter\CodeIgniter->handleRequest(null, Object(Config\Cache), false)
 7 FCPATH\index.php(67): CodeIgniter\CodeIgniter->run()
INFO - 2023-05-27 13:05:13 --> Session: Class initialized using 'CodeIgniter\Session\Handlers\FileHandler' driver.
CRITICAL - 2023-05-27 13:05:13 --> Invalid file: "Admin/editarUsuarios_view.php"
in SYSTEMPATH\Exceptions\FrameworkException.php on line 33.
 1 SYSTEMPATH\View\View.php(201): CodeIgniter\Exceptions\FrameworkException::forInvalidFile('Admin/editarUsuarios_view.php')
 2 SYSTEMPATH\Common.php(1184): CodeIgniter\View\View->render('Admin/editarUsuarios_view', [], true)
 3 APPPATH\Controllers\Datatable_controller.php(29): view('Admin/editarUsuarios_view', [...])
 4 SYSTEMPATH\CodeIgniter.php(934): App\Controllers\DataTable_controller->editar('img', 'alexcgdesign.png')
 5 SYSTEMPATH\CodeIgniter.php(499): CodeIgniter\CodeIgniter->runController(Object(App\Controllers\DataTable_controller))
 6 SYSTEMPATH\CodeIgniter.php(368): CodeIgniter\CodeIgniter->handleRequest(null, Object(Config\Cache), false)
 7 FCPATH\index.php(67): CodeIgniter\CodeIgniter->run()
INFO - 2023-05-27 13:05:16 --> Session: Class initialized using 'CodeIgniter\Session\Handlers\FileHandler' driver.
INFO - 2023-05-27 13:11:39 --> Session: Class initialized using 'CodeIgniter\Session\Handlers\FileHandler' driver.
INFO - 2023-05-27 13:11:45 --> Session: Class initialized using 'CodeIgniter\Session\Handlers\FileHandler' driver.
INFO - 2023-05-27 13:11:48 --> Session: Class initialized using 'CodeIgniter\Session\Handlers\FileHandler' driver.
CRITICAL - 2023-05-27 13:11:48 --> Invalid file: "Admin/editarUsuarios_view.php"
in SYSTEMPATH\Exceptions\FrameworkException.php on line 33.
 1 SYSTEMPATH\View\View.php(201): CodeIgniter\Exceptions\FrameworkException::forInvalidFile('Admin/editarUsuarios_view.php')
 2 SYSTEMPATH\Common.php(1184): CodeIgniter\View\View->render('Admin/editarUsuarios_view', [], true)
 3 APPPATH\Controllers\Datatable_controller.php(29): view('Admin/editarUsuarios_view', [...])
 4 SYSTEMPATH\CodeIgniter.php(934): App\Controllers\DataTable_controller->editar('19')
 5 SYSTEMPATH\CodeIgniter.php(499): CodeIgniter\CodeIgniter->runController(Object(App\Controllers\DataTable_controller))
 6 SYSTEMPATH\CodeIgniter.php(368): CodeIgniter\CodeIgniter->handleRequest(null, Object(Config\Cache), false)
 7 FCPATH\index.php(67): CodeIgniter\CodeIgniter->run()
INFO - 2023-05-27 13:11:49 --> Session: Class initialized using 'CodeIgniter\Session\Handlers\FileHandler' driver.
CRITICAL - 2023-05-27 13:11:49 --> Invalid file: "Admin/editarUsuarios_view.php"
in SYSTEMPATH\Exceptions\FrameworkException.php on line 33.
 1 SYSTEMPATH\View\View.php(201): CodeIgniter\Exceptions\FrameworkException::forInvalidFile('Admin/editarUsuarios_view.php')
 2 SYSTEMPATH\Common.php(1184): CodeIgniter\View\View->render('Admin/editarUsuarios_view', [], true)
 3 APPPATH\Controllers\Datatable_controller.php(29): view('Admin/editarUsuarios_view', [...])
 4 SYSTEMPATH\CodeIgniter.php(934): App\Controllers\DataTable_controller->editar('img', 'alexcgdesign.png')
 5 SYSTEMPATH\CodeIgniter.php(499): CodeIgniter\CodeIgniter->runController(Object(App\Controllers\DataTable_controller))
 6 SYSTEMPATH\CodeIgniter.php(368): CodeIgniter\CodeIgniter->handleRequest(null, Object(Config\Cache), false)
 7 FCPATH\index.php(67): CodeIgniter\CodeIgniter->run()
INFO - 2023-05-27 13:11:52 --> Session: Class initialized using 'CodeIgniter\Session\Handlers\FileHandler' driver.
INFO - 2023-05-27 13:11:57 --> Session: Class initialized using 'CodeIgniter\Session\Handlers\FileHandler' driver.
CRITICAL - 2023-05-27 13:13:13 --> There is no data to update.
in SYSTEMPATH\BaseModel.php on line 924.
 1 SYSTEMPATH\BaseModel.php(924): CodeIgniter\Database\Exceptions\DataException::forEmptyDataset('update')
 2 SYSTEMPATH\Model.php(756): CodeIgniter\BaseModel->update([...], [])
 3 APPPATH\Models\Usuarios_model.php(35): CodeIgniter\Model->update('19', [...])
 4 APPPATH\Controllers\Usuario_controller.php(130): App\Models\Usuarios_model->habilitarUsuario('19')
 5 SYSTEMPATH\CodeIgniter.php(934): App\Controllers\Usuario_controller->habilitar('19')
 6 SYSTEMPATH\CodeIgniter.php(499): CodeIgniter\CodeIgniter->runController(Object(App\Controllers\Usuario_controller))
 7 SYSTEMPATH\CodeIgniter.php(368): CodeIgniter\CodeIgniter->handleRequest(null, Object(Config\Cache), false)
 8 FCPATH\index.php(67): CodeIgniter\CodeIgniter->run()
INFO - 2023-05-27 13:13:20 --> Session: Class initialized using 'CodeIgniter\Session\Handlers\FileHandler' driver.
INFO - 2023-05-27 13:13:23 --> Session: Class initialized using 'CodeIgniter\Session\Handlers\FileHandler' driver.
INFO - 2023-05-27 13:13:27 --> Session: Class initialized using 'CodeIgniter\Session\Handlers\FileHandler' driver.
CRITICAL - 2023-05-27 13:13:27 --> Invalid file: "Admin/editarUsuarios_view.php"
in SYSTEMPATH\Exceptions\FrameworkException.php on line 33.
 1 SYSTEMPATH\View\View.php(201): CodeIgniter\Exceptions\FrameworkException::forInvalidFile('Admin/editarUsuarios_view.php')
 2 SYSTEMPATH\Common.php(1184): CodeIgniter\View\View->render('Admin/editarUsuarios_view', [], true)
 3 APPPATH\Controllers\Datatable_controller.php(29): view('Admin/editarUsuarios_view', [...])
 4 SYSTEMPATH\CodeIgniter.php(934): App\Controllers\DataTable_controller->editar('19')
 5 SYSTEMPATH\CodeIgniter.php(499): CodeIgniter\CodeIgniter->runController(Object(App\Controllers\DataTable_controller))
 6 SYSTEMPATH\CodeIgniter.php(368): CodeIgniter\CodeIgniter->handleRequest(null, Object(Config\Cache), false)
 7 FCPATH\index.php(67): CodeIgniter\CodeIgniter->run()
INFO - 2023-05-27 13:13:28 --> Session: Class initialized using 'CodeIgniter\Session\Handlers\FileHandler' driver.
CRITICAL - 2023-05-27 13:13:28 --> Invalid file: "Admin/editarUsuarios_view.php"
in SYSTEMPATH\Exceptions\FrameworkException.php on line 33.
 1 SYSTEMPATH\View\View.php(201): CodeIgniter\Exceptions\FrameworkException::forInvalidFile('Admin/editarUsuarios_view.php')
 2 SYSTEMPATH\Common.php(1184): CodeIgniter\View\View->render('Admin/editarUsuarios_view', [], true)
 3 APPPATH\Controllers\Datatable_controller.php(29): view('Admin/editarUsuarios_view', [...])
 4 SYSTEMPATH\CodeIgniter.php(934): App\Controllers\DataTable_controller->editar('img', 'alexcgdesign.png')
 5 SYSTEMPATH\CodeIgniter.php(499): CodeIgniter\CodeIgniter->runController(Object(App\Controllers\DataTable_controller))
 6 SYSTEMPATH\CodeIgniter.php(368): CodeIgniter\CodeIgniter->handleRequest(null, Object(Config\Cache), false)
 7 FCPATH\index.php(67): CodeIgniter\CodeIgniter->run()
INFO - 2023-05-27 13:13:30 --> Session: Class initialized using 'CodeIgniter\Session\Handlers\FileHandler' driver.
INFO - 2023-05-27 13:13:38 --> Session: Class initialized using 'CodeIgniter\Session\Handlers\FileHandler' driver.
CRITICAL - 2023-05-27 13:13:39 --> There is no data to update.
in SYSTEMPATH\BaseModel.php on line 924.
 1 SYSTEMPATH\BaseModel.php(924): CodeIgniter\Database\Exceptions\DataException::forEmptyDataset('update')
 2 SYSTEMPATH\Model.php(756): CodeIgniter\BaseModel->update([...], [])
 3 APPPATH\Models\Usuarios_model.php(35): CodeIgniter\Model->update('19', [...])
 4 APPPATH\Controllers\Usuario_controller.php(130): App\Models\Usuarios_model->habilitarUsuario('19')
 5 SYSTEMPATH\CodeIgniter.php(934): App\Controllers\Usuario_controller->habilitar('19')
 6 SYSTEMPATH\CodeIgniter.php(499): CodeIgniter\CodeIgniter->runController(Object(App\Controllers\Usuario_controller))
 7 SYSTEMPATH\CodeIgniter.php(368): CodeIgniter\CodeIgniter->handleRequest(null, Object(Config\Cache), false)
 8 FCPATH\index.php(67): CodeIgniter\CodeIgniter->run()
INFO - 2023-05-27 13:13:45 --> Session: Class initialized using 'CodeIgniter\Session\Handlers\FileHandler' driver.
INFO - 2023-05-27 13:25:12 --> Session: Class initialized using 'CodeIgniter\Session\Handlers\FileHandler' driver.
INFO - 2023-05-27 13:25:15 --> Session: Class initialized using 'CodeIgniter\Session\Handlers\FileHandler' driver.
CRITICAL - 2023-05-27 13:25:19 --> There is no data to update.
in SYSTEMPATH\BaseModel.php on line 924.
 1 SYSTEMPATH\BaseModel.php(924): CodeIgniter\Database\Exceptions\DataException::forEmptyDataset('update')
 2 SYSTEMPATH\Model.php(756): CodeIgniter\BaseModel->update([...], [])
 3 APPPATH\Controllers\Usuario_controller.php(199): CodeIgniter\Model->update('19', [...])
 4 SYSTEMPATH\CodeIgniter.php(934): App\Controllers\Usuario_controller->habilitar('19')
 5 SYSTEMPATH\CodeIgniter.php(499): CodeIgniter\CodeIgniter->runController(Object(App\Controllers\Usuario_controller))
 6 SYSTEMPATH\CodeIgniter.php(368): CodeIgniter\CodeIgniter->handleRequest(null, Object(Config\Cache), false)
 7 FCPATH\index.php(67): CodeIgniter\CodeIgniter->run()
INFO - 2023-05-27 13:25:22 --> Session: Class initialized using 'CodeIgniter\Session\Handlers\FileHandler' driver.
CRITICAL - 2023-05-27 13:25:24 --> There is no data to update.
in SYSTEMPATH\BaseModel.php on line 924.
 1 SYSTEMPATH\BaseModel.php(924): CodeIgniter\Database\Exceptions\DataException::forEmptyDataset('update')
 2 SYSTEMPATH\Model.php(756): CodeIgniter\BaseModel->update([...], [])
 3 APPPATH\Controllers\Usuario_controller.php(183): CodeIgniter\Model->update('19', [...])
 4 SYSTEMPATH\CodeIgniter.php(934): App\Controllers\Usuario_controller->delete('19')
 5 SYSTEMPATH\CodeIgniter.php(499): CodeIgniter\CodeIgniter->runController(Object(App\Controllers\Usuario_controller))
 6 SYSTEMPATH\CodeIgniter.php(368): CodeIgniter\CodeIgniter->handleRequest(null, Object(Config\Cache), false)
 7 FCPATH\index.php(67): CodeIgniter\CodeIgniter->run()
INFO - 2023-05-27 13:25:28 --> Session: Class initialized using 'CodeIgniter\Session\Handlers\FileHandler' driver.
INFO - 2023-05-27 13:25:30 --> Session: Class initialized using 'CodeIgniter\Session\Handlers\FileHandler' driver.
CRITICAL - 2023-05-27 13:25:30 --> Invalid file: "Admin/editarUsuarios_view.php"
in SYSTEMPATH\Exceptions\FrameworkException.php on line 33.
 1 SYSTEMPATH\View\View.php(201): CodeIgniter\Exceptions\FrameworkException::forInvalidFile('Admin/editarUsuarios_view.php')
 2 SYSTEMPATH\Common.php(1184): CodeIgniter\View\View->render('Admin/editarUsuarios_view', [], true)
 3 APPPATH\Controllers\Datatable_controller.php(29): view('Admin/editarUsuarios_view', [...])
 4 SYSTEMPATH\CodeIgniter.php(934): App\Controllers\DataTable_controller->editar('19')
 5 SYSTEMPATH\CodeIgniter.php(499): CodeIgniter\CodeIgniter->runController(Object(App\Controllers\DataTable_controller))
 6 SYSTEMPATH\CodeIgniter.php(368): CodeIgniter\CodeIgniter->handleRequest(null, Object(Config\Cache), false)
 7 FCPATH\index.php(67): CodeIgniter\CodeIgniter->run()
INFO - 2023-05-27 13:25:31 --> Session: Class initialized using 'CodeIgniter\Session\Handlers\FileHandler' driver.
CRITICAL - 2023-05-27 13:25:31 --> Invalid file: "Admin/editarUsuarios_view.php"
in SYSTEMPATH\Exceptions\FrameworkException.php on line 33.
 1 SYSTEMPATH\View\View.php(201): CodeIgniter\Exceptions\FrameworkException::forInvalidFile('Admin/editarUsuarios_view.php')
 2 SYSTEMPATH\Common.php(1184): CodeIgniter\View\View->render('Admin/editarUsuarios_view', [], true)
 3 APPPATH\Controllers\Datatable_controller.php(29): view('Admin/editarUsuarios_view', [...])
 4 SYSTEMPATH\CodeIgniter.php(934): App\Controllers\DataTable_controller->editar('img', 'alexcgdesign.png')
 5 SYSTEMPATH\CodeIgniter.php(499): CodeIgniter\CodeIgniter->runController(Object(App\Controllers\DataTable_controller))
 6 SYSTEMPATH\CodeIgniter.php(368): CodeIgniter\CodeIgniter->handleRequest(null, Object(Config\Cache), false)
 7 FCPATH\index.php(67): CodeIgniter\CodeIgniter->run()
INFO - 2023-05-27 13:25:41 --> Session: Class initialized using 'CodeIgniter\Session\Handlers\FileHandler' driver.
CRITICAL - 2023-05-27 13:25:43 --> There is no data to update.
in SYSTEMPATH\BaseModel.php on line 924.
 1 SYSTEMPATH\BaseModel.php(924): CodeIgniter\Database\Exceptions\DataException::forEmptyDataset('update')
 2 SYSTEMPATH\Model.php(756): CodeIgniter\BaseModel->update([...], [])
 3 APPPATH\Controllers\Usuario_controller.php(183): CodeIgniter\Model->update('19', [...])
 4 SYSTEMPATH\CodeIgniter.php(934): App\Controllers\Usuario_controller->delete('19')
 5 SYSTEMPATH\CodeIgniter.php(499): CodeIgniter\CodeIgniter->runController(Object(App\Controllers\Usuario_controller))
 6 SYSTEMPATH\CodeIgniter.php(368): CodeIgniter\CodeIgniter->handleRequest(null, Object(Config\Cache), false)
 7 FCPATH\index.php(67): CodeIgniter\CodeIgniter->run()
INFO - 2023-05-27 14:57:52 --> Session: Class initialized using 'CodeIgniter\Session\Handlers\FileHandler' driver.
INFO - 2023-05-27 14:57:55 --> Session: Class initialized using 'CodeIgniter\Session\Handlers\FileHandler' driver.
INFO - 2023-05-27 15:09:47 --> Session: Class initialized using 'CodeIgniter\Session\Handlers\FileHandler' driver.
CRITICAL - 2023-05-27 15:09:53 --> There is no data to update.
in SYSTEMPATH\BaseModel.php on line 924.
 1 SYSTEMPATH\BaseModel.php(924): CodeIgniter\Database\Exceptions\DataException::forEmptyDataset('update')
 2 SYSTEMPATH\Model.php(756): CodeIgniter\BaseModel->update([...], [])
 3 APPPATH\Controllers\Usuario_controller.php(199): CodeIgniter\Model->update('19', [...])
 4 SYSTEMPATH\CodeIgniter.php(934): App\Controllers\Usuario_controller->habilitar('19')
 5 SYSTEMPATH\CodeIgniter.php(499): CodeIgniter\CodeIgniter->runController(Object(App\Controllers\Usuario_controller))
 6 SYSTEMPATH\CodeIgniter.php(368): CodeIgniter\CodeIgniter->handleRequest(null, Object(Config\Cache), false)
 7 FCPATH\index.php(67): CodeIgniter\CodeIgniter->run()
INFO - 2023-05-27 15:10:04 --> Session: Class initialized using 'CodeIgniter\Session\Handlers\FileHandler' driver.
CRITICAL - 2023-05-27 15:13:41 --> There is no data to update.
in SYSTEMPATH\BaseModel.php on line 924.
 1 SYSTEMPATH\BaseModel.php(924): CodeIgniter\Database\Exceptions\DataException::forEmptyDataset('update')
 2 SYSTEMPATH\Model.php(756): CodeIgniter\BaseModel->update([...], [])
 3 APPPATH\Controllers\Usuario_controller.php(183): CodeIgniter\Model->update('19', [...])
 4 SYSTEMPATH\CodeIgniter.php(934): App\Controllers\Usuario_controller->delete('19')
 5 SYSTEMPATH\CodeIgniter.php(499): CodeIgniter\CodeIgniter->runController(Object(App\Controllers\Usuario_controller))
 6 SYSTEMPATH\CodeIgniter.php(368): CodeIgniter\CodeIgniter->handleRequest(null, Object(Config\Cache), false)
 7 FCPATH\index.php(67): CodeIgniter\CodeIgniter->run()
CRITICAL - 2023-05-27 15:14:22 --> Declaration of App\Models\Usuarios_model::update($data, $id) must be compatible with CodeIgniter\Model::update($id = NULL, $data = NULL): bool
in APPPATH\Models\Usuarios_model.php on line 23.
 1 [internal function]: CodeIgniter\Debug\Exceptions->shutdownHandler()
CRITICAL - 2023-05-27 15:14:26 --> Declaration of App\Models\Usuarios_model::update($data, $id) must be compatible with CodeIgniter\Model::update($id = NULL, $data = NULL): bool
in APPPATH\Models\Usuarios_model.php on line 23.
 1 [internal function]: CodeIgniter\Debug\Exceptions->shutdownHandler()
INFO - 2023-05-27 15:17:20 --> Session: Class initialized using 'CodeIgniter\Session\Handlers\FileHandler' driver.
INFO - 2023-05-27 15:17:20 --> Session: Class initialized using 'CodeIgniter\Session\Handlers\FileHandler' driver.
INFO - 2023-05-27 15:17:26 --> Session: Class initialized using 'CodeIgniter\Session\Handlers\FileHandler' driver.
INFO - 2023-05-27 15:17:26 --> Session: Class initialized using 'CodeIgniter\Session\Handlers\FileHandler' driver.
INFO - 2023-05-27 15:17:38 --> Session: Class initialized using 'CodeIgniter\Session\Handlers\FileHandler' driver.
INFO - 2023-05-27 15:17:38 --> Session: Class initialized using 'CodeIgniter\Session\Handlers\FileHandler' driver.
INFO - 2023-05-27 15:17:47 --> Session: Class initialized using 'CodeIgniter\Session\Handlers\FileHandler' driver.
CRITICAL - 2023-05-27 15:17:47 --> Invalid file: "Admin/editarUsuarios_view.php"
in SYSTEMPATH\Exceptions\FrameworkException.php on line 33.
 1 SYSTEMPATH\View\View.php(201): CodeIgniter\Exceptions\FrameworkException::forInvalidFile('Admin/editarUsuarios_view.php')
 2 SYSTEMPATH\Common.php(1184): CodeIgniter\View\View->render('Admin/editarUsuarios_view', [], true)
 3 APPPATH\Controllers\Datatable_controller.php(29): view('Admin/editarUsuarios_view', [...])
 4 SYSTEMPATH\CodeIgniter.php(934): App\Controllers\DataTable_controller->editar('19')
 5 SYSTEMPATH\CodeIgniter.php(499): CodeIgniter\CodeIgniter->runController(Object(App\Controllers\DataTable_controller))
 6 SYSTEMPATH\CodeIgniter.php(368): CodeIgniter\CodeIgniter->handleRequest(null, Object(Config\Cache), false)
 7 FCPATH\index.php(67): CodeIgniter\CodeIgniter->run()
INFO - 2023-05-27 15:17:47 --> Session: Class initialized using 'CodeIgniter\Session\Handlers\FileHandler' driver.
CRITICAL - 2023-05-27 15:17:47 --> Invalid file: "Admin/editarUsuarios_view.php"
in SYSTEMPATH\Exceptions\FrameworkException.php on line 33.
 1 SYSTEMPATH\View\View.php(201): CodeIgniter\Exceptions\FrameworkException::forInvalidFile('Admin/editarUsuarios_view.php')
 2 SYSTEMPATH\Common.php(1184): CodeIgniter\View\View->render('Admin/editarUsuarios_view', [], true)
 3 APPPATH\Controllers\Datatable_controller.php(29): view('Admin/editarUsuarios_view', [...])
 4 SYSTEMPATH\CodeIgniter.php(934): App\Controllers\DataTable_controller->editar('img', 'alexcgdesign.png')
 5 SYSTEMPATH\CodeIgniter.php(499): CodeIgniter\CodeIgniter->runController(Object(App\Controllers\DataTable_controller))
 6 SYSTEMPATH\CodeIgniter.php(368): CodeIgniter\CodeIgniter->handleRequest(null, Object(Config\Cache), false)
 7 FCPATH\index.php(67): CodeIgniter\CodeIgniter->run()
INFO - 2023-05-27 15:20:04 --> Session: Class initialized using 'CodeIgniter\Session\Handlers\FileHandler' driver.
INFO - 2023-05-27 15:20:28 --> Session: Class initialized using 'CodeIgniter\Session\Handlers\FileHandler' driver.
INFO - 2023-05-27 15:20:28 --> Session: Class initialized using 'CodeIgniter\Session\Handlers\FileHandler' driver.
INFO - 2023-05-27 15:20:53 --> Session: Class initialized using 'CodeIgniter\Session\Handlers\FileHandler' driver.
CRITICAL - 2023-05-27 15:20:53 --> Invalid file: "Admin/editarUsuarios_view.php"
in SYSTEMPATH\Exceptions\FrameworkException.php on line 33.
 1 SYSTEMPATH\View\View.php(201): CodeIgniter\Exceptions\FrameworkException::forInvalidFile('Admin/editarUsuarios_view.php')
 2 SYSTEMPATH\Common.php(1184): CodeIgniter\View\View->render('Admin/editarUsuarios_view', [], true)
 3 APPPATH\Controllers\Datatable_controller.php(29): view('Admin/editarUsuarios_view', [...])
 4 SYSTEMPATH\CodeIgniter.php(934): App\Controllers\DataTable_controller->editar('17')
 5 SYSTEMPATH\CodeIgniter.php(499): CodeIgniter\CodeIgniter->runController(Object(App\Controllers\DataTable_controller))
 6 SYSTEMPATH\CodeIgniter.php(368): CodeIgniter\CodeIgniter->handleRequest(null, Object(Config\Cache), false)
 7 FCPATH\index.php(67): CodeIgniter\CodeIgniter->run()
INFO - 2023-05-27 15:20:53 --> Session: Class initialized using 'CodeIgniter\Session\Handlers\FileHandler' driver.
CRITICAL - 2023-05-27 15:20:53 --> Invalid file: "Admin/editarUsuarios_view.php"
in SYSTEMPATH\Exceptions\FrameworkException.php on line 33.
 1 SYSTEMPATH\View\View.php(201): CodeIgniter\Exceptions\FrameworkException::forInvalidFile('Admin/editarUsuarios_view.php')
 2 SYSTEMPATH\Common.php(1184): CodeIgniter\View\View->render('Admin/editarUsuarios_view', [], true)
 3 APPPATH\Controllers\Datatable_controller.php(29): view('Admin/editarUsuarios_view', [...])
 4 SYSTEMPATH\CodeIgniter.php(934): App\Controllers\DataTable_controller->editar('img', 'alexcgdesign.png')
 5 SYSTEMPATH\CodeIgniter.php(499): CodeIgniter\CodeIgniter->runController(Object(App\Controllers\DataTable_controller))
 6 SYSTEMPATH\CodeIgniter.php(368): CodeIgniter\CodeIgniter->handleRequest(null, Object(Config\Cache), false)
 7 FCPATH\index.php(67): CodeIgniter\CodeIgniter->run()
INFO - 2023-05-27 15:20:58 --> Session: Class initialized using 'CodeIgniter\Session\Handlers\FileHandler' driver.
INFO - 2023-05-27 15:21:09 --> Session: Class initialized using 'CodeIgniter\Session\Handlers\FileHandler' driver.
INFO - 2023-05-27 15:21:09 --> Session: Class initialized using 'CodeIgniter\Session\Handlers\FileHandler' driver.
INFO - 2023-05-27 15:37:33 --> Session: Class initialized using 'CodeIgniter\Session\Handlers\FileHandler' driver.
INFO - 2023-05-27 15:37:45 --> Session: Class initialized using 'CodeIgniter\Session\Handlers\FileHandler' driver.
INFO - 2023-05-27 15:37:45 --> Session: Class initialized using 'CodeIgniter\Session\Handlers\FileHandler' driver.
INFO - 2023-05-27 15:37:52 --> Session: Class initialized using 'CodeIgniter\Session\Handlers\FileHandler' driver.
CRITICAL - 2023-05-27 15:37:52 --> Invalid file: "Admin/editarUsuarios_view.php"
in SYSTEMPATH\Exceptions\FrameworkException.php on line 33.
 1 SYSTEMPATH\View\View.php(201): CodeIgniter\Exceptions\FrameworkException::forInvalidFile('Admin/editarUsuarios_view.php')
 2 SYSTEMPATH\Common.php(1184): CodeIgniter\View\View->render('Admin/editarUsuarios_view', [], true)
 3 APPPATH\Controllers\Datatable_controller.php(29): view('Admin/editarUsuarios_view', [...])
 4 SYSTEMPATH\CodeIgniter.php(934): App\Controllers\DataTable_controller->editar('18')
 5 SYSTEMPATH\CodeIgniter.php(499): CodeIgniter\CodeIgniter->runController(Object(App\Controllers\DataTable_controller))
 6 SYSTEMPATH\CodeIgniter.php(368): CodeIgniter\CodeIgniter->handleRequest(null, Object(Config\Cache), false)
 7 FCPATH\index.php(67): CodeIgniter\CodeIgniter->run()
INFO - 2023-05-27 15:37:53 --> Session: Class initialized using 'CodeIgniter\Session\Handlers\FileHandler' driver.
CRITICAL - 2023-05-27 15:37:53 --> Invalid file: "Admin/editarUsuarios_view.php"
in SYSTEMPATH\Exceptions\FrameworkException.php on line 33.
 1 SYSTEMPATH\View\View.php(201): CodeIgniter\Exceptions\FrameworkException::forInvalidFile('Admin/editarUsuarios_view.php')
 2 SYSTEMPATH\Common.php(1184): CodeIgniter\View\View->render('Admin/editarUsuarios_view', [], true)
 3 APPPATH\Controllers\Datatable_controller.php(29): view('Admin/editarUsuarios_view', [...])
 4 SYSTEMPATH\CodeIgniter.php(934): App\Controllers\DataTable_controller->editar('img', 'alexcgdesign.png')
 5 SYSTEMPATH\CodeIgniter.php(499): CodeIgniter\CodeIgniter->runController(Object(App\Controllers\DataTable_controller))
 6 SYSTEMPATH\CodeIgniter.php(368): CodeIgniter\CodeIgniter->handleRequest(null, Object(Config\Cache), false)
 7 FCPATH\index.php(67): CodeIgniter\CodeIgniter->run()
INFO - 2023-05-27 15:41:11 --> Session: Class initialized using 'CodeIgniter\Session\Handlers\FileHandler' driver.
INFO - 2023-05-27 15:41:22 --> Session: Class initialized using 'CodeIgniter\Session\Handlers\FileHandler' driver.
INFO - 2023-05-27 15:41:24 --> Session: Class initialized using 'CodeIgniter\Session\Handlers\FileHandler' driver.
INFO - 2023-05-27 15:41:30 --> Session: Class initialized using 'CodeIgniter\Session\Handlers\FileHandler' driver.
CRITICAL - 2023-05-27 15:41:30 --> Invalid file: "Admin/editarUsuarios_view.php"
in SYSTEMPATH\Exceptions\FrameworkException.php on line 33.
 1 SYSTEMPATH\View\View.php(201): CodeIgniter\Exceptions\FrameworkException::forInvalidFile('Admin/editarUsuarios_view.php')
 2 SYSTEMPATH\Common.php(1184): CodeIgniter\View\View->render('Admin/editarUsuarios_view', [], true)
 3 APPPATH\Controllers\Datatable_controller.php(29): view('Admin/editarUsuarios_view', [...])
 4 SYSTEMPATH\CodeIgniter.php(934): App\Controllers\DataTable_controller->editar('18')
 5 SYSTEMPATH\CodeIgniter.php(499): CodeIgniter\CodeIgniter->runController(Object(App\Controllers\DataTable_controller))
 6 SYSTEMPATH\CodeIgniter.php(368): CodeIgniter\CodeIgniter->handleRequest(null, Object(Config\Cache), false)
 7 FCPATH\index.php(67): CodeIgniter\CodeIgniter->run()
INFO - 2023-05-27 15:41:30 --> Session: Class initialized using 'CodeIgniter\Session\Handlers\FileHandler' driver.
CRITICAL - 2023-05-27 15:41:30 --> Invalid file: "Admin/editarUsuarios_view.php"
in SYSTEMPATH\Exceptions\FrameworkException.php on line 33.
 1 SYSTEMPATH\View\View.php(201): CodeIgniter\Exceptions\FrameworkException::forInvalidFile('Admin/editarUsuarios_view.php')
 2 SYSTEMPATH\Common.php(1184): CodeIgniter\View\View->render('Admin/editarUsuarios_view', [], true)
 3 APPPATH\Controllers\Datatable_controller.php(29): view('Admin/editarUsuarios_view', [...])
 4 SYSTEMPATH\CodeIgniter.php(934): App\Controllers\DataTable_controller->editar('img', 'alexcgdesign.png')
 5 SYSTEMPATH\CodeIgniter.php(499): CodeIgniter\CodeIgniter->runController(Object(App\Controllers\DataTable_controller))
 6 SYSTEMPATH\CodeIgniter.php(368): CodeIgniter\CodeIgniter->handleRequest(null, Object(Config\Cache), false)
 7 FCPATH\index.php(67): CodeIgniter\CodeIgniter->run()
INFO - 2023-05-27 16:11:49 --> Session: Class initialized using 'CodeIgniter\Session\Handlers\FileHandler' driver.
CRITICAL - 2023-05-27 16:11:49 --> Invalid file: "Admin/editarUsuarios_view.php"
in SYSTEMPATH\Exceptions\FrameworkException.php on line 33.
 1 SYSTEMPATH\View\View.php(201): CodeIgniter\Exceptions\FrameworkException::forInvalidFile('Admin/editarUsuarios_view.php')
 2 SYSTEMPATH\Common.php(1184): CodeIgniter\View\View->render('Admin/editarUsuarios_view', [], true)
 3 APPPATH\Controllers\Datatable_controller.php(29): view('Admin/editarUsuarios_view', [...])
 4 SYSTEMPATH\CodeIgniter.php(934): App\Controllers\DataTable_controller->editar('18')
 5 SYSTEMPATH\CodeIgniter.php(499): CodeIgniter\CodeIgniter->runController(Object(App\Controllers\DataTable_controller))
 6 SYSTEMPATH\CodeIgniter.php(368): CodeIgniter\CodeIgniter->handleRequest(null, Object(Config\Cache), false)
 7 FCPATH\index.php(67): CodeIgniter\CodeIgniter->run()
INFO - 2023-05-27 16:11:50 --> Session: Class initialized using 'CodeIgniter\Session\Handlers\FileHandler' driver.
CRITICAL - 2023-05-27 16:11:50 --> Invalid file: "Admin/editarUsuarios_view.php"
in SYSTEMPATH\Exceptions\FrameworkException.php on line 33.
 1 SYSTEMPATH\View\View.php(201): CodeIgniter\Exceptions\FrameworkException::forInvalidFile('Admin/editarUsuarios_view.php')
 2 SYSTEMPATH\Common.php(1184): CodeIgniter\View\View->render('Admin/editarUsuarios_view', [], true)
 3 APPPATH\Controllers\Datatable_controller.php(29): view('Admin/editarUsuarios_view', [...])
 4 SYSTEMPATH\CodeIgniter.php(934): App\Controllers\DataTable_controller->editar('img', 'alexcgdesign.png')
 5 SYSTEMPATH\CodeIgniter.php(499): CodeIgniter\CodeIgniter->runController(Object(App\Controllers\DataTable_controller))
 6 SYSTEMPATH\CodeIgniter.php(368): CodeIgniter\CodeIgniter->handleRequest(null, Object(Config\Cache), false)
 7 FCPATH\index.php(67): CodeIgniter\CodeIgniter->run()
INFO - 2023-05-27 16:11:59 --> Session: Class initialized using 'CodeIgniter\Session\Handlers\FileHandler' driver.
INFO - 2023-05-27 16:12:18 --> Session: Class initialized using 'CodeIgniter\Session\Handlers\FileHandler' driver.
CRITICAL - 2023-05-27 16:12:18 --> Invalid file: "Admin/editarUsuarios_view.php"
in SYSTEMPATH\Exceptions\FrameworkException.php on line 33.
 1 SYSTEMPATH\View\View.php(201): CodeIgniter\Exceptions\FrameworkException::forInvalidFile('Admin/editarUsuarios_view.php')
 2 SYSTEMPATH\Common.php(1184): CodeIgniter\View\View->render('Admin/editarUsuarios_view', [], true)
 3 APPPATH\Controllers\Datatable_controller.php(29): view('Admin/editarUsuarios_view', [...])
 4 SYSTEMPATH\CodeIgniter.php(934): App\Controllers\DataTable_controller->editar('16')
 5 SYSTEMPATH\CodeIgniter.php(499): CodeIgniter\CodeIgniter->runController(Object(App\Controllers\DataTable_controller))
 6 SYSTEMPATH\CodeIgniter.php(368): CodeIgniter\CodeIgniter->handleRequest(null, Object(Config\Cache), false)
 7 FCPATH\index.php(67): CodeIgniter\CodeIgniter->run()
INFO - 2023-05-27 16:12:18 --> Session: Class initialized using 'CodeIgniter\Session\Handlers\FileHandler' driver.
CRITICAL - 2023-05-27 16:12:18 --> Invalid file: "Admin/editarUsuarios_view.php"
in SYSTEMPATH\Exceptions\FrameworkException.php on line 33.
 1 SYSTEMPATH\View\View.php(201): CodeIgniter\Exceptions\FrameworkException::forInvalidFile('Admin/editarUsuarios_view.php')
 2 SYSTEMPATH\Common.php(1184): CodeIgniter\View\View->render('Admin/editarUsuarios_view', [], true)
 3 APPPATH\Controllers\Datatable_controller.php(29): view('Admin/editarUsuarios_view', [...])
 4 SYSTEMPATH\CodeIgniter.php(934): App\Controllers\DataTable_controller->editar('img', 'alexcgdesign.png')
 5 SYSTEMPATH\CodeIgniter.php(499): CodeIgniter\CodeIgniter->runController(Object(App\Controllers\DataTable_controller))
 6 SYSTEMPATH\CodeIgniter.php(368): CodeIgniter\CodeIgniter->handleRequest(null, Object(Config\Cache), false)
 7 FCPATH\index.php(67): CodeIgniter\CodeIgniter->run()
INFO - 2023-05-27 16:16:42 --> Session: Class initialized using 'CodeIgniter\Session\Handlers\FileHandler' driver.
CRITICAL - 2023-05-27 16:16:42 --> Invalid file: "Admin/editarUsuarios_view.php"
in SYSTEMPATH\Exceptions\FrameworkException.php on line 33.
 1 SYSTEMPATH\View\View.php(201): CodeIgniter\Exceptions\FrameworkException::forInvalidFile('Admin/editarUsuarios_view.php')
 2 SYSTEMPATH\Common.php(1184): CodeIgniter\View\View->render('Admin/editarUsuarios_view', [], true)
 3 APPPATH\Controllers\Datatable_controller.php(29): view('Admin/editarUsuarios_view', [...])
 4 SYSTEMPATH\CodeIgniter.php(934): App\Controllers\DataTable_controller->editar('16')
 5 SYSTEMPATH\CodeIgniter.php(499): CodeIgniter\CodeIgniter->runController(Object(App\Controllers\DataTable_controller))
 6 SYSTEMPATH\CodeIgniter.php(368): CodeIgniter\CodeIgniter->handleRequest(null, Object(Config\Cache), false)
 7 FCPATH\index.php(67): CodeIgniter\CodeIgniter->run()
INFO - 2023-05-27 16:16:43 --> Session: Class initialized using 'CodeIgniter\Session\Handlers\FileHandler' driver.
CRITICAL - 2023-05-27 16:16:43 --> Invalid file: "Admin/editarUsuarios_view.php"
in SYSTEMPATH\Exceptions\FrameworkException.php on line 33.
 1 SYSTEMPATH\View\View.php(201): CodeIgniter\Exceptions\FrameworkException::forInvalidFile('Admin/editarUsuarios_view.php')
 2 SYSTEMPATH\Common.php(1184): CodeIgniter\View\View->render('Admin/editarUsuarios_view', [], true)
 3 APPPATH\Controllers\Datatable_controller.php(29): view('Admin/editarUsuarios_view', [...])
 4 SYSTEMPATH\CodeIgniter.php(934): App\Controllers\DataTable_controller->editar('img', 'alexcgdesign.png')
 5 SYSTEMPATH\CodeIgniter.php(499): CodeIgniter\CodeIgniter->runController(Object(App\Controllers\DataTable_controller))
 6 SYSTEMPATH\CodeIgniter.php(368): CodeIgniter\CodeIgniter->handleRequest(null, Object(Config\Cache), false)
 7 FCPATH\index.php(67): CodeIgniter\CodeIgniter->run()
INFO - 2023-05-27 16:22:21 --> Session: Class initialized using 'CodeIgniter\Session\Handlers\FileHandler' driver.
INFO - 2023-05-27 16:22:27 --> Session: Class initialized using 'CodeIgniter\Session\Handlers\FileHandler' driver.
CRITICAL - 2023-05-27 16:22:27 --> Invalid file: "Admin/editarUsuarios_view.php"
in SYSTEMPATH\Exceptions\FrameworkException.php on line 33.
 1 SYSTEMPATH\View\View.php(201): CodeIgniter\Exceptions\FrameworkException::forInvalidFile('Admin/editarUsuarios_view.php')
 2 SYSTEMPATH\Common.php(1184): CodeIgniter\View\View->render('Admin/editarUsuarios_view', [], true)
 3 APPPATH\Controllers\Datatable_controller.php(29): view('Admin/editarUsuarios_view', [...])
 4 SYSTEMPATH\CodeIgniter.php(934): App\Controllers\DataTable_controller->editar('17')
 5 SYSTEMPATH\CodeIgniter.php(499): CodeIgniter\CodeIgniter->runController(Object(App\Controllers\DataTable_controller))
 6 SYSTEMPATH\CodeIgniter.php(368): CodeIgniter\CodeIgniter->handleRequest(null, Object(Config\Cache), false)
 7 FCPATH\index.php(67): CodeIgniter\CodeIgniter->run()
INFO - 2023-05-27 16:22:28 --> Session: Class initialized using 'CodeIgniter\Session\Handlers\FileHandler' driver.
CRITICAL - 2023-05-27 16:22:28 --> Invalid file: "Admin/editarUsuarios_view.php"
in SYSTEMPATH\Exceptions\FrameworkException.php on line 33.
 1 SYSTEMPATH\View\View.php(201): CodeIgniter\Exceptions\FrameworkException::forInvalidFile('Admin/editarUsuarios_view.php')
 2 SYSTEMPATH\Common.php(1184): CodeIgniter\View\View->render('Admin/editarUsuarios_view', [], true)
 3 APPPATH\Controllers\Datatable_controller.php(29): view('Admin/editarUsuarios_view', [...])
 4 SYSTEMPATH\CodeIgniter.php(934): App\Controllers\DataTable_controller->editar('img', 'alexcgdesign.png')
 5 SYSTEMPATH\CodeIgniter.php(499): CodeIgniter\CodeIgniter->runController(Object(App\Controllers\DataTable_controller))
 6 SYSTEMPATH\CodeIgniter.php(368): CodeIgniter\CodeIgniter->handleRequest(null, Object(Config\Cache), false)
 7 FCPATH\index.php(67): CodeIgniter\CodeIgniter->run()
INFO - 2023-05-27 16:23:49 --> Session: Class initialized using 'CodeIgniter\Session\Handlers\FileHandler' driver.
CRITICAL - 2023-05-27 16:23:49 --> Invalid file: "Admin/editarUsuarios_view.php"
in SYSTEMPATH\Exceptions\FrameworkException.php on line 33.
 1 SYSTEMPATH\View\View.php(201): CodeIgniter\Exceptions\FrameworkException::forInvalidFile('Admin/editarUsuarios_view.php')
 2 SYSTEMPATH\Common.php(1184): CodeIgniter\View\View->render('Admin/editarUsuarios_view', [], true)
 3 APPPATH\Controllers\Datatable_controller.php(29): view('Admin/editarUsuarios_view', [...])
 4 SYSTEMPATH\CodeIgniter.php(934): App\Controllers\DataTable_controller->editar('17')
 5 SYSTEMPATH\CodeIgniter.php(499): CodeIgniter\CodeIgniter->runController(Object(App\Controllers\DataTable_controller))
 6 SYSTEMPATH\CodeIgniter.php(368): CodeIgniter\CodeIgniter->handleRequest(null, Object(Config\Cache), false)
 7 FCPATH\index.php(67): CodeIgniter\CodeIgniter->run()
INFO - 2023-05-27 16:23:50 --> Session: Class initialized using 'CodeIgniter\Session\Handlers\FileHandler' driver.
CRITICAL - 2023-05-27 16:23:50 --> Invalid file: "Admin/editarUsuarios_view.php"
in SYSTEMPATH\Exceptions\FrameworkException.php on line 33.
 1 SYSTEMPATH\View\View.php(201): CodeIgniter\Exceptions\FrameworkException::forInvalidFile('Admin/editarUsuarios_view.php')
 2 SYSTEMPATH\Common.php(1184): CodeIgniter\View\View->render('Admin/editarUsuarios_view', [], true)
 3 APPPATH\Controllers\Datatable_controller.php(29): view('Admin/editarUsuarios_view', [...])
 4 SYSTEMPATH\CodeIgniter.php(934): App\Controllers\DataTable_controller->editar('img', 'alexcgdesign.png')
 5 SYSTEMPATH\CodeIgniter.php(499): CodeIgniter\CodeIgniter->runController(Object(App\Controllers\DataTable_controller))
 6 SYSTEMPATH\CodeIgniter.php(368): CodeIgniter\CodeIgniter->handleRequest(null, Object(Config\Cache), false)
 7 FCPATH\index.php(67): CodeIgniter\CodeIgniter->run()
INFO - 2023-05-27 16:23:55 --> Session: Class initialized using 'CodeIgniter\Session\Handlers\FileHandler' driver.
INFO - 2023-05-27 16:24:00 --> Session: Class initialized using 'CodeIgniter\Session\Handlers\FileHandler' driver.
INFO - 2023-05-27 16:24:07 --> Session: Class initialized using 'CodeIgniter\Session\Handlers\FileHandler' driver.
CRITICAL - 2023-05-27 16:24:07 --> Invalid file: "Admin/editarUsuarios_view.php"
in SYSTEMPATH\Exceptions\FrameworkException.php on line 33.
 1 SYSTEMPATH\View\View.php(201): CodeIgniter\Exceptions\FrameworkException::forInvalidFile('Admin/editarUsuarios_view.php')
 2 SYSTEMPATH\Common.php(1184): CodeIgniter\View\View->render('Admin/editarUsuarios_view', [], true)
 3 APPPATH\Controllers\Datatable_controller.php(29): view('Admin/editarUsuarios_view', [...])
 4 SYSTEMPATH\CodeIgniter.php(934): App\Controllers\DataTable_controller->editar('16')
 5 SYSTEMPATH\CodeIgniter.php(499): CodeIgniter\CodeIgniter->runController(Object(App\Controllers\DataTable_controller))
 6 SYSTEMPATH\CodeIgniter.php(368): CodeIgniter\CodeIgniter->handleRequest(null, Object(Config\Cache), false)
 7 FCPATH\index.php(67): CodeIgniter\CodeIgniter->run()
INFO - 2023-05-27 16:24:08 --> Session: Class initialized using 'CodeIgniter\Session\Handlers\FileHandler' driver.
CRITICAL - 2023-05-27 16:24:08 --> Invalid file: "Admin/editarUsuarios_view.php"
in SYSTEMPATH\Exceptions\FrameworkException.php on line 33.
 1 SYSTEMPATH\View\View.php(201): CodeIgniter\Exceptions\FrameworkException::forInvalidFile('Admin/editarUsuarios_view.php')
 2 SYSTEMPATH\Common.php(1184): CodeIgniter\View\View->render('Admin/editarUsuarios_view', [], true)
 3 APPPATH\Controllers\Datatable_controller.php(29): view('Admin/editarUsuarios_view', [...])
 4 SYSTEMPATH\CodeIgniter.php(934): App\Controllers\DataTable_controller->editar('img', 'alexcgdesign.png')
 5 SYSTEMPATH\CodeIgniter.php(499): CodeIgniter\CodeIgniter->runController(Object(App\Controllers\DataTable_controller))
 6 SYSTEMPATH\CodeIgniter.php(368): CodeIgniter\CodeIgniter->handleRequest(null, Object(Config\Cache), false)
 7 FCPATH\index.php(67): CodeIgniter\CodeIgniter->run()
INFO - 2023-05-27 20:53:33 --> Session: Class initialized using 'CodeIgniter\Session\Handlers\FileHandler' driver.
INFO - 2023-05-27 20:53:40 --> Session: Class initialized using 'CodeIgniter\Session\Handlers\FileHandler' driver.
INFO - 2023-05-27 20:53:54 --> Session: Class initialized using 'CodeIgniter\Session\Handlers\FileHandler' driver.
INFO - 2023-05-27 20:53:54 --> Session: Class initialized using 'CodeIgniter\Session\Handlers\FileHandler' driver.
INFO - 2023-05-27 20:53:59 --> Session: Class initialized using 'CodeIgniter\Session\Handlers\FileHandler' driver.
INFO - 2023-05-27 20:54:07 --> Session: Class initialized using 'CodeIgniter\Session\Handlers\FileHandler' driver.
CRITICAL - 2023-05-27 20:54:07 --> Invalid file: "Admin/editarUsuarios_view.php"
in SYSTEMPATH\Exceptions\FrameworkException.php on line 33.
 1 SYSTEMPATH\View\View.php(201): CodeIgniter\Exceptions\FrameworkException::forInvalidFile('Admin/editarUsuarios_view.php')
 2 SYSTEMPATH\Common.php(1184): CodeIgniter\View\View->render('Admin/editarUsuarios_view', [], true)
 3 APPPATH\Controllers\Datatable_controller.php(29): view('Admin/editarUsuarios_view', [...])
 4 SYSTEMPATH\CodeIgniter.php(934): App\Controllers\DataTable_controller->editar('18')
 5 SYSTEMPATH\CodeIgniter.php(499): CodeIgniter\CodeIgniter->runController(Object(App\Controllers\DataTable_controller))
 6 SYSTEMPATH\CodeIgniter.php(368): CodeIgniter\CodeIgniter->handleRequest(null, Object(Config\Cache), false)
 7 FCPATH\index.php(67): CodeIgniter\CodeIgniter->run()
INFO - 2023-05-27 20:54:07 --> Session: Class initialized using 'CodeIgniter\Session\Handlers\FileHandler' driver.
CRITICAL - 2023-05-27 20:54:07 --> Invalid file: "Admin/editarUsuarios_view.php"
in SYSTEMPATH\Exceptions\FrameworkException.php on line 33.
 1 SYSTEMPATH\View\View.php(201): CodeIgniter\Exceptions\FrameworkException::forInvalidFile('Admin/editarUsuarios_view.php')
 2 SYSTEMPATH\Common.php(1184): CodeIgniter\View\View->render('Admin/editarUsuarios_view', [], true)
 3 APPPATH\Controllers\Datatable_controller.php(29): view('Admin/editarUsuarios_view', [...])
 4 SYSTEMPATH\CodeIgniter.php(934): App\Controllers\DataTable_controller->editar('img', 'alexcgdesign.png')
 5 SYSTEMPATH\CodeIgniter.php(499): CodeIgniter\CodeIgniter->runController(Object(App\Controllers\DataTable_controller))
 6 SYSTEMPATH\CodeIgniter.php(368): CodeIgniter\CodeIgniter->handleRequest(null, Object(Config\Cache), false)
 7 FCPATH\index.php(67): CodeIgniter\CodeIgniter->run()
INFO - 2023-05-27 20:57:11 --> Session: Class initialized using 'CodeIgniter\Session\Handlers\FileHandler' driver.
INFO - 2023-05-27 20:57:18 --> Session: Class initialized using 'CodeIgniter\Session\Handlers\FileHandler' driver.
INFO - 2023-05-27 20:57:23 --> Session: Class initialized using 'CodeIgniter\Session\Handlers\FileHandler' driver.
CRITICAL - 2023-05-27 20:57:23 --> Invalid file: "Admin/editarUsuarios_view.php"
in SYSTEMPATH\Exceptions\FrameworkException.php on line 33.
 1 SYSTEMPATH\View\View.php(201): CodeIgniter\Exceptions\FrameworkException::forInvalidFile('Admin/editarUsuarios_view.php')
 2 SYSTEMPATH\Common.php(1184): CodeIgniter\View\View->render('Admin/editarUsuarios_view', [], true)
 3 APPPATH\Controllers\Datatable_controller.php(29): view('Admin/editarUsuarios_view', [...])
 4 SYSTEMPATH\CodeIgniter.php(934): App\Controllers\DataTable_controller->editar('19')
 5 SYSTEMPATH\CodeIgniter.php(499): CodeIgniter\CodeIgniter->runController(Object(App\Controllers\DataTable_controller))
 6 SYSTEMPATH\CodeIgniter.php(368): CodeIgniter\CodeIgniter->handleRequest(null, Object(Config\Cache), false)
 7 FCPATH\index.php(67): CodeIgniter\CodeIgniter->run()
INFO - 2023-05-27 20:57:23 --> Session: Class initialized using 'CodeIgniter\Session\Handlers\FileHandler' driver.
CRITICAL - 2023-05-27 20:57:23 --> Invalid file: "Admin/editarUsuarios_view.php"
in SYSTEMPATH\Exceptions\FrameworkException.php on line 33.
 1 SYSTEMPATH\View\View.php(201): CodeIgniter\Exceptions\FrameworkException::forInvalidFile('Admin/editarUsuarios_view.php')
 2 SYSTEMPATH\Common.php(1184): CodeIgniter\View\View->render('Admin/editarUsuarios_view', [], true)
 3 APPPATH\Controllers\Datatable_controller.php(29): view('Admin/editarUsuarios_view', [...])
 4 SYSTEMPATH\CodeIgniter.php(934): App\Controllers\DataTable_controller->editar('img', 'alexcgdesign.png')
 5 SYSTEMPATH\CodeIgniter.php(499): CodeIgniter\CodeIgniter->runController(Object(App\Controllers\DataTable_controller))
 6 SYSTEMPATH\CodeIgniter.php(368): CodeIgniter\CodeIgniter->handleRequest(null, Object(Config\Cache), false)
 7 FCPATH\index.php(67): CodeIgniter\CodeIgniter->run()
INFO - 2023-05-27 21:00:14 --> Session: Class initialized using 'CodeIgniter\Session\Handlers\FileHandler' driver.
INFO - 2023-05-27 21:00:24 --> Session: Class initialized using 'CodeIgniter\Session\Handlers\FileHandler' driver.
CRITICAL - 2023-05-27 21:00:24 --> Invalid file: "Admin/editarUsuarios_view.php"
in SYSTEMPATH\Exceptions\FrameworkException.php on line 33.
 1 SYSTEMPATH\View\View.php(201): CodeIgniter\Exceptions\FrameworkException::forInvalidFile('Admin/editarUsuarios_view.php')
 2 SYSTEMPATH\Common.php(1184): CodeIgniter\View\View->render('Admin/editarUsuarios_view', [], true)
 3 APPPATH\Controllers\Datatable_controller.php(29): view('Admin/editarUsuarios_view', [...])
 4 SYSTEMPATH\CodeIgniter.php(934): App\Controllers\DataTable_controller->editar('19')
 5 SYSTEMPATH\CodeIgniter.php(499): CodeIgniter\CodeIgniter->runController(Object(App\Controllers\DataTable_controller))
 6 SYSTEMPATH\CodeIgniter.php(368): CodeIgniter\CodeIgniter->handleRequest(null, Object(Config\Cache), false)
 7 FCPATH\index.php(67): CodeIgniter\CodeIgniter->run()
INFO - 2023-05-27 21:00:24 --> Session: Class initialized using 'CodeIgniter\Session\Handlers\FileHandler' driver.
CRITICAL - 2023-05-27 21:00:24 --> Invalid file: "Admin/editarUsuarios_view.php"
in SYSTEMPATH\Exceptions\FrameworkException.php on line 33.
 1 SYSTEMPATH\View\View.php(201): CodeIgniter\Exceptions\FrameworkException::forInvalidFile('Admin/editarUsuarios_view.php')
 2 SYSTEMPATH\Common.php(1184): CodeIgniter\View\View->render('Admin/editarUsuarios_view', [], true)
 3 APPPATH\Controllers\Datatable_controller.php(29): view('Admin/editarUsuarios_view', [...])
 4 SYSTEMPATH\CodeIgniter.php(934): App\Controllers\DataTable_controller->editar('img', 'alexcgdesign.png')
 5 SYSTEMPATH\CodeIgniter.php(499): CodeIgniter\CodeIgniter->runController(Object(App\Controllers\DataTable_controller))
 6 SYSTEMPATH\CodeIgniter.php(368): CodeIgniter\CodeIgniter->handleRequest(null, Object(Config\Cache), false)
 7 FCPATH\index.php(67): CodeIgniter\CodeIgniter->run()
INFO - 2023-05-27 21:11:08 --> Session: Class initialized using 'CodeIgniter\Session\Handlers\FileHandler' driver.
CRITICAL - 2023-05-27 21:11:08 --> Invalid file: "Admin/editarUsuarios_view.php"
in SYSTEMPATH\Exceptions\FrameworkException.php on line 33.
 1 SYSTEMPATH\View\View.php(201): CodeIgniter\Exceptions\FrameworkException::forInvalidFile('Admin/editarUsuarios_view.php')
 2 SYSTEMPATH\Common.php(1184): CodeIgniter\View\View->render('Admin/editarUsuarios_view', [], true)
 3 APPPATH\Controllers\Datatable_controller.php(29): view('Admin/editarUsuarios_view', [...])
 4 SYSTEMPATH\CodeIgniter.php(934): App\Controllers\DataTable_controller->editar('19')
 5 SYSTEMPATH\CodeIgniter.php(499): CodeIgniter\CodeIgniter->runController(Object(App\Controllers\DataTable_controller))
 6 SYSTEMPATH\CodeIgniter.php(368): CodeIgniter\CodeIgniter->handleRequest(null, Object(Config\Cache), false)
 7 FCPATH\index.php(67): CodeIgniter\CodeIgniter->run()
INFO - 2023-05-27 21:11:08 --> Session: Class initialized using 'CodeIgniter\Session\Handlers\FileHandler' driver.
CRITICAL - 2023-05-27 21:11:08 --> Invalid file: "Admin/editarUsuarios_view.php"
in SYSTEMPATH\Exceptions\FrameworkException.php on line 33.
 1 SYSTEMPATH\View\View.php(201): CodeIgniter\Exceptions\FrameworkException::forInvalidFile('Admin/editarUsuarios_view.php')
 2 SYSTEMPATH\Common.php(1184): CodeIgniter\View\View->render('Admin/editarUsuarios_view', [], true)
 3 APPPATH\Controllers\Datatable_controller.php(29): view('Admin/editarUsuarios_view', [...])
 4 SYSTEMPATH\CodeIgniter.php(934): App\Controllers\DataTable_controller->editar('img', 'alexcgdesign.png')
 5 SYSTEMPATH\CodeIgniter.php(499): CodeIgniter\CodeIgniter->runController(Object(App\Controllers\DataTable_controller))
 6 SYSTEMPATH\CodeIgniter.php(368): CodeIgniter\CodeIgniter->handleRequest(null, Object(Config\Cache), false)
 7 FCPATH\index.php(67): CodeIgniter\CodeIgniter->run()
INFO - 2023-05-27 21:11:11 --> Session: Class initialized using 'CodeIgniter\Session\Handlers\FileHandler' driver.
INFO - 2023-05-27 21:11:21 --> Session: Class initialized using 'CodeIgniter\Session\Handlers\FileHandler' driver.
CRITICAL - 2023-05-27 21:11:21 --> Invalid file: "Admin/editarUsuarios_view.php"
in SYSTEMPATH\Exceptions\FrameworkException.php on line 33.
 1 SYSTEMPATH\View\View.php(201): CodeIgniter\Exceptions\FrameworkException::forInvalidFile('Admin/editarUsuarios_view.php')
 2 SYSTEMPATH\Common.php(1184): CodeIgniter\View\View->render('Admin/editarUsuarios_view', [], true)
 3 APPPATH\Controllers\Datatable_controller.php(29): view('Admin/editarUsuarios_view', [...])
 4 SYSTEMPATH\CodeIgniter.php(934): App\Controllers\DataTable_controller->editar('18')
 5 SYSTEMPATH\CodeIgniter.php(499): CodeIgniter\CodeIgniter->runController(Object(App\Controllers\DataTable_controller))
 6 SYSTEMPATH\CodeIgniter.php(368): CodeIgniter\CodeIgniter->handleRequest(null, Object(Config\Cache), false)
 7 FCPATH\index.php(67): CodeIgniter\CodeIgniter->run()
INFO - 2023-05-27 21:11:21 --> Session: Class initialized using 'CodeIgniter\Session\Handlers\FileHandler' driver.
CRITICAL - 2023-05-27 21:11:21 --> Invalid file: "Admin/editarUsuarios_view.php"
in SYSTEMPATH\Exceptions\FrameworkException.php on line 33.
 1 SYSTEMPATH\View\View.php(201): CodeIgniter\Exceptions\FrameworkException::forInvalidFile('Admin/editarUsuarios_view.php')
 2 SYSTEMPATH\Common.php(1184): CodeIgniter\View\View->render('Admin/editarUsuarios_view', [], true)
 3 APPPATH\Controllers\Datatable_controller.php(29): view('Admin/editarUsuarios_view', [...])
 4 SYSTEMPATH\CodeIgniter.php(934): App\Controllers\DataTable_controller->editar('img', 'alexcgdesign.png')
 5 SYSTEMPATH\CodeIgniter.php(499): CodeIgniter\CodeIgniter->runController(Object(App\Controllers\DataTable_controller))
 6 SYSTEMPATH\CodeIgniter.php(368): CodeIgniter\CodeIgniter->handleRequest(null, Object(Config\Cache), false)
 7 FCPATH\index.php(67): CodeIgniter\CodeIgniter->run()
INFO - 2023-05-27 21:11:26 --> Session: Class initialized using 'CodeIgniter\Session\Handlers\FileHandler' driver.
INFO - 2023-05-27 21:11:43 --> Session: Class initialized using 'CodeIgniter\Session\Handlers\FileHandler' driver.
INFO - 2023-05-27 21:11:43 --> Session: Class initialized using 'CodeIgniter\Session\Handlers\FileHandler' driver.
INFO - 2023-05-27 21:11:53 --> Session: Class initialized using 'CodeIgniter\Session\Handlers\FileHandler' driver.
INFO - 2023-05-27 21:11:53 --> Session: Class initialized using 'CodeIgniter\Session\Handlers\FileHandler' driver.
INFO - 2023-05-27 21:12:01 --> Session: Class initialized using 'CodeIgniter\Session\Handlers\FileHandler' driver.
CRITICAL - 2023-05-27 21:12:01 --> Invalid file: "Admin/editarUsuarios_view.php"
in SYSTEMPATH\Exceptions\FrameworkException.php on line 33.
 1 SYSTEMPATH\View\View.php(201): CodeIgniter\Exceptions\FrameworkException::forInvalidFile('Admin/editarUsuarios_view.php')
 2 SYSTEMPATH\Common.php(1184): CodeIgniter\View\View->render('Admin/editarUsuarios_view', [], true)
 3 APPPATH\Controllers\Datatable_controller.php(29): view('Admin/editarUsuarios_view', [...])
 4 SYSTEMPATH\CodeIgniter.php(934): App\Controllers\DataTable_controller->editar('17')
 5 SYSTEMPATH\CodeIgniter.php(499): CodeIgniter\CodeIgniter->runController(Object(App\Controllers\DataTable_controller))
 6 SYSTEMPATH\CodeIgniter.php(368): CodeIgniter\CodeIgniter->handleRequest(null, Object(Config\Cache), false)
 7 FCPATH\index.php(67): CodeIgniter\CodeIgniter->run()
INFO - 2023-05-27 21:12:02 --> Session: Class initialized using 'CodeIgniter\Session\Handlers\FileHandler' driver.
CRITICAL - 2023-05-27 21:12:02 --> Invalid file: "Admin/editarUsuarios_view.php"
in SYSTEMPATH\Exceptions\FrameworkException.php on line 33.
 1 SYSTEMPATH\View\View.php(201): CodeIgniter\Exceptions\FrameworkException::forInvalidFile('Admin/editarUsuarios_view.php')
 2 SYSTEMPATH\Common.php(1184): CodeIgniter\View\View->render('Admin/editarUsuarios_view', [], true)
 3 APPPATH\Controllers\Datatable_controller.php(29): view('Admin/editarUsuarios_view', [...])
 4 SYSTEMPATH\CodeIgniter.php(934): App\Controllers\DataTable_controller->editar('img', 'alexcgdesign.png')
 5 SYSTEMPATH\CodeIgniter.php(499): CodeIgniter\CodeIgniter->runController(Object(App\Controllers\DataTable_controller))
 6 SYSTEMPATH\CodeIgniter.php(368): CodeIgniter\CodeIgniter->handleRequest(null, Object(Config\Cache), false)
 7 FCPATH\index.php(67): CodeIgniter\CodeIgniter->run()
INFO - 2023-05-27 21:25:37 --> Session: Class initialized using 'CodeIgniter\Session\Handlers\FileHandler' driver.
CRITICAL - 2023-05-27 21:25:37 --> Invalid file: "Admin/editarUsuarios_view.php"
in SYSTEMPATH\Exceptions\FrameworkException.php on line 33.
 1 SYSTEMPATH\View\View.php(201): CodeIgniter\Exceptions\FrameworkException::forInvalidFile('Admin/editarUsuarios_view.php')
 2 SYSTEMPATH\Common.php(1184): CodeIgniter\View\View->render('Admin/editarUsuarios_view', [], true)
 3 APPPATH\Controllers\Datatable_controller.php(29): view('Admin/editarUsuarios_view', [...])
 4 SYSTEMPATH\CodeIgniter.php(934): App\Controllers\DataTable_controller->editar('17')
 5 SYSTEMPATH\CodeIgniter.php(499): CodeIgniter\CodeIgniter->runController(Object(App\Controllers\DataTable_controller))
 6 SYSTEMPATH\CodeIgniter.php(368): CodeIgniter\CodeIgniter->handleRequest(null, Object(Config\Cache), false)
 7 FCPATH\index.php(67): CodeIgniter\CodeIgniter->run()
INFO - 2023-05-27 21:25:38 --> Session: Class initialized using 'CodeIgniter\Session\Handlers\FileHandler' driver.
CRITICAL - 2023-05-27 21:25:38 --> Invalid file: "Admin/editarUsuarios_view.php"
in SYSTEMPATH\Exceptions\FrameworkException.php on line 33.
 1 SYSTEMPATH\View\View.php(201): CodeIgniter\Exceptions\FrameworkException::forInvalidFile('Admin/editarUsuarios_view.php')
 2 SYSTEMPATH\Common.php(1184): CodeIgniter\View\View->render('Admin/editarUsuarios_view', [], true)
 3 APPPATH\Controllers\Datatable_controller.php(29): view('Admin/editarUsuarios_view', [...])
 4 SYSTEMPATH\CodeIgniter.php(934): App\Controllers\DataTable_controller->editar('img', 'alexcgdesign.png')
 5 SYSTEMPATH\CodeIgniter.php(499): CodeIgniter\CodeIgniter->runController(Object(App\Controllers\DataTable_controller))
 6 SYSTEMPATH\CodeIgniter.php(368): CodeIgniter\CodeIgniter->handleRequest(null, Object(Config\Cache), false)
 7 FCPATH\index.php(67): CodeIgniter\CodeIgniter->run()
INFO - 2023-05-27 21:28:15 --> Session: Class initialized using 'CodeIgniter\Session\Handlers\FileHandler' driver.
CRITICAL - 2023-05-27 21:28:15 --> Invalid file: "Admin/editarUsuarios_view.php"
in SYSTEMPATH\Exceptions\FrameworkException.php on line 33.
 1 SYSTEMPATH\View\View.php(201): CodeIgniter\Exceptions\FrameworkException::forInvalidFile('Admin/editarUsuarios_view.php')
 2 SYSTEMPATH\Common.php(1184): CodeIgniter\View\View->render('Admin/editarUsuarios_view', [], true)
 3 APPPATH\Controllers\Datatable_controller.php(29): view('Admin/editarUsuarios_view', [...])
 4 SYSTEMPATH\CodeIgniter.php(934): App\Controllers\DataTable_controller->editar('17')
 5 SYSTEMPATH\CodeIgniter.php(499): CodeIgniter\CodeIgniter->runController(Object(App\Controllers\DataTable_controller))
 6 SYSTEMPATH\CodeIgniter.php(368): CodeIgniter\CodeIgniter->handleRequest(null, Object(Config\Cache), false)
 7 FCPATH\index.php(67): CodeIgniter\CodeIgniter->run()
INFO - 2023-05-27 21:28:16 --> Session: Class initialized using 'CodeIgniter\Session\Handlers\FileHandler' driver.
CRITICAL - 2023-05-27 21:28:16 --> Invalid file: "Admin/editarUsuarios_view.php"
in SYSTEMPATH\Exceptions\FrameworkException.php on line 33.
 1 SYSTEMPATH\View\View.php(201): CodeIgniter\Exceptions\FrameworkException::forInvalidFile('Admin/editarUsuarios_view.php')
 2 SYSTEMPATH\Common.php(1184): CodeIgniter\View\View->render('Admin/editarUsuarios_view', [], true)
 3 APPPATH\Controllers\Datatable_controller.php(29): view('Admin/editarUsuarios_view', [...])
 4 SYSTEMPATH\CodeIgniter.php(934): App\Controllers\DataTable_controller->editar('img', 'alexcgdesign.png')
 5 SYSTEMPATH\CodeIgniter.php(499): CodeIgniter\CodeIgniter->runController(Object(App\Controllers\DataTable_controller))
 6 SYSTEMPATH\CodeIgniter.php(368): CodeIgniter\CodeIgniter->handleRequest(null, Object(Config\Cache), false)
 7 FCPATH\index.php(67): CodeIgniter\CodeIgniter->run()
INFO - 2023-05-27 21:28:20 --> Session: Class initialized using 'CodeIgniter\Session\Handlers\FileHandler' driver.
INFO - 2023-05-27 21:46:13 --> Session: Class initialized using 'CodeIgniter\Session\Handlers\FileHandler' driver.
INFO - 2023-05-27 21:46:48 --> Session: Class initialized using 'CodeIgniter\Session\Handlers\FileHandler' driver.
INFO - 2023-05-27 21:47:29 --> Session: Class initialized using 'CodeIgniter\Session\Handlers\FileHandler' driver.
INFO - 2023-05-27 21:47:31 --> Session: Class initialized using 'CodeIgniter\Session\Handlers\FileHandler' driver.
INFO - 2023-05-27 21:50:05 --> Session: Class initialized using 'CodeIgniter\Session\Handlers\FileHandler' driver.
INFO - 2023-05-27 22:04:51 --> Session: Class initialized using 'CodeIgniter\Session\Handlers\FileHandler' driver.
INFO - 2023-05-27 22:06:51 --> Session: Class initialized using 'CodeIgniter\Session\Handlers\FileHandler' driver.
INFO - 2023-05-27 22:07:59 --> Session: Class initialized using 'CodeIgniter\Session\Handlers\FileHandler' driver.
INFO - 2023-05-27 22:11:05 --> Session: Class initialized using 'CodeIgniter\Session\Handlers\FileHandler' driver.
INFO - 2023-05-27 22:11:57 --> Session: Class initialized using 'CodeIgniter\Session\Handlers\FileHandler' driver.
INFO - 2023-05-27 22:16:02 --> Session: Class initialized using 'CodeIgniter\Session\Handlers\FileHandler' driver.
INFO - 2023-05-27 22:20:27 --> Session: Class initialized using 'CodeIgniter\Session\Handlers\FileHandler' driver.
INFO - 2023-05-27 22:22:59 --> Session: Class initialized using 'CodeIgniter\Session\Handlers\FileHandler' driver.
INFO - 2023-05-27 22:23:04 --> Session: Class initialized using 'CodeIgniter\Session\Handlers\FileHandler' driver.
INFO - 2023-05-27 22:24:31 --> Session: Class initialized using 'CodeIgniter\Session\Handlers\FileHandler' driver.
INFO - 2023-05-27 22:28:28 --> Session: Class initialized using 'CodeIgniter\Session\Handlers\FileHandler' driver.
INFO - 2023-05-27 22:28:31 --> Session: Class initialized using 'CodeIgniter\Session\Handlers\FileHandler' driver.
INFO - 2023-05-27 22:28:43 --> Session: Class initialized using 'CodeIgniter\Session\Handlers\FileHandler' driver.
CRITICAL - 2023-05-27 22:28:43 --> syntax error, unexpected '');?>">' (T_CONSTANT_ENCAPSED_STRING), expecting ')'
in APPPATH\Views\Back\Admin\nuevoUsuario_view.php on line 84.
 1 SYSTEMPATH\View\View.php(216): CodeIgniter\View\View->CodeIgniter\View\{closure}()
 2 SYSTEMPATH\Common.php(1184): CodeIgniter\View\View->render('Back/Admin/nuevoUsuario_view', [], true)
 3 APPPATH\Controllers\Usuario_controller.php(31): view('Back/Admin/nuevoUsuario_view')
 4 SYSTEMPATH\CodeIgniter.php(934): App\Controllers\Usuario_controller->nuevoUsuario()
 5 SYSTEMPATH\CodeIgniter.php(499): CodeIgniter\CodeIgniter->runController(Object(App\Controllers\Usuario_controller))
 6 SYSTEMPATH\CodeIgniter.php(368): CodeIgniter\CodeIgniter->handleRequest(null, Object(Config\Cache), false)
 7 FCPATH\index.php(67): CodeIgniter\CodeIgniter->run()
INFO - 2023-05-27 22:29:29 --> Session: Class initialized using 'CodeIgniter\Session\Handlers\FileHandler' driver.
CRITICAL - 2023-05-27 22:29:29 --> syntax error, unexpected '');?>">' (T_CONSTANT_ENCAPSED_STRING), expecting ')'
in APPPATH\Views\Back\Admin\nuevoUsuario_view.php on line 89.
 1 SYSTEMPATH\View\View.php(216): CodeIgniter\View\View->CodeIgniter\View\{closure}()
 2 SYSTEMPATH\Common.php(1184): CodeIgniter\View\View->render('Back/Admin/nuevoUsuario_view', [], true)
 3 APPPATH\Controllers\Usuario_controller.php(31): view('Back/Admin/nuevoUsuario_view')
 4 SYSTEMPATH\CodeIgniter.php(934): App\Controllers\Usuario_controller->nuevoUsuario()
 5 SYSTEMPATH\CodeIgniter.php(499): CodeIgniter\CodeIgniter->runController(Object(App\Controllers\Usuario_controller))
 6 SYSTEMPATH\CodeIgniter.php(368): CodeIgniter\CodeIgniter->handleRequest(null, Object(Config\Cache), false)
 7 FCPATH\index.php(67): CodeIgniter\CodeIgniter->run()
INFO - 2023-05-27 22:29:31 --> Session: Class initialized using 'CodeIgniter\Session\Handlers\FileHandler' driver.
CRITICAL - 2023-05-27 22:29:31 --> syntax error, unexpected '');?>">' (T_CONSTANT_ENCAPSED_STRING), expecting ')'
in APPPATH\Views\Back\Admin\nuevoUsuario_view.php on line 89.
 1 SYSTEMPATH\View\View.php(216): CodeIgniter\View\View->CodeIgniter\View\{closure}()
 2 SYSTEMPATH\Common.php(1184): CodeIgniter\View\View->render('Back/Admin/nuevoUsuario_view', [], true)
 3 APPPATH\Controllers\Usuario_controller.php(31): view('Back/Admin/nuevoUsuario_view')
 4 SYSTEMPATH\CodeIgniter.php(934): App\Controllers\Usuario_controller->nuevoUsuario()
 5 SYSTEMPATH\CodeIgniter.php(499): CodeIgniter\CodeIgniter->runController(Object(App\Controllers\Usuario_controller))
 6 SYSTEMPATH\CodeIgniter.php(368): CodeIgniter\CodeIgniter->handleRequest(null, Object(Config\Cache), false)
 7 FCPATH\index.php(67): CodeIgniter\CodeIgniter->run()
INFO - 2023-05-27 22:30:08 --> Session: Class initialized using 'CodeIgniter\Session\Handlers\FileHandler' driver.
CRITICAL - 2023-05-27 22:30:08 --> syntax error, unexpected '');?>">' (T_ENCAPSED_AND_WHITESPACE), expecting ')'
in APPPATH\Views\Back\Admin\nuevoUsuario_view.php on line 78.
 1 SYSTEMPATH\View\View.php(216): CodeIgniter\View\View->CodeIgniter\View\{closure}()
 2 SYSTEMPATH\Common.php(1184): CodeIgniter\View\View->render('Back/Admin/nuevoUsuario_view', [], true)
 3 APPPATH\Controllers\Usuario_controller.php(31): view('Back/Admin/nuevoUsuario_view')
 4 SYSTEMPATH\CodeIgniter.php(934): App\Controllers\Usuario_controller->nuevoUsuario()
 5 SYSTEMPATH\CodeIgniter.php(499): CodeIgniter\CodeIgniter->runController(Object(App\Controllers\Usuario_controller))
 6 SYSTEMPATH\CodeIgniter.php(368): CodeIgniter\CodeIgniter->handleRequest(null, Object(Config\Cache), false)
 7 FCPATH\index.php(67): CodeIgniter\CodeIgniter->run()
INFO - 2023-05-27 22:30:25 --> Session: Class initialized using 'CodeIgniter\Session\Handlers\FileHandler' driver.
INFO - 2023-05-27 22:30:34 --> Session: Class initialized using 'CodeIgniter\Session\Handlers\FileHandler' driver.
INFO - 2023-05-27 22:30:42 --> Session: Class initialized using 'CodeIgniter\Session\Handlers\FileHandler' driver.
INFO - 2023-05-27 22:33:00 --> Session: Class initialized using 'CodeIgniter\Session\Handlers\FileHandler' driver.
INFO - 2023-05-27 22:33:03 --> Session: Class initialized using 'CodeIgniter\Session\Handlers\FileHandler' driver.
INFO - 2023-05-27 22:33:52 --> Session: Class initialized using 'CodeIgniter\Session\Handlers\FileHandler' driver.
INFO - 2023-05-27 22:35:42 --> Session: Class initialized using 'CodeIgniter\Session\Handlers\FileHandler' driver.
INFO - 2023-05-27 22:37:00 --> Session: Class initialized using 'CodeIgniter\Session\Handlers\FileHandler' driver.
INFO - 2023-05-27 22:38:57 --> Session: Class initialized using 'CodeIgniter\Session\Handlers\FileHandler' driver.
INFO - 2023-05-27 22:50:59 --> Session: Class initialized using 'CodeIgniter\Session\Handlers\FileHandler' driver.
INFO - 2023-05-27 22:52:38 --> Session: Class initialized using 'CodeIgniter\Session\Handlers\FileHandler' driver.
