INFO - 2023-06-13 01:34:27 --> Session: Class initialized using 'CodeIgniter\Session\Handlers\FileHandler' driver.
INFO - 2023-06-13 01:34:32 --> Session: Class initialized using 'CodeIgniter\Session\Handlers\FileHandler' driver.
INFO - 2023-06-13 02:06:52 --> Session: Class initialized using 'CodeIgniter\Session\Handlers\FileHandler' driver.
CRITICAL - 2023-06-13 02:14:27 --> Class 'App\Controllers\FormModel' not found
in APPPATH\Controllers\ContactoController.php on line 21.
 1 SYSTEMPATH\CodeIgniter.php(934): App\Controllers\ContactoController->Datos_consultas()
 2 SYSTEMPATH\CodeIgniter.php(499): CodeIgniter\CodeIgniter->runController(Object(App\Controllers\ContactoController))
 3 SYSTEMPATH\CodeIgniter.php(368): CodeIgniter\CodeIgniter->handleRequest(null, Object(Config\Cache), false)
 4 FCPATH\index.php(67): CodeIgniter\CodeIgniter->run()
CRITICAL - 2023-06-13 02:16:33 --> Class 'App\Models\Form_Model' not found
in APPPATH\Controllers\ContactoController.php on line 21.
 1 SYSTEMPATH\CodeIgniter.php(934): App\Controllers\ContactoController->Datos_consultas()
 2 SYSTEMPATH\CodeIgniter.php(499): CodeIgniter\CodeIgniter->runController(Object(App\Controllers\ContactoController))
 3 SYSTEMPATH\CodeIgniter.php(368): CodeIgniter\CodeIgniter->handleRequest(null, Object(Config\Cache), false)
 4 FCPATH\index.php(67): CodeIgniter\CodeIgniter->run()
CRITICAL - 2023-06-13 02:16:35 --> Class 'App\Models\Form_Model' not found
in APPPATH\Controllers\ContactoController.php on line 21.
 1 SYSTEMPATH\CodeIgniter.php(934): App\Controllers\ContactoController->Datos_consultas()
 2 SYSTEMPATH\CodeIgniter.php(499): CodeIgniter\CodeIgniter->runController(Object(App\Controllers\ContactoController))
 3 SYSTEMPATH\CodeIgniter.php(368): CodeIgniter\CodeIgniter->handleRequest(null, Object(Config\Cache), false)
 4 FCPATH\index.php(67): CodeIgniter\CodeIgniter->run()
CRITICAL - 2023-06-13 02:16:37 --> Class 'App\Models\Form_Model' not found
in APPPATH\Controllers\ContactoController.php on line 21.
 1 SYSTEMPATH\CodeIgniter.php(934): App\Controllers\ContactoController->Datos_consultas()
 2 SYSTEMPATH\CodeIgniter.php(499): CodeIgniter\CodeIgniter->runController(Object(App\Controllers\ContactoController))
 3 SYSTEMPATH\CodeIgniter.php(368): CodeIgniter\CodeIgniter->handleRequest(null, Object(Config\Cache), false)
 4 FCPATH\index.php(67): CodeIgniter\CodeIgniter->run()
CRITICAL - 2023-06-13 02:16:39 --> Class 'App\Models\Form_Model' not found
in APPPATH\Controllers\ContactoController.php on line 21.
 1 SYSTEMPATH\CodeIgniter.php(934): App\Controllers\ContactoController->Datos_consultas()
 2 SYSTEMPATH\CodeIgniter.php(499): CodeIgniter\CodeIgniter->runController(Object(App\Controllers\ContactoController))
 3 SYSTEMPATH\CodeIgniter.php(368): CodeIgniter\CodeIgniter->handleRequest(null, Object(Config\Cache), false)
 4 FCPATH\index.php(67): CodeIgniter\CodeIgniter->run()
CRITICAL - 2023-06-13 02:16:41 --> Class 'App\Models\Form_Model' not found
in APPPATH\Controllers\ContactoController.php on line 21.
 1 SYSTEMPATH\CodeIgniter.php(934): App\Controllers\ContactoController->Datos_consultas()
 2 SYSTEMPATH\CodeIgniter.php(499): CodeIgniter\CodeIgniter->runController(Object(App\Controllers\ContactoController))
 3 SYSTEMPATH\CodeIgniter.php(368): CodeIgniter\CodeIgniter->handleRequest(null, Object(Config\Cache), false)
 4 FCPATH\index.php(67): CodeIgniter\CodeIgniter->run()
CRITICAL - 2023-06-13 02:23:16 --> Class 'App\Models\Form_Model' not found
in APPPATH\Controllers\ContactoController.php on line 21.
 1 SYSTEMPATH\CodeIgniter.php(934): App\Controllers\ContactoController->Datos_consultas()
 2 SYSTEMPATH\CodeIgniter.php(499): CodeIgniter\CodeIgniter->runController(Object(App\Controllers\ContactoController))
 3 SYSTEMPATH\CodeIgniter.php(368): CodeIgniter\CodeIgniter->handleRequest(null, Object(Config\Cache), false)
 4 FCPATH\index.php(67): CodeIgniter\CodeIgniter->run()
INFO - 2023-06-13 02:23:19 --> Session: Class initialized using 'CodeIgniter\Session\Handlers\FileHandler' driver.
CRITICAL - 2023-06-13 02:23:23 --> Class 'App\Models\Form_Model' not found
in APPPATH\Controllers\ContactoController.php on line 21.
 1 SYSTEMPATH\CodeIgniter.php(934): App\Controllers\ContactoController->Datos_consultas()
 2 SYSTEMPATH\CodeIgniter.php(499): CodeIgniter\CodeIgniter->runController(Object(App\Controllers\ContactoController))
 3 SYSTEMPATH\CodeIgniter.php(368): CodeIgniter\CodeIgniter->handleRequest(null, Object(Config\Cache), false)
 4 FCPATH\index.php(67): CodeIgniter\CodeIgniter->run()
CRITICAL - 2023-06-13 02:24:37 --> Class 'App\Models\Form_Model' not found
in APPPATH\Controllers\ContactoController.php on line 21.
 1 SYSTEMPATH\CodeIgniter.php(934): App\Controllers\ContactoController->Datos_consultas()
 2 SYSTEMPATH\CodeIgniter.php(499): CodeIgniter\CodeIgniter->runController(Object(App\Controllers\ContactoController))
 3 SYSTEMPATH\CodeIgniter.php(368): CodeIgniter\CodeIgniter->handleRequest(null, Object(Config\Cache), false)
 4 FCPATH\index.php(67): CodeIgniter\CodeIgniter->run()
CRITICAL - 2023-06-13 02:24:40 --> Class 'App\Models\Form_Model' not found
in APPPATH\Controllers\ContactoController.php on line 21.
 1 SYSTEMPATH\CodeIgniter.php(934): App\Controllers\ContactoController->Datos_consultas()
 2 SYSTEMPATH\CodeIgniter.php(499): CodeIgniter\CodeIgniter->runController(Object(App\Controllers\ContactoController))
 3 SYSTEMPATH\CodeIgniter.php(368): CodeIgniter\CodeIgniter->handleRequest(null, Object(Config\Cache), false)
 4 FCPATH\index.php(67): CodeIgniter\CodeIgniter->run()
CRITICAL - 2023-06-13 02:25:31 --> Class 'App\Models\Form_Model' not found
in APPPATH\Controllers\ContactoController.php on line 21.
 1 SYSTEMPATH\CodeIgniter.php(934): App\Controllers\ContactoController->Datos_consultas()
 2 SYSTEMPATH\CodeIgniter.php(499): CodeIgniter\CodeIgniter->runController(Object(App\Controllers\ContactoController))
 3 SYSTEMPATH\CodeIgniter.php(368): CodeIgniter\CodeIgniter->handleRequest(null, Object(Config\Cache), false)
 4 FCPATH\index.php(67): CodeIgniter\CodeIgniter->run()
CRITICAL - 2023-06-13 02:26:27 --> Class 'App\Models\Form_Model' not found
in APPPATH\Controllers\ContactoController.php on line 21.
 1 SYSTEMPATH\CodeIgniter.php(934): App\Controllers\ContactoController->Datos_consultas()
 2 SYSTEMPATH\CodeIgniter.php(499): CodeIgniter\CodeIgniter->runController(Object(App\Controllers\ContactoController))
 3 SYSTEMPATH\CodeIgniter.php(368): CodeIgniter\CodeIgniter->handleRequest(null, Object(Config\Cache), false)
 4 FCPATH\index.php(67): CodeIgniter\CodeIgniter->run()
INFO - 2023-06-13 02:26:30 --> Session: Class initialized using 'CodeIgniter\Session\Handlers\FileHandler' driver.
CRITICAL - 2023-06-13 02:26:33 --> Class 'App\Models\Form_Model' not found
in APPPATH\Controllers\ContactoController.php on line 21.
 1 SYSTEMPATH\CodeIgniter.php(934): App\Controllers\ContactoController->Datos_consultas()
 2 SYSTEMPATH\CodeIgniter.php(499): CodeIgniter\CodeIgniter->runController(Object(App\Controllers\ContactoController))
 3 SYSTEMPATH\CodeIgniter.php(368): CodeIgniter\CodeIgniter->handleRequest(null, Object(Config\Cache), false)
 4 FCPATH\index.php(67): CodeIgniter\CodeIgniter->run()
CRITICAL - 2023-06-13 02:27:45 --> Class 'App\Models\Form_Model' not found
in APPPATH\Controllers\ContactoController.php on line 21.
 1 SYSTEMPATH\CodeIgniter.php(934): App\Controllers\ContactoController->Datos_consultas()
 2 SYSTEMPATH\CodeIgniter.php(499): CodeIgniter\CodeIgniter->runController(Object(App\Controllers\ContactoController))
 3 SYSTEMPATH\CodeIgniter.php(368): CodeIgniter\CodeIgniter->handleRequest(null, Object(Config\Cache), false)
 4 FCPATH\index.php(67): CodeIgniter\CodeIgniter->run()
INFO - 2023-06-13 02:27:47 --> Session: Class initialized using 'CodeIgniter\Session\Handlers\FileHandler' driver.
CRITICAL - 2023-06-13 02:27:49 --> Class 'App\Models\Form_Model' not found
in APPPATH\Controllers\ContactoController.php on line 21.
 1 SYSTEMPATH\CodeIgniter.php(934): App\Controllers\ContactoController->Datos_consultas()
 2 SYSTEMPATH\CodeIgniter.php(499): CodeIgniter\CodeIgniter->runController(Object(App\Controllers\ContactoController))
 3 SYSTEMPATH\CodeIgniter.php(368): CodeIgniter\CodeIgniter->handleRequest(null, Object(Config\Cache), false)
 4 FCPATH\index.php(67): CodeIgniter\CodeIgniter->run()
CRITICAL - 2023-06-13 02:28:49 --> Class 'App\Models\Form_Model' not found
in APPPATH\Controllers\ContactoController.php on line 21.
 1 SYSTEMPATH\CodeIgniter.php(934): App\Controllers\ContactoController->Datos_consultas()
 2 SYSTEMPATH\CodeIgniter.php(499): CodeIgniter\CodeIgniter->runController(Object(App\Controllers\ContactoController))
 3 SYSTEMPATH\CodeIgniter.php(368): CodeIgniter\CodeIgniter->handleRequest(null, Object(Config\Cache), false)
 4 FCPATH\index.php(67): CodeIgniter\CodeIgniter->run()
CRITICAL - 2023-06-13 02:30:19 --> Class 'App\Models\Form_Model' not found
in APPPATH\Controllers\ContactoController.php on line 21.
 1 SYSTEMPATH\CodeIgniter.php(934): App\Controllers\ContactoController->Datos_consultas()
 2 SYSTEMPATH\CodeIgniter.php(499): CodeIgniter\CodeIgniter->runController(Object(App\Controllers\ContactoController))
 3 SYSTEMPATH\CodeIgniter.php(368): CodeIgniter\CodeIgniter->handleRequest(null, Object(Config\Cache), false)
 4 FCPATH\index.php(67): CodeIgniter\CodeIgniter->run()
INFO - 2023-06-13 02:30:21 --> Session: Class initialized using 'CodeIgniter\Session\Handlers\FileHandler' driver.
CRITICAL - 2023-06-13 02:30:25 --> Class 'App\Models\Form_Model' not found
in APPPATH\Controllers\ContactoController.php on line 21.
 1 SYSTEMPATH\CodeIgniter.php(934): App\Controllers\ContactoController->Datos_consultas()
 2 SYSTEMPATH\CodeIgniter.php(499): CodeIgniter\CodeIgniter->runController(Object(App\Controllers\ContactoController))
 3 SYSTEMPATH\CodeIgniter.php(368): CodeIgniter\CodeIgniter->handleRequest(null, Object(Config\Cache), false)
 4 FCPATH\index.php(67): CodeIgniter\CodeIgniter->run()
INFO - 2023-06-13 02:48:05 --> Session: Class initialized using 'CodeIgniter\Session\Handlers\FileHandler' driver.
CRITICAL - 2023-06-13 02:48:12 --> Class 'App\Models\Form_Model' not found
in APPPATH\Controllers\ContactoController.php on line 21.
 1 SYSTEMPATH\CodeIgniter.php(934): App\Controllers\ContactoController->Datos_consultas()
 2 SYSTEMPATH\CodeIgniter.php(499): CodeIgniter\CodeIgniter->runController(Object(App\Controllers\ContactoController))
 3 SYSTEMPATH\CodeIgniter.php(368): CodeIgniter\CodeIgniter->handleRequest(null, Object(Config\Cache), false)
 4 FCPATH\index.php(67): CodeIgniter\CodeIgniter->run()
CRITICAL - 2023-06-13 02:49:18 --> Class 'App\Models\Form_Model' not found
in APPPATH\Controllers\ContactoController.php on line 21.
 1 SYSTEMPATH\CodeIgniter.php(934): App\Controllers\ContactoController->Datos_consultas()
 2 SYSTEMPATH\CodeIgniter.php(499): CodeIgniter\CodeIgniter->runController(Object(App\Controllers\ContactoController))
 3 SYSTEMPATH\CodeIgniter.php(368): CodeIgniter\CodeIgniter->handleRequest(null, Object(Config\Cache), false)
 4 FCPATH\index.php(67): CodeIgniter\CodeIgniter->run()
INFO - 2023-06-13 02:54:40 --> Session: Class initialized using 'CodeIgniter\Session\Handlers\FileHandler' driver.
INFO - 2023-06-13 02:54:58 --> Session: Class initialized using 'CodeIgniter\Session\Handlers\FileHandler' driver.
CRITICAL - 2023-06-13 02:54:58 --> Invalid file: "back/usuario/consultasResueltas_view.php"
in SYSTEMPATH\Exceptions\FrameworkException.php on line 33.
 1 SYSTEMPATH\View\View.php(201): CodeIgniter\Exceptions\FrameworkException::forInvalidFile('back/usuario/consultasResueltas_view.php')
 2 SYSTEMPATH\Common.php(1184): CodeIgniter\View\View->render('back/usuario/consultasResueltas_view', [], true)
 3 APPPATH\Controllers\ContactoController.php(81): view('back/usuario/consultasResueltas_view', [...])
 4 SYSTEMPATH\CodeIgniter.php(934): App\Controllers\ContactoController->Datos_consultasResueltas()
 5 SYSTEMPATH\CodeIgniter.php(499): CodeIgniter\CodeIgniter->runController(Object(App\Controllers\ContactoController))
 6 SYSTEMPATH\CodeIgniter.php(368): CodeIgniter\CodeIgniter->handleRequest(null, Object(Config\Cache), false)
 7 FCPATH\index.php(67): CodeIgniter\CodeIgniter->run()
INFO - 2023-06-13 02:55:13 --> Session: Class initialized using 'CodeIgniter\Session\Handlers\FileHandler' driver.
